19:40:16 [INFO] - Running activation sequence for Fiori tools - Application Modeler
19:40:16 [INFO] - Configurations: 'sap.ux.applicationModeler.showJsonSchemas': false; isTheia(): false; isAppStudio(): true
19:40:16 [INFO] - AppFolders: starting processing setAppFoldersContext()
19:40:16 [INFO] - Register Fiori tools file system for configurations...
19:40:16 [INFO] - ...Fiori tools file system registered in 0.861ms
19:40:16 [INFO] - Register views for configurations...
19:40:16 [INFO] - ...views for configurations registered in 0.984ms
19:40:16 [INFO] - Register commands...
19:40:16 [INFO] - ...commands registered in 3.955ms
19:40:16 [INFO] - Activating sync module...
19:40:16 [INFO] - Virtual file system ftfs initialized in 0.149ms
19:40:16 [INFO] - Searching for projects in these workspace folders: 
[ '/home/user/projects/HC_OFFICE_SUPLLIES' ]
19:40:19 [INFO] - AppFolders:
	projectRoots: 0
	appRoots: 0
	webappRoots: 0
	subWebappRoots: 0
	localServiceRoots: 0
	adaptationAppRoots: 0
	extensionAppRoots: 0
	extensionWebappRoots: 0
	libraryRoots: 0
19:40:19 [INFO] - AppFolders: Function setContext() done in 3314.073ms
19:40:19 [INFO] - SAP UX projects found and added in 3312.699ms
19:40:19 [INFO] - Start watching **/package.json
19:40:19 [INFO] - package.json watched in 0.845ms
19:40:19 [INFO] - Start watching for workspace folder changes
19:40:19 [INFO] - Workspace folders watched in 0.464ms
19:40:19 [INFO] - Configs watched in 0.218ms
19:40:19 [INFO] - ...sync module activated in 3316.887ms
19:40:19 [INFO] - Register serializers...
19:40:19 [INFO] - ...serializers registered in 0.644ms
19:40:19 [INFO] - Activating launch config integration
19:40:19 [INFO] - Handler for Fiori launch configuration registered
19:40:19 [INFO] - ...launch config integration activated in 1.350ms
19:40:19 [INFO] - Activating migration module...
19:40:19 [INFO] - SAP Fiori tools - Application Modeler
'Migration start watching for workspace folder changes'
19:40:19 [INFO] - Workspace folders watched in 0.548ms
19:40:19 [INFO] - SAP Fiori tools - Application Modeler
'Migration start watching **/package.json'
19:40:19 [INFO] - package.json watched in 0.595ms
19:40:19 [INFO] - SAP Fiori tools - Application Modeler
'Migration start watching **/pom.xml'
19:40:19 [INFO] - pom.xml watched in 0.462ms
19:40:19 [INFO] - SAP Fiori tools - Application Modeler
'Migration start watching **/neo-app.json'
19:40:19 [INFO] - neo-app.json watched in 0.507ms
19:40:19 [INFO] - SAP Fiori tools - Application Modeler
'Migration start watching **/manifest.json'
19:40:19 [INFO] - manifest.json watched in 0.779ms
19:40:22 [INFO] - ...migration module activated in 2631.356ms
19:40:22 [INFO] - activation sequence for Fiori tools - Application Modeler done in 6026.450ms
