2023-07-06 18:34:11.030 [error] Error: EEXIST: file already exists, open '/home/user/.vscode/data/User/workspaceStorage/bcad1d/vscode.lock'
2023-07-06 18:34:12.453 [error] No bundle location found for extension SAPOSS.vscode-dependencies-validation
2023-07-06 18:34:12.453 [error] No bundle location found for extension SAPOSS.vscode-deps-upgrade-tool
2023-07-06 18:34:12.453 [error] No bundle location found for extension SAPSE.vscode-node-version-check
2023-07-06 18:34:12.453 [error] No bundle location found for extension SAPSE.vscode-tasks-explorer-tasks-panel
2023-07-06 18:34:12.453 [error] No bundle location found for extension SAPOSS.vscode-ui5-language-assistant
2023-07-06 18:34:12.453 [error] No bundle location found for extension SAP.vscode-wing-run-config
2023-07-06 18:34:13.325 [error] No bundle location found for extension SAPSE.vscode-cds
2023-07-06 18:34:13.325 [error] No bundle location found for extension SAPSE.vscode-wing-cds-editor-bas
2023-07-06 18:34:13.325 [error] No bundle location found for extension SAPSE.vscode-wing-expose-router-ports
2023-07-06 18:34:13.325 [error] No bundle location found for extension SAP.vscode-wing-gerrit
2023-07-06 18:34:13.326 [error] No bundle location found for extension SAPSE.vscode-wing-java-run
2023-07-06 18:34:14.226 [error] No bundle location found for extension SAPOSS.app-studio-toolkit
2023-07-06 18:34:14.226 [error] No bundle location found for extension SAP.vscode-watt-framework-extension
2023-07-06 18:34:14.227 [error] No bundle location found for extension SAPOSS.app-studio-toolkit-themes
2023-07-06 18:34:14.227 [error] No bundle location found for extension SAPOSS.code-snippet
2023-07-06 18:34:14.227 [error] No bundle location found for extension eamodio.gitlens
2023-07-06 18:34:14.888 [error] No bundle location found for extension vscode.git-base
2023-07-06 18:34:14.900 [error] No bundle location found for extension donjayamanne.githistory
2023-07-06 18:34:14.993 [error] No bundle location found for extension SAP.vscode-wing-cf-tools
2023-07-06 18:34:14.993 [error] No bundle location found for extension SAPSE.fs-usage-popup-vscode-extensions
2023-07-06 18:34:14.993 [error] No bundle location found for extension SAPSE.sap-ux-help-extension
2023-07-06 18:34:14.993 [error] No bundle location found for extension SAPSE.sap-ux-application-modeler-extension
2023-07-06 18:34:14.993 [error] No bundle location found for extension SAPSE.sap-ux-service-modeler-extension
2023-07-06 18:34:19.198 [error] No bundle location found for extension SAP.vscode-bas-extension
2023-07-06 18:34:19.526 [error] No bundle location found for extension vscode.npm
2023-07-06 18:34:19.526 [error] No bundle location found for extension mtxr.sqltools
2023-07-06 18:34:19.763 [error] No bundle location found for extension SAPOS.yeoman-ui
2023-07-06 18:34:19.763 [error] No bundle location found for extension SAPOSS.guided-development
2023-07-06 18:34:20.749 [error] No bundle location found for extension SAPSE.lcap-task-contrib
2023-07-06 18:34:20.787 [error] No bundle location found for extension SAPSE.vscode-wing-storyboard
2023-07-06 18:34:20.943 [error] No bundle location found for extension SAPSE.vscode-wing-cap-guided-development
2023-07-06 18:34:21.584 [error] No bundle location found for extension SAPSE.webide-hdi-base-feature-vscode
2023-07-06 18:34:21.602 [error] No bundle location found for extension SAP.vscode-wing-welcome-screen
2023-07-06 18:34:21.602 [error] No bundle location found for extension SAP.mta-editor-vscode
2023-07-06 18:34:21.763 [error] No bundle location found for extension SAP.vscode-bas-extensibility
2023-07-06 18:34:21.763 [error] No bundle location found for extension SAPSE.webide-hdi-feature-vscode
2023-07-06 18:34:21.763 [error] No bundle location found for extension sap.workflow-editor-vscode
2023-07-06 18:34:21.907 [error] No bundle location found for extension sap.process-template-editor-vscode
2023-07-06 18:34:21.995 [error] No bundle location found for extension SAP.hana-runtime-tools
2023-07-06 18:34:22.006 [error] No bundle location found for extension SAP.sap-bas-vscode-w5g
2023-07-06 18:34:22.010 [error] No bundle location found for extension vscode.git
2023-07-06 18:34:22.546 [error] No bundle location found for extension SAPSE.hana-project-explorer
2023-07-06 18:34:22.546 [error] No bundle location found for extension mtxr.sqltools-driver-sqlite
2023-07-06 18:34:23.059 [error] No bundle location found for extension SAPSE.cicd-extension
2023-07-06 18:34:23.151 [error] No bundle location found for extension SAP.adp-ve-bas-ext
2023-07-06 18:34:23.670 [error] No bundle location found for extension SAPSE.vscode-mta-tools
2023-07-06 18:34:23.888 [error] No bundle location found for extension sap.workflow-form-editor-vscode
2023-07-06 18:34:23.921 [error] No bundle location found for extension SAP.hana-eim-sdi
2023-07-06 18:34:24.034 [error] No bundle location found for extension vscode.debug-auto-launch
2023-07-06 18:34:24.037 [error] No bundle location found for extension SAPSE.hana-database-explorer
2023-07-06 18:34:24.037 [error] No bundle location found for extension vscode.merge-conflict
2023-07-06 18:34:24.754 [error] No bundle location found for extension SAPSE.vscode-wing-cap-run
2023-07-06 18:34:24.967 [error] No bundle location found for extension vscode.emmet
2023-07-06 18:42:42.762 [error] No bundle location found for extension vscode.configuration-editing
2023-07-06 18:42:42.762 [error] No bundle location found for extension vscode.extension-editing
2023-07-06 18:42:42.794 [error] No bundle location found for extension vscode.json-language-features
2023-07-06 18:44:38.131 [error] No bundle location found for extension SAPSE.hana-sqlscript-lsp
2023-07-06 18:44:38.131 [error] No bundle location found for extension vscode.typescript-language-features
2023-07-06 20:00:59.879 [error] Error: ENOENT: no such file or directory, stat '/home/user/projects/HC_OFFICE_SUPLLIES/db.sqlite-journal'
2023-07-06 20:01:00.022 [error] Error: ENOENT: no such file or directory, stat '/home/user/projects/HC_OFFICE_SUPLLIES/db.sqlite-journal'
2023-07-06 20:01:08.796 [error] Error: ENOENT: no such file or directory, stat '/home/user/projects/HC_OFFICE_SUPLLIES/gen'
2023-07-06 20:02:59.840 [error] Error: ENOENT: no such file or directory, stat '/home/user/projects/HC_OFFICE_SUPLLIES/gen'
2023-07-06 20:03:25.853 [error] Error: ENOENT: no such file or directory, stat '/home/user/projects/HC_OFFICE_SUPLLIES/gen'
2023-07-06 20:04:08.336 [error] Error: ENOENT: no such file or directory, stat '/home/user/projects/HC_OFFICE_SUPLLIES/gen'
2023-07-06 20:05:30.587 [error] Error: ENOENT: no such file or directory, stat '/home/user/projects/HC_OFFICE_SUPLLIES/gen'
2023-07-06 20:06:33.384 [error] Error: ENOENT: no such file or directory, stat '/home/user/projects/HC_OFFICE_SUPLLIES/gen'
2023-07-06 20:09:52.941 [error] No bundle location found for extension vscode.markdown-language-features
2023-07-06 20:10:38.045 [error] Error: ENOENT: no such file or directory, stat '/home/user/projects/HC_OFFICE_SUPLLIES/gen'
2023-07-06 20:10:46.121 [error] Error: ENOENT: no such file or directory, stat '/home/user/projects/HC_OFFICE_SUPLLIES/gen'
2023-07-06 20:13:17.530 [error] Error: ENOENT: no such file or directory, stat '/home/user/projects/HC_OFFICE_SUPLLIES/gen'
2023-07-06 20:13:21.583 [error] Error: ENOENT: no such file or directory, stat '/home/user/projects/HC_OFFICE_SUPLLIES/gen'
2023-07-06 20:14:44.303 [error] Error: ENOENT: no such file or directory, stat '/home/user/projects/HC_OFFICE_SUPLLIES/db/src/data/sap.common.Currencies_texts.csv Note Note'
2023-07-06 20:15:03.265 [error] Error: ENOENT: no such file or directory, stat '/home/user/projects/HC_OFFICE_SUPLLIES/gen'
2023-07-06 20:15:06.822 [error] Error: ENOENT: no such file or directory, stat '/home/user/projects/HC_OFFICE_SUPLLIES/gen'
2023-07-06 20:24:05.176 [error] Error: ENOENT: no such file or directory, stat '/home/user/projects/HC_OFFICE_SUPLLIES/db/src/get_supplier_info.hdbprocedure'
2023-07-06 20:24:23.398 [error] Error: ENOENT: no such file or directory, stat '/home/user/projects/HC_OFFICE_SUPLLIES/gen'
2023-07-06 20:24:30.262 [error] Error: ENOENT: no such file or directory, stat '/home/user/projects/HC_OFFICE_SUPLLIES/gen'
2023-07-06 20:44:53.321 [error] Error: ENOENT: no such file or directory, stat '/home/user/projects/HC_OFFICE_SUPLLIES/gen'
2023-07-06 20:44:59.529 [error] Error: ENOENT: no such file or directory, stat '/home/user/projects/HC_OFFICE_SUPLLIES/gen'
2023-07-06 20:46:45.218 [error] Error: ENOENT: no such file or directory, stat '/home/user/projects/HC_OFFICE_SUPLLIES/gen'
