20:11:00 [INFO] - Running activation sequence for Fiori tools - Application Modeler
20:11:00 [INFO] - Configurations: 'sap.ux.applicationModeler.showJsonSchemas': false; isTheia(): false; isAppStudio(): true
20:11:00 [INFO] - AppFolders: setAppFoldersContext() is processing, leaving
20:11:00 [INFO] - Register Fiori tools file system for configurations...
20:11:00 [INFO] - ...Fiori tools file system registered in 0.834ms
20:11:00 [INFO] - Register views for configurations...
20:11:00 [INFO] - ...views for configurations registered in 0.829ms
20:11:00 [INFO] - Register commands...
20:11:00 [INFO] - ...commands registered in 4.953ms
20:11:00 [INFO] - Register serializers...
20:11:00 [INFO] - ...serializers registered in 0.454ms
20:11:00 [INFO] - Activating sync module...
20:11:00 [INFO] - Virtual file system ftfs initialized in 0.133ms
20:11:00 [INFO] - Searching for projects in these workspace folders: 
[ '/home/user/projects/HC_OFFICE_SUPLLIES' ]
20:11:00 [INFO] - SAP UX projects found and added in 233.586ms
20:11:00 [INFO] - Start watching **/package.json
20:11:00 [INFO] - package.json watched in 0.997ms
20:11:00 [INFO] - Start watching for workspace folder changes
20:11:00 [INFO] - Workspace folders watched in 0.677ms
20:11:00 [INFO] - Configs watched in 0.174ms
20:11:00 [INFO] - ...sync module activated in 238.180ms
20:11:00 [INFO] - Activating launch config integration
20:11:00 [INFO] - Handler for Fiori launch configuration registered
20:11:00 [INFO] - ...launch config integration activated in 1.263ms
20:11:00 [INFO] - Activating migration module...
20:11:00 [INFO] - SAP Fiori tools - Application Modeler
'Migration start watching for workspace folder changes'
20:11:00 [INFO] - Workspace folders watched in 0.697ms
20:11:00 [INFO] - SAP Fiori tools - Application Modeler
'Migration start watching **/package.json'
20:11:00 [INFO] - package.json watched in 0.686ms
20:11:00 [INFO] - SAP Fiori tools - Application Modeler
'Migration start watching **/pom.xml'
20:11:00 [INFO] - pom.xml watched in 0.781ms
20:11:00 [INFO] - SAP Fiori tools - Application Modeler
'Migration start watching **/neo-app.json'
20:11:00 [INFO] - neo-app.json watched in 0.601ms
20:11:00 [INFO] - SAP Fiori tools - Application Modeler
'Migration start watching **/manifest.json'
20:11:00 [INFO] - manifest.json watched in 0.598ms
20:11:06 [INFO] - ...migration module activated in 5622.151ms
20:11:06 [INFO] - activation sequence for Fiori tools - Application Modeler done in 6091.789ms
