[1688760662811] INFO  (ext): SQLTools is starting
[1688760662818] INFO  (ext): initializing language client...
[1688760662871] INFO  (ext): Registering client for languages [{"scheme":"sqltools"},{"language":"sql","scheme":"untitled"},{"language":"sql","scheme":"file"},{"language":"sql","scheme":"sqltools"}]
    ns: "lc"
[1688760662883] INFO  (ext): loading plugins...
[1688760662884] INFO  (ext): registering Formatter Plugin.
    plugin: {
      "name": "Formatter Plugin"
    }
[1688760662884] INFO  (ext): registering Connection Manager Plugin.
    plugin: {
      "name": "Connection Manager Plugin"
    }
[1688760662885] INFO  (ext): registering CodeLens Plugin.
    plugin: {
      "name": "CodeLens Plugin",
      "registeredLanguages": []
    }
[1688760662887] INFO  (ext): registering Dependency Manager Plugin.
    plugin: {
      "name": "Dependency Manager Plugin",
      "installingDrivers": []
    }
[1688760662890] INFO  (ext): Connection explorer changed. Will be updated.
    ns: "conn-man:explorer"
[1688760662891] INFO  (ext): registering History Manager Plugin.
    plugin: {
      "name": "History Manager Plugin"
    }
[1688760662892] INFO  (ext): registering Bookmarks Manager Plugin.
    plugin: {
      "name": "Bookmarks Manager Plugin"
    }
[1688760662894] INFO  (ext): SQLTools activation completed. 81.97791 ms
[1688760662894] INFO  (ext): Formatter Plugin registered!
[1688760662894] INFO  (ext): CodeLens Plugin registered!
[1688760662894] INFO  (ext): Dependency Manager Plugin registered!
[1688760662895] INFO  (ext): Connection Manager Plugin registered!
[1688760662895] INFO  (ext): History Manager Plugin registered!
[1688760662895] INFO  (ext): Bookmarks Manager Plugin registered!
[1688760663192] INFO  (ls): SQLTools Server started!
===============================
Using node runtime?: yes
ExecPath: /opt/nodejs/node-v16.19.1-linux-x64/bin/node v16.19.1
===============================
[1688760663197] INFO  (ls): User defined env vars
===============================
{"PATH":"/usr/local/sbin:/usr/local/bin:/usr/sbin:/usr/bin:/sbin:/bin:/home/user/.node_modules_global/bin"}
===============================:
[1688760663882] INFO  (ext): LanguageClient ready
    ns: "lc"
[1688760663880] INFO  (ls): Initialized with node version:v16.19.1
[1688760663903] INFO  (ext): EXECUTING COMMAND => sqltools.refreshTree
[1688760663904] INFO  (ext): Connection explorer changed. Will be updated.
    ns: "conn-man:explorer"
[1688760665205] INFO  (ext): Connection explorer changed. Will be updated.
    ns: "conn-man:explorer"
[1688760666754] INFO  (ext): registering SQLite Plugin (driver).
    plugin: {
      "extensionId": "mtxr.sqltools-driver-sqlite",
      "name": "SQLite Plugin",
      "type": "driver"
    }
[1688760666756] INFO  (ls): REQUEST RECEIVED => ls/RegisterPlugin
[1688760666756] INFO  (ls): request to register plugin: "/extbin/local/openvscode-server/extensions/sqltools-driver-sqlite-0.4.0/out/ls/plugin.js"
[1688760666860] INFO  (ls): Driver sqlite registered!
    place: "driver-map"
    ns: "ls-context"
[1688760666866] INFO  (ext): SQLite Plugin (driver) registered!
[1688760667909] INFO  (ext): EXECUTING COMMAND => sqltools.refreshTree
[1688760667909] INFO  (ext): Connection explorer changed. Will be updated.
    ns: "conn-man:explorer"
[1688761242530] INFO  (ext): Connection explorer changed. Will be updated.
    ns: "conn-man:explorer"
[1688761290641] INFO  (ext): Connection explorer changed. Will be updated.
    ns: "conn-man:explorer"
[1688761291859] INFO  (ext): Connection explorer changed. Will be updated.
    ns: "conn-man:explorer"
[1688761292770] INFO  (ext): Connection explorer changed. Will be updated.
    ns: "conn-man:explorer"
[1688761293654] INFO  (ext): Connection explorer changed. Will be updated.
    ns: "conn-man:explorer"
[1688761294423] INFO  (ext): Connection explorer changed. Will be updated.
    ns: "conn-man:explorer"
[1688761453051] INFO  (ext): Connection explorer changed. Will be updated.
    ns: "conn-man:explorer"
[1688761692413] INFO  (ext): Connection explorer changed. Will be updated.
    ns: "conn-man:explorer"
[1688761907264] INFO  (ext): Connection explorer changed. Will be updated.
    ns: "conn-man:explorer"
[1688762021727] INFO  (ext): Connection explorer changed. Will be updated.
    ns: "conn-man:explorer"
[1688762024550] INFO  (ext): Connection explorer changed. Will be updated.
    ns: "conn-man:explorer"
[1688762025079] INFO  (ext): Connection explorer changed. Will be updated.
    ns: "conn-man:explorer"
[1688762025525] INFO  (ext): Connection explorer changed. Will be updated.
    ns: "conn-man:explorer"
[1688762025528] INFO  (ext): Connection explorer changed. Will be updated.
    ns: "conn-man:explorer"
[1688762025546] INFO  (ext): Connection explorer changed. Will be updated.
    ns: "conn-man:explorer"
[1688762025547] INFO  (ext): Connection explorer changed. Will be updated.
    ns: "conn-man:explorer"
[1688762025547] INFO  (ext): Connection explorer changed. Will be updated.
    ns: "conn-man:explorer"
[1688762025548] INFO  (ext): Connection explorer changed. Will be updated.
    ns: "conn-man:explorer"
[1688762026297] INFO  (ext): Connection explorer changed. Will be updated.
    ns: "conn-man:explorer"
[1688762204688] INFO  (ext): Connection explorer changed. Will be updated.
    ns: "conn-man:explorer"
[1688762205303] INFO  (ext): Connection explorer changed. Will be updated.
    ns: "conn-man:explorer"
[1688762205821] INFO  (ext): Connection explorer changed. Will be updated.
    ns: "conn-man:explorer"
[1688762206029] INFO  (ext): Connection explorer changed. Will be updated.
    ns: "conn-man:explorer"
[1688762206029] INFO  (ext): Connection explorer changed. Will be updated.
    ns: "conn-man:explorer"
[1688762206054] INFO  (ext): Connection explorer changed. Will be updated.
    ns: "conn-man:explorer"
[1688762206055] INFO  (ext): Connection explorer changed. Will be updated.
    ns: "conn-man:explorer"
[1688762206411] INFO  (ext): Connection explorer changed. Will be updated.
    ns: "conn-man:explorer"
[1688762207340] INFO  (ext): Connection explorer changed. Will be updated.
    ns: "conn-man:explorer"
[1688762222371] INFO  (ext): Connection explorer changed. Will be updated.
    ns: "conn-man:explorer"
[1688762670376] INFO  (ext): Connection explorer changed. Will be updated.
    ns: "conn-man:explorer"
[1688762672062] INFO  (ext): Connection explorer changed. Will be updated.
    ns: "conn-man:explorer"
[1688762680855] INFO  (ext): Connection explorer changed. Will be updated.
    ns: "conn-man:explorer"
[1688762683797] INFO  (ext): Connection explorer changed. Will be updated.
    ns: "conn-man:explorer"
[1688762750144] INFO  (ext): Connection explorer changed. Will be updated.
    ns: "conn-man:explorer"
