19:06:45 [INFO] - Running activation sequence for Fiori tools - Application Modeler
19:06:45 [INFO] - Configurations: 'sap.ux.applicationModeler.showJsonSchemas': false; isTheia(): false; isAppStudio(): true
19:06:45 [INFO] - AppFolders: starting processing setAppFoldersContext()
19:06:45 [INFO] - Register Fiori tools file system for configurations...
19:06:45 [INFO] - ...Fiori tools file system registered in 0.757ms
19:06:45 [INFO] - Register views for configurations...
19:06:45 [INFO] - ...views for configurations registered in 0.769ms
19:06:45 [INFO] - Register commands...
19:06:45 [INFO] - ...commands registered in 4.191ms
19:06:45 [INFO] - Register serializers...
19:06:45 [INFO] - ...serializers registered in 0.352ms
19:06:45 [INFO] - Activating sync module...
19:06:45 [INFO] - Virtual file system ftfs initialized in 0.143ms
19:06:45 [INFO] - Searching for projects in these workspace folders: 
[ '/home/user/projects/HC_OFFICE_SUPLLIES' ]
19:06:46 [INFO] - AppFolders:
	projectRoots: 0
	appRoots: 0
	webappRoots: 0
	subWebappRoots: 0
	localServiceRoots: 0
	adaptationAppRoots: 0
	extensionAppRoots: 0
	extensionWebappRoots: 0
	libraryRoots: 0
19:06:46 [INFO] - AppFolders: Function setContext() done in 220.784ms
19:06:48 [INFO] - SAP UX projects found and added in 2380.919ms
19:06:48 [INFO] - Start watching **/package.json
19:06:48 [INFO] - package.json watched in 0.655ms
19:06:48 [INFO] - Start watching for workspace folder changes
19:06:48 [INFO] - Workspace folders watched in 0.435ms
19:06:48 [INFO] - Configs watched in 0.157ms
19:06:48 [INFO] - ...sync module activated in 2384.734ms
19:06:48 [INFO] - Activating launch config integration
19:06:48 [INFO] - ...launch config integration activated in 0.395ms
19:06:48 [INFO] - Activating migration module...
19:06:48 [INFO] - SAP Fiori tools - Application Modeler
'Migration start watching for workspace folder changes'
19:06:48 [INFO] - Workspace folders watched in 0.456ms
19:06:48 [INFO] - SAP Fiori tools - Application Modeler
'Migration start watching **/package.json'
19:06:48 [INFO] - package.json watched in 0.685ms
19:06:48 [INFO] - SAP Fiori tools - Application Modeler
'Migration start watching **/pom.xml'
19:06:48 [INFO] - pom.xml watched in 0.624ms
19:06:48 [INFO] - SAP Fiori tools - Application Modeler
'Migration start watching **/neo-app.json'
19:06:48 [INFO] - neo-app.json watched in 0.737ms
19:06:48 [INFO] - SAP Fiori tools - Application Modeler
'Migration start watching **/manifest.json'
19:06:48 [INFO] - manifest.json watched in 0.747ms
19:06:49 [INFO] - Handler for Fiori launch configuration registered
19:06:52 [INFO] - ...migration module activated in 4263.495ms
19:06:52 [INFO] - activation sequence for Fiori tools - Application Modeler done in 6749.297ms
