[1688584005798] INFO  (ext): SQLTools is starting
[1688584005806] INFO  (ext): initializing language client...
[1688584005809] INFO  (ext): Registering client for languages [{"scheme":"sqltools"},{"language":"sql","scheme":"untitled"},{"language":"sql","scheme":"file"},{"language":"sql","scheme":"sqltools"}]
    ns: "lc"
[1688584005815] INFO  (ext): loading plugins...
[1688584005815] INFO  (ext): registering Formatter Plugin.
    plugin: {
      "name": "Formatter Plugin"
    }
[1688584005815] INFO  (ext): registering Connection Manager Plugin.
    plugin: {
      "name": "Connection Manager Plugin"
    }
[1688584005816] INFO  (ext): registering CodeLens Plugin.
    plugin: {
      "name": "CodeLens Plugin",
      "registeredLanguages": []
    }
[1688584005817] INFO  (ext): registering Dependency Manager Plugin.
    plugin: {
      "name": "Dependency Manager Plugin",
      "installingDrivers": []
    }
[1688584005820] INFO  (ext): Connection explorer changed. Will be updated.
    ns: "conn-man:explorer"
[1688584005820] INFO  (ext): registering History Manager Plugin.
    plugin: {
      "name": "History Manager Plugin"
    }
[1688584005821] INFO  (ext): registering Bookmarks Manager Plugin.
    plugin: {
      "name": "Bookmarks Manager Plugin"
    }
[1688584005822] INFO  (ext): SQLTools activation completed. 24.235125 ms
[1688584005823] INFO  (ext): Formatter Plugin registered!
[1688584005823] INFO  (ext): CodeLens Plugin registered!
[1688584005823] INFO  (ext): Dependency Manager Plugin registered!
[1688584005823] INFO  (ext): Connection Manager Plugin registered!
[1688584005823] INFO  (ext): History Manager Plugin registered!
[1688584005823] INFO  (ext): Bookmarks Manager Plugin registered!
[1688584007831] INFO  (ext): EXECUTING COMMAND => sqltools.refreshTree
[1688584007832] INFO  (ext): Connection explorer changed. Will be updated.
    ns: "conn-man:explorer"
[1688584007853] INFO  (ext): Connection explorer changed. Will be updated.
    ns: "conn-man:explorer"
[1688584006102] INFO  (ls): SQLTools Server started!
===============================
Using node runtime?: yes
ExecPath: /opt/nodejs/node-v16.19.1-linux-x64/bin/node v16.19.1
===============================
[1688584006109] INFO  (ls): User defined env vars
===============================
{"PATH":"/usr/local/sbin:/usr/local/bin:/usr/sbin:/usr/bin:/sbin:/bin:/home/user/.node_modules_global/bin"}
===============================:
[1688584007865] INFO  (ext): LanguageClient ready
    ns: "lc"
[1688584007859] INFO  (ls): Initialized with node version:v16.19.1
[1688584011873] INFO  (ext): registering SQLite Plugin (driver).
    plugin: {
      "extensionId": "mtxr.sqltools-driver-sqlite",
      "name": "SQLite Plugin",
      "type": "driver"
    }
[1688584011875] INFO  (ls): REQUEST RECEIVED => ls/RegisterPlugin
[1688584011875] INFO  (ls): request to register plugin: "/extbin/local/openvscode-server/extensions/sqltools-driver-sqlite-0.4.0/out/ls/plugin.js"
[1688584011912] INFO  (ls): Driver sqlite registered!
    place: "driver-map"
    ns: "ls-context"
[1688584011951] INFO  (ext): SQLite Plugin (driver) registered!
[1688584013056] INFO  (ext): EXECUTING COMMAND => sqltools.refreshTree
[1688584013056] INFO  (ext): Connection explorer changed. Will be updated.
    ns: "conn-man:explorer"
[1688584014979] INFO  (ext): Connection explorer changed. Will be updated.
    ns: "conn-man:explorer"
[1688584135819] INFO  (ext): Connection explorer changed. Will be updated.
    ns: "conn-man:explorer"
