[1689623360261] INFO  (ext): SQLTools is starting
[1689623360264] INFO  (ext): initializing language client...
[1689623360342] INFO  (ext): Registering client for languages [{"scheme":"sqltools"},{"language":"sql","scheme":"untitled"},{"language":"sql","scheme":"file"},{"language":"sql","scheme":"sqltools"}]
    ns: "lc"
[1689623360347] INFO  (ext): loading plugins...
[1689623360347] INFO  (ext): registering Formatter Plugin.
    plugin: {
      "name": "Formatter Plugin"
    }
[1689623360347] INFO  (ext): registering Connection Manager Plugin.
    plugin: {
      "name": "Connection Manager Plugin"
    }
[1689623360347] INFO  (ext): registering CodeLens Plugin.
    plugin: {
      "name": "CodeLens Plugin",
      "registeredLanguages": []
    }
[1689623360349] INFO  (ext): registering Dependency Manager Plugin.
    plugin: {
      "name": "Dependency Manager Plugin",
      "installingDrivers": []
    }
[1689623360350] INFO  (ext): Connection explorer changed. Will be updated.
    ns: "conn-man:explorer"
[1689623360350] INFO  (ext): registering History Manager Plugin.
    plugin: {
      "name": "History Manager Plugin"
    }
[1689623360351] INFO  (ext): registering Bookmarks Manager Plugin.
    plugin: {
      "name": "Bookmarks Manager Plugin"
    }
[1689623360352] INFO  (ext): SQLTools activation completed. 90.492014 ms
[1689623360379] INFO  (ext): Formatter Plugin registered!
[1689623360379] INFO  (ext): CodeLens Plugin registered!
[1689623360379] INFO  (ext): Dependency Manager Plugin registered!
[1689623360379] INFO  (ext): Connection Manager Plugin registered!
[1689623360379] INFO  (ext): History Manager Plugin registered!
[1689623360379] INFO  (ext): Bookmarks Manager Plugin registered!
[1689623360583] INFO  (ls): SQLTools Server started!
===============================
Using node runtime?: yes
ExecPath: /opt/nodejs/node-v16.19.1-linux-x64/bin/node v16.19.1
===============================
[1689623360588] INFO  (ls): User defined env vars
===============================
{"PATH":"/usr/local/sbin:/usr/local/bin:/usr/sbin:/usr/bin:/sbin:/bin:/home/user/.node_modules_global/bin"}
===============================:
[1689623360637] INFO  (ext): LanguageClient ready
    ns: "lc"
[1689623360635] INFO  (ls): Initialized with node version:v16.19.1
[1689623361447] INFO  (ext): EXECUTING COMMAND => sqltools.refreshTree
[1689623361448] INFO  (ext): Connection explorer changed. Will be updated.
    ns: "conn-man:explorer"
[1689623362507] INFO  (ext): Connection explorer changed. Will be updated.
    ns: "conn-man:explorer"
[1689623363092] INFO  (ext): registering SQLite Plugin (driver).
    plugin: {
      "extensionId": "mtxr.sqltools-driver-sqlite",
      "name": "SQLite Plugin",
      "type": "driver"
    }
[1689623363093] INFO  (ls): REQUEST RECEIVED => ls/RegisterPlugin
[1689623363093] INFO  (ls): request to register plugin: "/extbin/local/openvscode-server/extensions/sqltools-driver-sqlite-0.4.0/out/ls/plugin.js"
[1689623363128] INFO  (ls): Driver sqlite registered!
    place: "driver-map"
    ns: "ls-context"
[1689623363173] INFO  (ext): SQLite Plugin (driver) registered!
[1689623364413] INFO  (ext): EXECUTING COMMAND => sqltools.refreshTree
[1689623364414] INFO  (ext): Connection explorer changed. Will be updated.
    ns: "conn-man:explorer"
[1689623425355] INFO  (ext): Connection explorer changed. Will be updated.
    ns: "conn-man:explorer"
[1689623507738] INFO  (ext): Connection explorer changed. Will be updated.
    ns: "conn-man:explorer"
[1689623513553] INFO  (ext): Connection explorer changed. Will be updated.
    ns: "conn-man:explorer"
[1689623513554] INFO  (ext): Connection explorer changed. Will be updated.
    ns: "conn-man:explorer"
[1689623517401] INFO  (ext): Connection explorer changed. Will be updated.
    ns: "conn-man:explorer"
[1689623520243] INFO  (ext): Connection explorer changed. Will be updated.
    ns: "conn-man:explorer"
[1689623526361] INFO  (ext): Connection explorer changed. Will be updated.
    ns: "conn-man:explorer"
[1689623528313] INFO  (ext): Connection explorer changed. Will be updated.
    ns: "conn-man:explorer"
[1689623817847] INFO  (ext): Connection explorer changed. Will be updated.
    ns: "conn-man:explorer"
[1689623843430] INFO  (ext): Connection explorer changed. Will be updated.
    ns: "conn-man:explorer"
[1689623867994] INFO  (ext): Connection explorer changed. Will be updated.
    ns: "conn-man:explorer"
[1689623971405] INFO  (ext): Connection explorer changed. Will be updated.
    ns: "conn-man:explorer"
[1689624031749] INFO  (ext): Connection explorer changed. Will be updated.
    ns: "conn-man:explorer"
[1689624088007] INFO  (ext): Connection explorer changed. Will be updated.
    ns: "conn-man:explorer"
[1689624132962] INFO  (ext): Connection explorer changed. Will be updated.
    ns: "conn-man:explorer"
[1689624158391] INFO  (ext): Connection explorer changed. Will be updated.
    ns: "conn-man:explorer"
[1689624211657] INFO  (ext): Connection explorer changed. Will be updated.
    ns: "conn-man:explorer"
[1689624300692] INFO  (ext): Connection explorer changed. Will be updated.
    ns: "conn-man:explorer"
[1689624786859] INFO  (ext): Connection explorer changed. Will be updated.
    ns: "conn-man:explorer"
