19:49:18 [INFO] - AppFolders: starting processing setAppFoldersContext()
19:49:20 [INFO] - AppFolders:
	projectRoots: 0
	appRoots: 0
	webappRoots: 0
	subWebappRoots: 0
	localServiceRoots: 0
	adaptationAppRoots: 0
	extensionAppRoots: 0
	extensionWebappRoots: 0
	libraryRoots: 0
19:49:20 [INFO] - AppFolders: Function setContext() done in 2204.203ms
20:02:47 [ERROR] - AppFolders: Error when handling file system event for 'file:///home/user/projects/HC_OFFICE_SUPLLIES/srv'
20:02:53 [INFO] - AppFolders: Directory 'file:///home/user/projects/HC_OFFICE_SUPLLIES/srv' changed, updating app folders in context. 
20:02:53 [INFO] - AppFolders:
	projectRoots: 0
	appRoots: 0
	webappRoots: 0
	subWebappRoots: 0
	localServiceRoots: 0
	adaptationAppRoots: 0
	extensionAppRoots: 0
	extensionWebappRoots: 0
	libraryRoots: 0
20:02:53 [INFO] - AppFolders: Function setContext() done in 8.250ms
20:03:05 [ERROR] - AppFolders: Error when handling file system event for 'file:///home/user/projects/HC_OFFICE_SUPLLIES/db/src/cat-services.cds'
