19:49:18 [INFO] - Running activation sequence for Fiori tools - Application Modeler
19:49:18 [INFO] - Configurations: 'sap.ux.applicationModeler.showJsonSchemas': false; isTheia(): false; isAppStudio(): true
19:49:18 [INFO] - AppFolders: setAppFoldersContext() is processing, leaving
19:49:18 [INFO] - Register Fiori tools file system for configurations...
19:49:18 [INFO] - ...Fiori tools file system registered in 0.596ms
19:49:18 [INFO] - Register views for configurations...
19:49:18 [INFO] - ...views for configurations registered in 0.690ms
19:49:18 [INFO] - Register commands...
19:49:18 [INFO] - ...commands registered in 3.616ms
19:49:18 [INFO] - Activating sync module...
19:49:18 [INFO] - Virtual file system ftfs initialized in 0.196ms
19:49:18 [INFO] - Searching for projects in these workspace folders: 
[ '/home/user/projects/HC_OFFICE_SUPLLIES' ]
19:49:20 [INFO] - SAP UX projects found and added in 2202.662ms
19:49:20 [INFO] - Start watching **/package.json
19:49:20 [INFO] - package.json watched in 0.892ms
19:49:20 [INFO] - Start watching for workspace folder changes
19:49:20 [INFO] - Workspace folders watched in 0.494ms
19:49:20 [INFO] - Configs watched in 0.241ms
19:49:20 [INFO] - ...sync module activated in 2206.607ms
19:49:20 [INFO] - Register serializers...
19:49:20 [INFO] - ...serializers registered in 0.725ms
19:49:20 [INFO] - Activating launch config integration
19:49:20 [INFO] - Handler for Fiori launch configuration registered
19:49:20 [INFO] - ...launch config integration activated in 1.105ms
19:49:20 [INFO] - Activating migration module...
19:49:20 [INFO] - SAP Fiori tools - Application Modeler
'Migration start watching for workspace folder changes'
19:49:20 [INFO] - Workspace folders watched in 0.604ms
19:49:20 [INFO] - SAP Fiori tools - Application Modeler
'Migration start watching **/package.json'
19:49:20 [INFO] - package.json watched in 0.554ms
19:49:20 [INFO] - SAP Fiori tools - Application Modeler
'Migration start watching **/pom.xml'
19:49:20 [INFO] - pom.xml watched in 0.690ms
19:49:20 [INFO] - SAP Fiori tools - Application Modeler
'Migration start watching **/neo-app.json'
19:49:20 [INFO] - neo-app.json watched in 0.537ms
19:49:20 [INFO] - SAP Fiori tools - Application Modeler
'Migration start watching **/manifest.json'
19:49:20 [INFO] - manifest.json watched in 0.773ms
19:49:22 [INFO] - ...migration module activated in 2138.721ms
19:49:22 [INFO] - activation sequence for Fiori tools - Application Modeler done in 4403.050ms
