2023-07-18 19:26:41.384 [error] No bundle location found for extension SAPSE.vscode-node-version-check
2023-07-18 19:26:41.384 [error] No bundle location found for extension SAPSE.vscode-tasks-explorer-tasks-panel
2023-07-18 19:26:41.384 [error] No bundle location found for extension SAPOSS.vscode-ui5-language-assistant
2023-07-18 19:26:41.384 [error] No bundle location found for extension SAP.vscode-wing-run-config
2023-07-18 19:26:41.384 [error] No bundle location found for extension SAPSE.vscode-cds
2023-07-18 19:26:41.384 [error] No bundle location found for extension SAPSE.vscode-wing-cds-editor-bas
2023-07-18 19:26:41.384 [error] No bundle location found for extension SAPSE.vscode-wing-expose-router-ports
2023-07-18 19:26:41.384 [error] No bundle location found for extension SAP.vscode-wing-gerrit
2023-07-18 19:26:42.271 [error] Error: listen EADDRINUSE: address already in use :::3001
	at Server.setupListenHandle [as _listen2] (node:net:1463:16)
	at listenInCluster (node:net:1511:12)
	at Server.listen (node:net:1599:7)
	at Function.y.listen (/extbin/local/openvscode-server/extensions/vscode-wing-expose-router-ports-2.0.3-release/bundle/extension.js:256:4551)
	at /extbin/local/openvscode-server/extensions/vscode-wing-expose-router-ports-2.0.3-release/bundle/extension.js:169:66794
	at /extbin/local/openvscode-server/extensions/vscode-wing-expose-router-ports-2.0.3-release/bundle/extension.js:169:66923
	at t.activate (/extbin/local/openvscode-server/extensions/vscode-wing-expose-router-ports-2.0.3-release/bundle/extension.js:169:66926)
	at Function.eb (/extbin/local/openvscode-server/out/vs/workbench/api/node/extensionHostProcess.js:112:14705)
	at Function.db (/extbin/local/openvscode-server/out/vs/workbench/api/node/extensionHostProcess.js:112:14409)
	at /extbin/local/openvscode-server/out/vs/workbench/api/node/extensionHostProcess.js:112:12432
	at async v.n (/extbin/local/openvscode-server/out/vs/workbench/api/node/extensionHostProcess.js:96:6644)
	at async v.m (/extbin/local/openvscode-server/out/vs/workbench/api/node/extensionHostProcess.js:96:6607)
	at async v.l (/extbin/local/openvscode-server/out/vs/workbench/api/node/extensionHostProcess.js:96:6064)
2023-07-18 19:26:42.313 [error] No bundle location found for extension SAPSE.vscode-wing-java-run
2023-07-18 19:26:42.765 [error] No bundle location found for extension SAP.vscode-watt-framework-extension
2023-07-18 19:26:42.766 [error] No bundle location found for extension SAPSE.fs-usage-popup-vscode-extensions
2023-07-18 19:26:42.939 [error] Error: listen EADDRINUSE: address already in use :::8888
	at Server.setupListenHandle [as _listen2] (node:net:1463:16)
	at listenInCluster (node:net:1511:12)
	at Server.listen (node:net:1599:7)
	at Function.listen (/extbin/local/openvscode-server/extensions/vscode-watt-framework-extension/dist/extension.js:12271:24)
	at startWattServer (/extbin/local/openvscode-server/extensions/vscode-watt-framework-extension/dist/extension.js:70346:32)
	at activate (/extbin/local/openvscode-server/extensions/vscode-watt-framework-extension/dist/extension.js:76805:53)
	at Function.eb (/extbin/local/openvscode-server/out/vs/workbench/api/node/extensionHostProcess.js:112:14705)
	at Function.db (/extbin/local/openvscode-server/out/vs/workbench/api/node/extensionHostProcess.js:112:14409)
	at /extbin/local/openvscode-server/out/vs/workbench/api/node/extensionHostProcess.js:112:12432
	at async v.n (/extbin/local/openvscode-server/out/vs/workbench/api/node/extensionHostProcess.js:96:6644)
	at async v.m (/extbin/local/openvscode-server/out/vs/workbench/api/node/extensionHostProcess.js:96:6607)
	at async v.l (/extbin/local/openvscode-server/out/vs/workbench/api/node/extensionHostProcess.js:96:6064)
2023-07-18 19:26:42.979 [error] No bundle location found for extension SAPOSS.app-studio-toolkit
2023-07-18 19:26:42.979 [error] No bundle location found for extension SAPOSS.code-snippet
2023-07-18 19:26:42.979 [error] No bundle location found for extension vscode.git-base
2023-07-18 19:26:42.979 [error] No bundle location found for extension donjayamanne.githistory
2023-07-18 19:26:43.326 [error] No bundle location found for extension SAPOSS.app-studio-toolkit-themes
2023-07-18 19:26:43.329 [error] No bundle location found for extension eamodio.gitlens
2023-07-18 19:26:43.372 [error] No bundle location found for extension SAP.vscode-wing-cf-tools
2023-07-18 19:26:43.445 [error] No bundle location found for extension SAP.vscode-bas-extension
2023-07-18 19:26:43.657 [error] No bundle location found for extension mtxr.sqltools
2023-07-18 19:26:43.657 [error] No bundle location found for extension SAPSE.sap-ux-help-extension
2023-07-18 19:26:44.554 [error] No bundle location found for extension SAPSE.sap-ux-application-modeler-extension
2023-07-18 19:26:44.554 [error] No bundle location found for extension SAPOSS.vscode-dependencies-validation
2023-07-18 19:26:44.554 [error] No bundle location found for extension SAPOSS.vscode-deps-upgrade-tool
2023-07-18 19:26:44.555 [error] No bundle location found for extension vscode.npm
2023-07-18 19:26:45.959 [error] No bundle location found for extension sap.process-template-editor-vscode
2023-07-18 19:26:46.005 [error] No bundle location found for extension SAP.sap-bas-vscode-w5g
2023-07-18 19:26:46.005 [error] No bundle location found for extension sap.workflow-editor-vscode
2023-07-18 19:26:46.044 [error] No bundle location found for extension SAP.hana-runtime-tools
2023-07-18 19:26:46.044 [error] No bundle location found for extension SAPSE.webide-hdi-base-feature-vscode
2023-07-18 19:26:46.044 [error] No bundle location found for extension SAP.vscode-bas-extensibility
2023-07-18 19:26:46.055 [error] No bundle location found for extension SAPSE.vscode-bas-fiori-tools
2023-07-18 19:26:46.055 [error] No bundle location found for extension SAPSE.vscode-wing-storyboard
2023-07-18 19:26:46.055 [error] No bundle location found for extension SAPSE.vscode-wing-cap-guided-development
2023-07-18 19:26:46.560 [error] No bundle location found for extension SAPSE.lcap-task-contrib
2023-07-18 19:26:46.585 [error] No bundle location found for extension SAPOS.yeoman-ui
2023-07-18 19:26:47.217 [error] No bundle location found for extension SAPOSS.guided-development
2023-07-18 19:26:47.281 [error] No bundle location found for extension SAP.vscode-wing-welcome-screen
2023-07-18 19:26:47.364 [error] No bundle location found for extension vscode.git
2023-07-18 19:26:47.364 [error] No bundle location found for extension SAPSE.webide-hdi-feature-vscode
2023-07-18 19:26:47.618 [error] No bundle location found for extension SAPSE.hana-project-explorer
2023-07-18 19:26:48.242 [error] No bundle location found for extension mtxr.sqltools-driver-sqlite
2023-07-18 19:26:48.330 [error] No bundle location found for extension sap.workflow-form-editor-vscode
2023-07-18 19:26:48.365 [error] No bundle location found for extension SAP.hana-eim-sdi
2023-07-18 19:26:48.410 [error] No bundle location found for extension SAPSE.vscode-mta-tools
2023-07-18 19:26:48.493 [error] No bundle location found for extension SAP.adp-ve-bas-ext
2023-07-18 19:26:48.698 [error] No bundle location found for extension SAPSE.cicd-extension
2023-07-18 19:26:49.592 [error] No bundle location found for extension SAPSE.vscode-wing-cap-run
2023-07-18 19:26:51.734 [error] No bundle location found for extension vscode.merge-conflict
2023-07-18 19:26:51.887 [error] No bundle location found for extension vscode.debug-auto-launch
2023-07-18 19:26:51.936 [error] No bundle location found for extension SAPSE.hana-database-explorer
2023-07-18 19:27:24.155 [error] No bundle location found for extension vscode.emmet
2023-07-18 19:31:11.628 [error] No bundle location found for extension vscode.typescript-language-features
2023-07-18 19:34:30.563 [error] Canceled: Canceled
	at Object.k [as canceled] (/extbin/local/openvscode-server/out/vs/workbench/api/node/extensionHostProcess.js:7:1192)
	at /extbin/local/openvscode-server/out/vs/workbench/api/node/extensionHostProcess.js:110:8281
	at Array.forEach (<anonymous>)
	at r.dispose (/extbin/local/openvscode-server/out/vs/workbench/api/node/extensionHostProcess.js:110:8246)
	at v.terminate (/extbin/local/openvscode-server/out/vs/workbench/api/node/extensionHostProcess.js:112:9392)
	at d.terminate (/extbin/local/openvscode-server/out/vs/workbench/api/node/extensionHostProcess.js:116:1544)
	at p (/extbin/local/openvscode-server/out/vs/workbench/api/node/extensionHostProcess.js:126:34439)
	at /extbin/local/openvscode-server/out/vs/workbench/api/node/extensionHostProcess.js:126:32349
	at v.invoke (/extbin/local/openvscode-server/out/vs/workbench/api/node/extensionHostProcess.js:63:145)
	at h.deliver (/extbin/local/openvscode-server/out/vs/workbench/api/node/extensionHostProcess.js:63:2121)
	at i.fire (/extbin/local/openvscode-server/out/vs/workbench/api/node/extensionHostProcess.js:63:1729)
	at p.fire (/extbin/local/openvscode-server/out/vs/workbench/api/node/extensionHostProcess.js:72:14852)
	at c.E (/extbin/local/openvscode-server/out/vs/workbench/api/node/extensionHostProcess.js:72:18899)
	at /extbin/local/openvscode-server/out/vs/workbench/api/node/extensionHostProcess.js:72:16887
	at v.invoke (/extbin/local/openvscode-server/out/vs/workbench/api/node/extensionHostProcess.js:63:145)
	at h.deliver (/extbin/local/openvscode-server/out/vs/workbench/api/node/extensionHostProcess.js:63:2121)
	at i.fire (/extbin/local/openvscode-server/out/vs/workbench/api/node/extensionHostProcess.js:63:1729)
	at d.acceptChunk (/extbin/local/openvscode-server/out/vs/workbench/api/node/extensionHostProcess.js:72:12583)
	at /extbin/local/openvscode-server/out/vs/workbench/api/node/extensionHostProcess.js:72:11870
	at v.invoke (/extbin/local/openvscode-server/out/vs/workbench/api/node/extensionHostProcess.js:63:145)
	at h.deliver (/extbin/local/openvscode-server/out/vs/workbench/api/node/extensionHostProcess.js:63:2121)
	at i.fire (/extbin/local/openvscode-server/out/vs/workbench/api/node/extensionHostProcess.js:63:1729)
	at y.u (/extbin/local/openvscode-server/out/vs/workbench/api/node/extensionHostProcess.js:126:20019) setContext undefined
2023-07-18 19:34:30.575 [error] Canceled: Canceled
	at new l (/extbin/local/openvscode-server/out/vs/workbench/api/node/extensionHostProcess.js:98:104563)
	at r.O (/extbin/local/openvscode-server/out/vs/workbench/api/node/extensionHostProcess.js:110:11657)
	at Proxy.H.<computed>.x.charCodeAt.H.<computed> (/extbin/local/openvscode-server/out/vs/workbench/api/node/extensionHostProcess.js:110:8947)
	at e.ExtHostCommands.g (/extbin/local/openvscode-server/out/vs/workbench/api/node/extensionHostProcess.js:98:124729)
	at e.ExtHostCommands.executeCommand (/extbin/local/openvscode-server/out/vs/workbench/api/node/extensionHostProcess.js:98:124105)
	at I.registerCommand.description (/extbin/local/openvscode-server/out/vs/workbench/api/node/extensionHostProcess.js:98:123398)
	at e.ExtHostCommands.h (/extbin/local/openvscode-server/out/vs/workbench/api/node/extensionHostProcess.js:98:125315)
	at e.ExtHostCommands.g (/extbin/local/openvscode-server/out/vs/workbench/api/node/extensionHostProcess.js:98:124205)
	at e.ExtHostCommands.executeCommand (/extbin/local/openvscode-server/out/vs/workbench/api/node/extensionHostProcess.js:98:124105)
	at Object.executeCommand (/extbin/local/openvscode-server/out/vs/workbench/api/node/extensionHostProcess.js:116:24043)
	at D (/extbin/local/openvscode-server/extensions/git/dist/main.js:2:1259661)
	at v.invoke (/extbin/local/openvscode-server/out/vs/workbench/api/node/extensionHostProcess.js:63:145)
	at h.deliver (/extbin/local/openvscode-server/out/vs/workbench/api/node/extensionHostProcess.js:63:2121)
	at i.fire (/extbin/local/openvscode-server/out/vs/workbench/api/node/extensionHostProcess.js:63:1729)
	at Object.m [as dispose] (/extbin/local/openvscode-server/extensions/git/dist/main.js:2:1274494)
	at /extbin/local/openvscode-server/extensions/git/dist/main.js:2:1278940
	at Array.forEach (<anonymous>)
	at g.dispose (/extbin/local/openvscode-server/extensions/git/dist/main.js:2:1278926)
	at t.<anonymous> (/extbin/local/openvscode-server/out/vs/workbench/api/node/extensionHostProcess.js:96:12369)
	at t.dispose (/extbin/local/openvscode-server/out/vs/workbench/api/node/extensionHostProcess.js:96:12504)
	at t.<anonymous> (/extbin/local/openvscode-server/extensions/git/dist/main.js:2:1261791)
	at t.dispose (/extbin/local/openvscode-server/out/vs/workbench/api/node/extensionHostProcess.js:96:12504)
	at P (/extbin/local/openvscode-server/out/vs/workbench/api/node/extensionHostProcess.js:10:12080)
	at v.Y (/extbin/local/openvscode-server/out/vs/workbench/api/node/extensionHostProcess.js:112:11173)
	at /extbin/local/openvscode-server/out/vs/workbench/api/node/extensionHostProcess.js:112:9157
	at Array.map (<anonymous>)
	at v.R (/extbin/local/openvscode-server/out/vs/workbench/api/node/extensionHostProcess.js:112:9144)
	at v.terminate (/extbin/local/openvscode-server/out/vs/workbench/api/node/extensionHostProcess.js:112:9415)
	at d.terminate (/extbin/local/openvscode-server/out/vs/workbench/api/node/extensionHostProcess.js:116:1544)
	at p (/extbin/local/openvscode-server/out/vs/workbench/api/node/extensionHostProcess.js:126:34439)
	at /extbin/local/openvscode-server/out/vs/workbench/api/node/extensionHostProcess.js:126:32349
	at v.invoke (/extbin/local/openvscode-server/out/vs/workbench/api/node/extensionHostProcess.js:63:145)
	at h.deliver (/extbin/local/openvscode-server/out/vs/workbench/api/node/extensionHostProcess.js:63:2121)
	at i.fire (/extbin/local/openvscode-server/out/vs/workbench/api/node/extensionHostProcess.js:63:1729)
	at p.fire (/extbin/local/openvscode-server/out/vs/workbench/api/node/extensionHostProcess.js:72:14852)
	at c.E (/extbin/local/openvscode-server/out/vs/workbench/api/node/extensionHostProcess.js:72:18899)
	at /extbin/local/openvscode-server/out/vs/workbench/api/node/extensionHostProcess.js:72:16887
	at v.invoke (/extbin/local/openvscode-server/out/vs/workbench/api/node/extensionHostProcess.js:63:145)
	at h.deliver (/extbin/local/openvscode-server/out/vs/workbench/api/node/extensionHostProcess.js:63:2121)
	at i.fire (/extbin/local/openvscode-server/out/vs/workbench/api/node/extensionHostProcess.js:63:1729)
	at d.acceptChunk (/extbin/local/openvscode-server/out/vs/workbench/api/node/extensionHostProcess.js:72:12583)
	at /extbin/local/openvscode-server/out/vs/workbench/api/node/extensionHostProcess.js:72:11870
	at v.invoke (/extbin/local/openvscode-server/out/vs/workbench/api/node/extensionHostProcess.js:63:145)
	at h.deliver (/extbin/local/openvscode-server/out/vs/workbench/api/node/extensionHostProcess.js:63:2121)
	at i.fire (/extbin/local/openvscode-server/out/vs/workbench/api/node/extensionHostProcess.js:63:1729)
	at y.u (/extbin/local/openvscode-server/out/vs/workbench/api/node/extensionHostProcess.js:126:20019) setContext undefined
