AppFolders: starting processing setAppFoldersContext()
AppFolders:
	projectRoots: 0
	subWebappRoots: 0
	manifestAppDescRoots: 0
AppFolders: Function setContext() done in 58.114ms
AppFolders: Directory 'file:///home/user/.vscode/data/logs/20230627T141706/exthost3/SAPSE.vscode-wing-cap-guided-development' changed, updating app folders in context. 
AppFolders:
	projectRoots: 0
	subWebappRoots: 0
	manifestAppDescRoots: 0
AppFolders: Function setContext() done in 359.883ms
AppFolders: Directory 'file:///home/user/.vscode/data/logs/20230627T141706/exthost3/vscode.git' changed, updating app folders in context. 
AppFolders:
	projectRoots: 0
	subWebappRoots: 0
	manifestAppDescRoots: 0
AppFolders: Function setContext() done in 68.987ms
AppFolders: Directory 'file:///home/user/.vscode/data/logs/20230627T141706/exthost3/SAPSE.vscode-mta-tools' changed, updating app folders in context. 
AppFolders:
	projectRoots: 0
	subWebappRoots: 0
	manifestAppDescRoots: 0
AppFolders: Function setContext() done in 56.817ms
AppFolders: Directory 'file:///home/user/.vscode/data/logs/20230627T141706/exthost3/SAPSE.cicd-extension' changed, updating app folders in context. 
AppFolders: Directory 'file:///home/user/.vscode/data/logs/20230627T141706/exthost3/SAPSE.hana-database-explorer' changed, updating app folders in context. 
AppFolders:
	projectRoots: 0
	subWebappRoots: 0
	manifestAppDescRoots: 0
AppFolders: Function setContext() done in 62.802ms
AppFolders:
	projectRoots: 0
	subWebappRoots: 0
	manifestAppDescRoots: 0
AppFolders: Function setContext() done in 73.902ms
AppFolders: Directory 'file:///home/user/.vscode/data/logs/20230627T141706/exthost3/SAPSE.vscode-wing-cap-run' changed, updating app folders in context. 
AppFolders:
	projectRoots: 0
	subWebappRoots: 0
	manifestAppDescRoots: 0
AppFolders: Function setContext() done in 77.539ms
AppFolders: Directory 'file:///home/user/.git/refs' changed, updating app folders in context. 
AppFolders:
	projectRoots: 0
	subWebappRoots: 0
	manifestAppDescRoots: 0
AppFolders: Function setContext() done in 87.002ms
