20:30:40 [INFO] - Running activation sequence for Fiori tools - Application Modeler
20:30:40 [INFO] - Configurations: 'sap.ux.applicationModeler.showJsonSchemas': false; isTheia(): false; isAppStudio(): true
20:30:40 [INFO] - AppFolders: setAppFoldersContext() is processing, leaving
20:30:40 [INFO] - Register Fiori tools file system for configurations...
20:30:40 [INFO] - ...Fiori tools file system registered in 0.880ms
20:30:40 [INFO] - Register views for configurations...
20:30:40 [INFO] - ...views for configurations registered in 1.238ms
20:30:40 [INFO] - Register commands...
20:30:40 [INFO] - ...commands registered in 4.202ms
20:30:40 [INFO] - Register serializers...
20:30:40 [INFO] - ...serializers registered in 0.450ms
20:30:40 [INFO] - Activating sync module...
20:30:40 [INFO] - Virtual file system ftfs initialized in 0.238ms
20:30:40 [INFO] - Searching for projects in these workspace folders: 
[ '/home/user/projects/HC_OFFICE_SUPLLIES' ]
20:30:40 [INFO] - SAP UX projects found and added in 457.122ms
20:30:40 [INFO] - Start watching **/package.json
20:30:40 [INFO] - package.json watched in 0.694ms
20:30:40 [INFO] - Start watching for workspace folder changes
20:30:40 [INFO] - Workspace folders watched in 0.466ms
20:30:40 [INFO] - Configs watched in 0.126ms
20:30:40 [INFO] - ...sync module activated in 460.783ms
20:30:40 [INFO] - Activating launch config integration
20:30:40 [INFO] - Handler for Fiori launch configuration registered
20:30:40 [INFO] - ...launch config integration activated in 0.924ms
20:30:40 [INFO] - Activating migration module...
20:30:40 [INFO] - SAP Fiori tools - Application Modeler
'Migration start watching for workspace folder changes'
20:30:40 [INFO] - Workspace folders watched in 0.468ms
20:30:40 [INFO] - SAP Fiori tools - Application Modeler
'Migration start watching **/package.json'
20:30:40 [INFO] - package.json watched in 0.482ms
20:30:40 [INFO] - SAP Fiori tools - Application Modeler
'Migration start watching **/pom.xml'
20:30:40 [INFO] - pom.xml watched in 0.531ms
20:30:40 [INFO] - SAP Fiori tools - Application Modeler
'Migration start watching **/neo-app.json'
20:30:40 [INFO] - neo-app.json watched in 0.428ms
20:30:40 [INFO] - SAP Fiori tools - Application Modeler
'Migration start watching **/manifest.json'
20:30:40 [INFO] - manifest.json watched in 0.894ms
20:30:40 [INFO] - ...migration module activated in 102.617ms
20:30:40 [INFO] - activation sequence for Fiori tools - Application Modeler done in 942.994ms
