[1688589039955] INFO  (ext): SQLTools is starting
[1688589039960] INFO  (ext): initializing language client...
[1688589040155] INFO  (ext): Registering client for languages [{"scheme":"sqltools"},{"language":"sql","scheme":"untitled"},{"language":"sql","scheme":"file"},{"language":"sql","scheme":"sqltools"}]
    ns: "lc"
[1688589040163] INFO  (ext): loading plugins...
[1688589040163] INFO  (ext): registering Formatter Plugin.
    plugin: {
      "name": "Formatter Plugin"
    }
[1688589040163] INFO  (ext): registering Connection Manager Plugin.
    plugin: {
      "name": "Connection Manager Plugin"
    }
[1688589040164] INFO  (ext): registering CodeLens Plugin.
    plugin: {
      "name": "CodeLens Plugin",
      "registeredLanguages": []
    }
[1688589040173] INFO  (ext): registering Dependency Manager Plugin.
    plugin: {
      "name": "Dependency Manager Plugin",
      "installingDrivers": []
    }
[1688589040174] INFO  (ext): Connection explorer changed. Will be updated.
    ns: "conn-man:explorer"
[1688589040175] INFO  (ext): registering History Manager Plugin.
    plugin: {
      "name": "History Manager Plugin"
    }
[1688589040175] INFO  (ext): registering Bookmarks Manager Plugin.
    plugin: {
      "name": "Bookmarks Manager Plugin"
    }
[1688589040178] INFO  (ext): SQLTools activation completed. 223.229462 ms
[1688589040212] INFO  (ext): Formatter Plugin registered!
[1688589040213] INFO  (ext): CodeLens Plugin registered!
[1688589040213] INFO  (ext): Dependency Manager Plugin registered!
[1688589040213] INFO  (ext): Connection Manager Plugin registered!
[1688589040213] INFO  (ext): History Manager Plugin registered!
[1688589040213] INFO  (ext): Bookmarks Manager Plugin registered!
[1688589040654] INFO  (ls): SQLTools Server started!
===============================
Using node runtime?: yes
ExecPath: /opt/nodejs/node-v16.19.1-linux-x64/bin/node v16.19.1
===============================
[1688589040661] INFO  (ls): User defined env vars
===============================
{"PATH":"/usr/local/sbin:/usr/local/bin:/usr/sbin:/usr/bin:/sbin:/bin:/home/user/.node_modules_global/bin"}
===============================:
[1688589040685] INFO  (ext): LanguageClient ready
    ns: "lc"
[1688589040682] INFO  (ls): Initialized with node version:v16.19.1
[1688589041213] INFO  (ext): EXECUTING COMMAND => sqltools.refreshTree
[1688589041214] INFO  (ext): Connection explorer changed. Will be updated.
    ns: "conn-man:explorer"
[1688589042451] INFO  (ext): Connection explorer changed. Will be updated.
    ns: "conn-man:explorer"
[1688589043350] INFO  (ext): registering SQLite Plugin (driver).
    plugin: {
      "extensionId": "mtxr.sqltools-driver-sqlite",
      "name": "SQLite Plugin",
      "type": "driver"
    }
[1688589043355] INFO  (ls): REQUEST RECEIVED => ls/RegisterPlugin
[1688589043355] INFO  (ls): request to register plugin: "/extbin/local/openvscode-server/extensions/sqltools-driver-sqlite-0.4.0/out/ls/plugin.js"
[1688589043391] INFO  (ls): Driver sqlite registered!
    place: "driver-map"
    ns: "ls-context"
[1688589043417] INFO  (ext): SQLite Plugin (driver) registered!
[1688589044462] INFO  (ext): EXECUTING COMMAND => sqltools.refreshTree
[1688589044463] INFO  (ext): Connection explorer changed. Will be updated.
    ns: "conn-man:explorer"
[1688589045166] INFO  (ext): Connection explorer changed. Will be updated.
    ns: "conn-man:explorer"
[1688589052040] INFO  (ext): Connection explorer changed. Will be updated.
    ns: "conn-man:explorer"
[1688589257800] INFO  (ext): Connection explorer changed. Will be updated.
    ns: "conn-man:explorer"
[1688589333898] INFO  (ext): Connection explorer changed. Will be updated.
    ns: "conn-man:explorer"
