19:56:20 [INFO] - Running activation sequence for Fiori tools - Application Modeler
19:56:20 [INFO] - Configurations: 'sap.ux.applicationModeler.showJsonSchemas': false; isTheia(): false; isAppStudio(): true
19:56:20 [INFO] - AppFolders: setAppFoldersContext() already done, leaving
19:56:20 [INFO] - Register Fiori tools file system for configurations...
19:56:20 [INFO] - ...Fiori tools file system registered in 0.790ms
19:56:20 [INFO] - Register views for configurations...
19:56:20 [INFO] - ...views for configurations registered in 1.118ms
19:56:20 [INFO] - Register commands...
19:56:20 [INFO] - ...commands registered in 5.120ms
19:56:20 [INFO] - Register serializers...
19:56:20 [INFO] - ...serializers registered in 0.554ms
19:56:20 [INFO] - Activating sync module...
19:56:20 [INFO] - Virtual file system ftfs initialized in 0.158ms
19:56:20 [INFO] - SAP UX projects found and added in 0.549ms
19:56:20 [INFO] - Start watching **/package.json
19:56:20 [INFO] - package.json watched in 0.951ms
19:56:20 [INFO] - Start watching for workspace folder changes
19:56:20 [INFO] - Workspace folders watched in 0.489ms
19:56:20 [INFO] - Configs watched in 0.132ms
19:56:20 [INFO] - ...sync module activated in 4.373ms
19:56:20 [INFO] - Activating launch config integration
19:56:20 [INFO] - ...launch config integration activated in 0.283ms
19:56:20 [INFO] - Activating migration module...
19:56:20 [INFO] - SAP Fiori tools - Application Modeler
'Migration start watching for workspace folder changes'
19:56:20 [INFO] - Workspace folders watched in 0.877ms
19:56:20 [INFO] - SAP Fiori tools - Application Modeler
'Migration start watching **/package.json'
19:56:20 [INFO] - package.json watched in 0.544ms
19:56:20 [INFO] - SAP Fiori tools - Application Modeler
'Migration start watching **/pom.xml'
19:56:20 [INFO] - pom.xml watched in 0.542ms
19:56:20 [INFO] - SAP Fiori tools - Application Modeler
'Migration start watching **/neo-app.json'
19:56:20 [INFO] - neo-app.json watched in 0.583ms
19:56:20 [INFO] - SAP Fiori tools - Application Modeler
'Migration start watching **/manifest.json'
19:56:20 [INFO] - manifest.json watched in 0.474ms
19:56:20 [INFO] - ...migration module activated in 4.646ms
19:56:20 [INFO] - activation sequence for Fiori tools - Application Modeler done in 204.630ms
19:56:21 [INFO] - Handler for Fiori launch configuration registered
