17:42:40 [INFO] - Running activation sequence for Fiori tools - Application Modeler
17:42:40 [INFO] - Configurations: 'sap.ux.applicationModeler.showJsonSchemas': false; isTheia(): false; isAppStudio(): true
17:42:40 [INFO] - AppFolders: setAppFoldersContext() is processing, leaving
17:42:40 [INFO] - Register Fiori tools file system for configurations...
17:42:40 [INFO] - ...Fiori tools file system registered in 0.620ms
17:42:40 [INFO] - Register views for configurations...
17:42:40 [INFO] - ...views for configurations registered in 0.639ms
17:42:40 [INFO] - Register commands...
17:42:40 [INFO] - ...commands registered in 3.420ms
17:42:40 [INFO] - Activating sync module...
17:42:40 [INFO] - Virtual file system ftfs initialized in 0.162ms
17:42:40 [INFO] - Searching for projects in these workspace folders: 
[ '/home/user/projects/HC_OFFICE_SUPLLIES' ]
17:42:41 [INFO] - SAP UX projects found and added in 523.041ms
17:42:41 [INFO] - Start watching **/package.json
17:42:41 [INFO] - package.json watched in 1.016ms
17:42:41 [INFO] - Start watching for workspace folder changes
17:42:41 [INFO] - Workspace folders watched in 0.623ms
17:42:41 [INFO] - Configs watched in 0.230ms
17:42:41 [INFO] - ...sync module activated in 527.243ms
17:42:41 [INFO] - Register serializers...
17:42:41 [INFO] - ...serializers registered in 0.754ms
17:42:41 [INFO] - Activating launch config integration
17:42:41 [INFO] - Handler for Fiori launch configuration registered
17:42:41 [INFO] - ...launch config integration activated in 0.970ms
17:42:41 [INFO] - Activating migration module...
17:42:41 [INFO] - SAP Fiori tools - Application Modeler
'Migration start watching for workspace folder changes'
17:42:41 [INFO] - Workspace folders watched in 0.542ms
17:42:41 [INFO] - SAP Fiori tools - Application Modeler
'Migration start watching **/package.json'
17:42:41 [INFO] - package.json watched in 0.534ms
17:42:41 [INFO] - SAP Fiori tools - Application Modeler
'Migration start watching **/pom.xml'
17:42:41 [INFO] - pom.xml watched in 0.675ms
17:42:41 [INFO] - SAP Fiori tools - Application Modeler
'Migration start watching **/neo-app.json'
17:42:41 [INFO] - neo-app.json watched in 0.488ms
17:42:41 [INFO] - SAP Fiori tools - Application Modeler
'Migration start watching **/manifest.json'
17:42:41 [INFO] - manifest.json watched in 0.577ms
17:42:45 [INFO] - ...migration module activated in 4767.448ms
17:42:45 [INFO] - activation sequence for Fiori tools - Application Modeler done in 5324.598ms
