19:56:46 [INFO] - AppFolders: starting processing setAppFoldersContext()
19:56:47 [INFO] - AppFolders: Directory 'file:///home/user/.vscode/data/logs/20230629T195455/exthost2/SAPOSS.app-studio-toolkit' changed, updating app folders in context. 
19:56:47 [INFO] - AppFolders: Directory 'file:///home/user/.vscode/data/logs/20230629T195455/exthost2/SAPSE.fs-usage-popup-vscode-extensions' changed, updating app folders in context. 
19:56:47 [INFO] - AppFolders: Directory 'file:///home/user/.vscode/data/logs/20230629T195455/exthost2/output_logging_20230629T195638' changed, updating app folders in context. 
19:56:47 [INFO] - AppFolders:
	projectRoots: 0
	appRoots: 0
	webappRoots: 0
	subWebappRoots: 0
	localServiceRoots: 0
	adaptationAppRoots: 0
	extensionAppRoots: 0
	extensionWebappRoots: 0
	libraryRoots: 0
19:56:47 [INFO] - AppFolders: Function setContext() done in 1150.836ms
19:56:47 [INFO] - AppFolders:
	projectRoots: 0
	appRoots: 0
	webappRoots: 0
	subWebappRoots: 0
	localServiceRoots: 0
	adaptationAppRoots: 0
	extensionAppRoots: 0
	extensionWebappRoots: 0
	libraryRoots: 0
19:56:47 [INFO] - AppFolders: Function setContext() done in 437.155ms
19:56:47 [INFO] - AppFolders:
	projectRoots: 0
	appRoots: 0
	webappRoots: 0
	subWebappRoots: 0
	localServiceRoots: 0
	adaptationAppRoots: 0
	extensionAppRoots: 0
	extensionWebappRoots: 0
	libraryRoots: 0
19:56:47 [INFO] - AppFolders: Function setContext() done in 583.190ms
19:56:48 [INFO] - AppFolders:
	projectRoots: 0
	appRoots: 0
	webappRoots: 0
	subWebappRoots: 0
	localServiceRoots: 0
	adaptationAppRoots: 0
	extensionAppRoots: 0
	extensionWebappRoots: 0
	libraryRoots: 0
19:56:48 [INFO] - AppFolders: Function setContext() done in 921.759ms
19:56:51 [INFO] - AppFolders: Directory 'file:///home/user/.vscode/data/logs/20230629T195455/exthost2/SAPSE.vscode-wing-java-run' changed, updating app folders in context. 
19:56:51 [INFO] - AppFolders: Directory 'file:///home/user/.vscode/data/logs/20230629T195455/exthost2/SAP.vscode-wing-cf-tools' changed, updating app folders in context. 
19:56:51 [INFO] - AppFolders:
	projectRoots: 0
	appRoots: 0
	webappRoots: 0
	subWebappRoots: 0
	localServiceRoots: 0
	adaptationAppRoots: 0
	extensionAppRoots: 0
	extensionWebappRoots: 0
	libraryRoots: 0
19:56:51 [INFO] - AppFolders: Function setContext() done in 147.172ms
19:56:51 [INFO] - AppFolders:
	projectRoots: 0
	appRoots: 0
	webappRoots: 0
	subWebappRoots: 0
	localServiceRoots: 0
	adaptationAppRoots: 0
	extensionAppRoots: 0
	extensionWebappRoots: 0
	libraryRoots: 0
19:56:51 [INFO] - AppFolders: Function setContext() done in 191.355ms
19:56:51 [INFO] - AppFolders: Directory 'file:///home/user/.vscode/data/logs/20230629T195455/exthost2/vscode.git' changed, updating app folders in context. 
19:56:52 [INFO] - AppFolders:
	projectRoots: 0
	appRoots: 0
	webappRoots: 0
	subWebappRoots: 0
	localServiceRoots: 0
	adaptationAppRoots: 0
	extensionAppRoots: 0
	extensionWebappRoots: 0
	libraryRoots: 0
19:56:52 [INFO] - AppFolders: Function setContext() done in 66.262ms
19:56:52 [INFO] - AppFolders: Directory 'file:///home/user/.vscode/data/logs/20230629T195455/exthost2/SAP.mta-editor-vscode' changed, updating app folders in context. 
19:56:52 [INFO] - AppFolders: Directory 'file:///home/user/.vscode/data/logs/20230629T195455/exthost2/SAPSE.vscode-wing-cap-guided-development' changed, updating app folders in context. 
19:56:52 [INFO] - AppFolders:
	projectRoots: 0
	appRoots: 0
	webappRoots: 0
	subWebappRoots: 0
	localServiceRoots: 0
	adaptationAppRoots: 0
	extensionAppRoots: 0
	extensionWebappRoots: 0
	libraryRoots: 0
19:56:52 [INFO] - AppFolders: Function setContext() done in 61.736ms
19:56:52 [INFO] - AppFolders:
	projectRoots: 0
	appRoots: 0
	webappRoots: 0
	subWebappRoots: 0
	localServiceRoots: 0
	adaptationAppRoots: 0
	extensionAppRoots: 0
	extensionWebappRoots: 0
	libraryRoots: 0
19:56:52 [INFO] - AppFolders: Function setContext() done in 70.165ms
19:56:52 [INFO] - AppFolders: Directory 'file:///home/user/.vscode/data/logs/20230629T195455/exthost2/SAPSE.vscode-wing-storyboard' changed, updating app folders in context. 
19:56:52 [INFO] - AppFolders:
	projectRoots: 0
	appRoots: 0
	webappRoots: 0
	subWebappRoots: 0
	localServiceRoots: 0
	adaptationAppRoots: 0
	extensionAppRoots: 0
	extensionWebappRoots: 0
	libraryRoots: 0
19:56:52 [INFO] - AppFolders: Function setContext() done in 277.737ms
19:56:54 [INFO] - AppFolders: Directory 'file:///home/user/.vscode/data/logs/20230629T195455/exthost2/SAPSE.hana-project-explorer' changed, updating app folders in context. 
19:56:54 [INFO] - AppFolders:
	projectRoots: 0
	appRoots: 0
	webappRoots: 0
	subWebappRoots: 0
	localServiceRoots: 0
	adaptationAppRoots: 0
	extensionAppRoots: 0
	extensionWebappRoots: 0
	libraryRoots: 0
19:56:54 [INFO] - AppFolders: Function setContext() done in 67.740ms
19:56:54 [INFO] - AppFolders: Directory 'file:///home/user/.vscode/data/logs/20230629T195455/exthost2/SAPSE.vscode-mta-tools' changed, updating app folders in context. 
19:56:54 [INFO] - AppFolders:
	projectRoots: 0
	appRoots: 0
	webappRoots: 0
	subWebappRoots: 0
	localServiceRoots: 0
	adaptationAppRoots: 0
	extensionAppRoots: 0
	extensionWebappRoots: 0
	libraryRoots: 0
19:56:54 [INFO] - AppFolders: Function setContext() done in 85.622ms
19:56:54 [INFO] - AppFolders: Directory 'file:///home/user/.vscode/data/logs/20230629T195455/exthost2/SAPSE.cicd-extension' changed, updating app folders in context. 
19:56:54 [INFO] - AppFolders:
	projectRoots: 0
	appRoots: 0
	webappRoots: 0
	subWebappRoots: 0
	localServiceRoots: 0
	adaptationAppRoots: 0
	extensionAppRoots: 0
	extensionWebappRoots: 0
	libraryRoots: 0
19:56:54 [INFO] - AppFolders: Function setContext() done in 101.059ms
19:56:54 [INFO] - AppFolders: Directory 'file:///home/user/.vscode/data/logs/20230629T195455/exthost2/SAPSE.vscode-wing-cap-run' changed, updating app folders in context. 
19:56:55 [INFO] - AppFolders:
	projectRoots: 0
	appRoots: 0
	webappRoots: 0
	subWebappRoots: 0
	localServiceRoots: 0
	adaptationAppRoots: 0
	extensionAppRoots: 0
	extensionWebappRoots: 0
	libraryRoots: 0
19:56:55 [INFO] - AppFolders: Function setContext() done in 195.674ms
19:57:30 [INFO] - AppFolders: Directory 'file:///home/user/.cf' changed, updating app folders in context. 
19:57:30 [INFO] - AppFolders:
	projectRoots: 0
	appRoots: 0
	webappRoots: 0
	subWebappRoots: 0
	localServiceRoots: 0
	adaptationAppRoots: 0
	extensionAppRoots: 0
	extensionWebappRoots: 0
	libraryRoots: 0
19:57:30 [INFO] - AppFolders: Function setContext() done in 57.214ms
