AppFolders: starting processing setAppFoldersContext()
AppFolders:
	projectRoots: 0
	subWebappRoots: 0
	manifestAppDescRoots: 0
AppFolders: Function setContext() done in 670.379ms
AppFolders: Directory 'file:///home/user/.vscode/data/logs/20230629T195455/exthost2/SAPSE.hana-project-explorer' changed, updating app folders in context. 
AppFolders:
	projectRoots: 0
	subWebappRoots: 0
	manifestAppDescRoots: 0
AppFolders: Function setContext() done in 68.469ms
AppFolders: Directory 'file:///home/user/.vscode/data/logs/20230629T195455/exthost2/SAPSE.vscode-mta-tools' changed, updating app folders in context. 
AppFolders:
	projectRoots: 0
	subWebappRoots: 0
	manifestAppDescRoots: 0
AppFolders: Function setContext() done in 86.675ms
AppFolders: Directory 'file:///home/user/.vscode/data/logs/20230629T195455/exthost2/SAPSE.cicd-extension' changed, updating app folders in context. 
AppFolders:
	projectRoots: 0
	subWebappRoots: 0
	manifestAppDescRoots: 0
AppFolders: Function setContext() done in 111.884ms
AppFolders: Directory 'file:///home/user/.vscode/data/logs/20230629T195455/exthost2/SAPSE.vscode-wing-cap-run' changed, updating app folders in context. 
AppFolders:
	projectRoots: 0
	subWebappRoots: 0
	manifestAppDescRoots: 0
AppFolders: Function setContext() done in 196.747ms
AppFolders: Directory 'file:///home/user/.cf' changed, updating app folders in context. 
AppFolders:
	projectRoots: 0
	subWebappRoots: 0
	manifestAppDescRoots: 0
AppFolders: Function setContext() done in 58.030ms
