14:26:40 [INFO] - Running activation sequence for Fiori tools - Application Modeler
14:26:40 [INFO] - Configurations: 'sap.ux.applicationModeler.showJsonSchemas': false; isTheia(): false; isAppStudio(): true
14:26:40 [INFO] - AppFolders: starting processing setAppFoldersContext()
14:26:40 [INFO] - Register Fiori tools file system for configurations...
14:26:40 [INFO] - ...Fiori tools file system registered in 0.838ms
14:26:40 [INFO] - Register views for configurations...
14:26:40 [INFO] - ...views for configurations registered in 0.903ms
14:26:40 [INFO] - Register commands...
14:26:40 [INFO] - ...commands registered in 3.972ms
14:26:40 [INFO] - Register serializers...
14:26:40 [INFO] - ...serializers registered in 0.534ms
14:26:40 [INFO] - Activating sync module...
14:26:40 [INFO] - Virtual file system ftfs initialized in 0.121ms
14:26:40 [INFO] - SAP UX projects found and added in 0.762ms
14:26:40 [INFO] - Start watching **/package.json
14:26:40 [INFO] - package.json watched in 0.594ms
14:26:40 [INFO] - Start watching for workspace folder changes
14:26:40 [INFO] - Workspace folders watched in 0.550ms
14:26:40 [INFO] - Configs watched in 0.115ms
14:26:40 [INFO] - AppFolders:
	projectRoots: 0
	appRoots: 0
	webappRoots: 0
	subWebappRoots: 0
	localServiceRoots: 0
	adaptationAppRoots: 0
	extensionAppRoots: 0
	extensionWebappRoots: 0
	libraryRoots: 0
14:26:40 [INFO] - AppFolders: Function setContext() done in 15.685ms
14:26:40 [INFO] - ...sync module activated in 5.547ms
14:26:40 [INFO] - Activating launch config integration
14:26:40 [INFO] - ...launch config integration activated in 0.295ms
14:26:40 [INFO] - Activating migration module...
14:26:40 [INFO] - SAP Fiori tools - Application Modeler
'Migration start watching for workspace folder changes'
14:26:40 [INFO] - Workspace folders watched in 0.719ms
14:26:40 [INFO] - SAP Fiori tools - Application Modeler
'Migration start watching **/package.json'
14:26:40 [INFO] - package.json watched in 0.591ms
14:26:40 [INFO] - SAP Fiori tools - Application Modeler
'Migration start watching **/pom.xml'
14:26:40 [INFO] - pom.xml watched in 5.762ms
14:26:40 [INFO] - SAP Fiori tools - Application Modeler
'Migration start watching **/neo-app.json'
14:26:40 [INFO] - neo-app.json watched in 0.722ms
14:26:40 [INFO] - SAP Fiori tools - Application Modeler
'Migration start watching **/manifest.json'
14:26:40 [INFO] - manifest.json watched in 0.401ms
14:26:40 [INFO] - ...migration module activated in 9.843ms
14:26:40 [INFO] - activation sequence for Fiori tools - Application Modeler done in 95.988ms
14:26:44 [INFO] - Handler for Fiori launch configuration registered
