[1689798516725] INFO  (ext): SQLTools is starting
[1689798516739] INFO  (ext): initializing language client...
[1689798516832] INFO  (ext): Registering client for languages [{"scheme":"sqltools"},{"language":"sql","scheme":"untitled"},{"language":"sql","scheme":"file"},{"language":"sql","scheme":"sqltools"}]
    ns: "lc"
[1689798516841] INFO  (ext): loading plugins...
[1689798516841] INFO  (ext): registering Formatter Plugin.
    plugin: {
      "name": "Formatter Plugin"
    }
[1689798516842] INFO  (ext): registering Connection Manager Plugin.
    plugin: {
      "name": "Connection Manager Plugin"
    }
[1689798516842] INFO  (ext): registering CodeLens Plugin.
    plugin: {
      "name": "CodeLens Plugin",
      "registeredLanguages": []
    }
[1689798516844] INFO  (ext): registering Dependency Manager Plugin.
    plugin: {
      "name": "Dependency Manager Plugin",
      "installingDrivers": []
    }
[1689798516846] INFO  (ext): Connection explorer changed. Will be updated.
    ns: "conn-man:explorer"
[1689798516847] INFO  (ext): registering History Manager Plugin.
    plugin: {
      "name": "History Manager Plugin"
    }
[1689798516847] INFO  (ext): registering Bookmarks Manager Plugin.
    plugin: {
      "name": "Bookmarks Manager Plugin"
    }
[1689798516849] INFO  (ext): SQLTools activation completed. 123.933955 ms
[1689798516850] INFO  (ext): Formatter Plugin registered!
[1689798516850] INFO  (ext): CodeLens Plugin registered!
[1689798516850] INFO  (ext): Dependency Manager Plugin registered!
[1689798516850] INFO  (ext): Connection Manager Plugin registered!
[1689798516850] INFO  (ext): History Manager Plugin registered!
[1689798516850] INFO  (ext): Bookmarks Manager Plugin registered!
[1689798518435] INFO  (ext): EXECUTING COMMAND => sqltools.refreshTree
[1689798518435] INFO  (ext): Connection explorer changed. Will be updated.
    ns: "conn-man:explorer"
[1689798517194] INFO  (ls): SQLTools Server started!
===============================
Using node runtime?: yes
ExecPath: /opt/nodejs/node-v16.19.1-linux-x64/bin/node v16.19.1
===============================
[1689798517199] INFO  (ls): User defined env vars
===============================
{"PATH":"/usr/local/sbin:/usr/local/bin:/usr/sbin:/usr/bin:/sbin:/bin:/home/user/.node_modules_global/bin"}
===============================:
[1689798518469] INFO  (ext): LanguageClient ready
    ns: "lc"
[1689798518466] INFO  (ls): Initialized with node version:v16.19.1
[1689798518999] INFO  (ext): Connection explorer changed. Will be updated.
    ns: "conn-man:explorer"
[1689798521204] INFO  (ext): registering SQLite Plugin (driver).
    plugin: {
      "extensionId": "mtxr.sqltools-driver-sqlite",
      "name": "SQLite Plugin",
      "type": "driver"
    }
[1689798521205] INFO  (ls): REQUEST RECEIVED => ls/RegisterPlugin
[1689798521205] INFO  (ls): request to register plugin: "/extbin/local/openvscode-server/extensions/sqltools-driver-sqlite-0.4.0/out/ls/plugin.js"
[1689798521250] INFO  (ls): Driver sqlite registered!
    place: "driver-map"
    ns: "ls-context"
[1689798521263] INFO  (ext): SQLite Plugin (driver) registered!
[1689798522832] INFO  (ext): EXECUTING COMMAND => sqltools.refreshTree
[1689798522832] INFO  (ext): Connection explorer changed. Will be updated.
    ns: "conn-man:explorer"
[1689798527724] INFO  (ext): Connection explorer changed. Will be updated.
    ns: "conn-man:explorer"
[1689799140927] INFO  (ext): Connection explorer changed. Will be updated.
    ns: "conn-man:explorer"
[1689799266717] INFO  (ext): Connection explorer changed. Will be updated.
    ns: "conn-man:explorer"
[1689799540131] INFO  (ext): Connection explorer changed. Will be updated.
    ns: "conn-man:explorer"
[1689799580911] INFO  (ext): Connection explorer changed. Will be updated.
    ns: "conn-man:explorer"
[1689799582999] INFO  (ext): Connection explorer changed. Will be updated.
    ns: "conn-man:explorer"
