20:28:40 [INFO] - Running activation sequence for Fiori tools - Application Modeler
20:28:40 [INFO] - Configurations: 'sap.ux.applicationModeler.showJsonSchemas': false; isTheia(): false; isAppStudio(): true
20:28:40 [INFO] - AppFolders: setAppFoldersContext() already done, leaving
20:28:40 [INFO] - Register Fiori tools file system for configurations...
20:28:40 [INFO] - ...Fiori tools file system registered in 0.801ms
20:28:40 [INFO] - Register views for configurations...
20:28:40 [INFO] - ...views for configurations registered in 1.224ms
20:28:40 [INFO] - Register commands...
20:28:40 [INFO] - ...commands registered in 4.698ms
20:28:40 [INFO] - Activating sync module...
20:28:40 [INFO] - Virtual file system ftfs initialized in 0.177ms
20:28:40 [INFO] - Searching for projects in these workspace folders: 
[ '/home/user/projects/HC_OFFICE_SUPLLIES' ]
20:28:41 [INFO] - SAP UX projects found and added in 454.787ms
20:28:41 [INFO] - Start watching **/package.json
20:28:41 [INFO] - package.json watched in 16.343ms
20:28:41 [INFO] - Start watching for workspace folder changes
20:28:41 [INFO] - Workspace folders watched in 0.620ms
20:28:41 [INFO] - Configs watched in 0.181ms
20:28:41 [INFO] - ...sync module activated in 475.273ms
20:28:41 [INFO] - Register serializers...
20:28:41 [INFO] - ...serializers registered in 0.708ms
20:28:41 [INFO] - Activating launch config integration
20:28:41 [INFO] - Handler for Fiori launch configuration registered
20:28:41 [INFO] - ...launch config integration activated in 0.816ms
20:28:41 [INFO] - Activating migration module...
20:28:41 [INFO] - SAP Fiori tools - Application Modeler
'Migration start watching for workspace folder changes'
20:28:41 [INFO] - Workspace folders watched in 0.454ms
20:28:41 [INFO] - SAP Fiori tools - Application Modeler
'Migration start watching **/package.json'
20:28:41 [INFO] - package.json watched in 0.556ms
20:28:41 [INFO] - SAP Fiori tools - Application Modeler
'Migration start watching **/pom.xml'
20:28:41 [INFO] - pom.xml watched in 0.384ms
20:28:41 [INFO] - SAP Fiori tools - Application Modeler
'Migration start watching **/neo-app.json'
20:28:41 [INFO] - neo-app.json watched in 0.397ms
20:28:41 [INFO] - SAP Fiori tools - Application Modeler
'Migration start watching **/manifest.json'
20:28:41 [INFO] - manifest.json watched in 0.566ms
20:28:46 [INFO] - ...migration module activated in 5377.835ms
20:28:46 [INFO] - activation sequence for Fiori tools - Application Modeler done in 5885.812ms
