20:28:36 [INFO] - AppFolders: starting processing setAppFoldersContext()
20:28:38 [INFO] - AppFolders:
	projectRoots: 0
	appRoots: 0
	webappRoots: 0
	subWebappRoots: 0
	localServiceRoots: 0
	adaptationAppRoots: 0
	extensionAppRoots: 0
	extensionWebappRoots: 0
	libraryRoots: 0
20:28:38 [INFO] - AppFolders: Function setContext() done in 1840.926ms
20:45:05 [INFO] - AppFolders: Directory 'file:///home/user/projects/HC_OFFICE_SUPLLIES/tests' changed, updating app folders in context. 
20:45:05 [INFO] - AppFolders:
	projectRoots: 0
	appRoots: 0
	webappRoots: 0
	subWebappRoots: 0
	localServiceRoots: 0
	adaptationAppRoots: 0
	extensionAppRoots: 0
	extensionWebappRoots: 0
	libraryRoots: 0
20:45:05 [INFO] - AppFolders: Function setContext() done in 16.562ms
