21:02:04 [INFO] - AppFolders: starting processing setAppFoldersContext()
21:02:06 [INFO] - AppFolders:
	projectRoots: 0
	appRoots: 0
	webappRoots: 0
	subWebappRoots: 0
	localServiceRoots: 0
	adaptationAppRoots: 0
	extensionAppRoots: 0
	extensionWebappRoots: 0
	libraryRoots: 0
21:02:06 [INFO] - AppFolders: Function setContext() done in 1855.168ms
21:02:16 [ERROR] - AppFolders: Error when handling file system event for 'file:///home/user/projects/HC_OFFICE_SUPLLIES/srv'
21:03:32 [ERROR] - AppFolders: Error when handling file system event for 'file:///home/user/projects/HC_OFFICE_SUPLLIES/gen'
21:03:41 [INFO] - AppFolders: Directory 'file:///home/user/projects/HC_OFFICE_SUPLLIES/gen' changed, updating app folders in context. 
21:03:41 [INFO] - AppFolders:
	projectRoots: 0
	appRoots: 0
	webappRoots: 0
	subWebappRoots: 0
	localServiceRoots: 0
	adaptationAppRoots: 0
	extensionAppRoots: 0
	extensionWebappRoots: 0
	libraryRoots: 0
21:03:41 [INFO] - AppFolders: Function setContext() done in 5.565ms
21:04:07 [ERROR] - AppFolders: Error when handling file system event for 'file:///home/user/projects/HC_OFFICE_SUPLLIES/gen'
21:04:08 [INFO] - AppFolders: Directory 'file:///home/user/projects/HC_OFFICE_SUPLLIES/gen' changed, updating app folders in context. 
21:04:08 [INFO] - AppFolders:
	projectRoots: 0
	appRoots: 0
	webappRoots: 0
	subWebappRoots: 0
	localServiceRoots: 0
	adaptationAppRoots: 0
	extensionAppRoots: 0
	extensionWebappRoots: 0
	libraryRoots: 0
21:04:08 [INFO] - AppFolders: Function setContext() done in 4.966ms
21:04:22 [ERROR] - AppFolders: Error when handling file system event for 'file:///home/user/projects/HC_OFFICE_SUPLLIES/db/data/sap.common-Currencies.csv'
21:04:25 [ERROR] - AppFolders: Error when handling file system event for 'file:///home/user/projects/HC_OFFICE_SUPLLIES/db/data/sap.common.Currencies_texts.csv'
21:04:31 [ERROR] - AppFolders: Error when handling file system event for 'file:///home/user/projects/HC_OFFICE_SUPLLIES/gen'
21:04:31 [INFO] - AppFolders: Directory 'file:///home/user/projects/HC_OFFICE_SUPLLIES/gen' changed, updating app folders in context. 
21:04:31 [INFO] - AppFolders:
	projectRoots: 0
	appRoots: 0
	webappRoots: 0
	subWebappRoots: 0
	localServiceRoots: 0
	adaptationAppRoots: 0
	extensionAppRoots: 0
	extensionWebappRoots: 0
	libraryRoots: 0
21:04:31 [INFO] - AppFolders: Function setContext() done in 4.131ms
21:04:44 [ERROR] - AppFolders: Error when handling file system event for 'file:///home/user/projects/HC_OFFICE_SUPLLIES/gen'
21:04:48 [INFO] - AppFolders: Directory 'file:///home/user/projects/HC_OFFICE_SUPLLIES/gen/db/src/gen/data' changed, updating app folders in context. 
21:04:48 [INFO] - AppFolders:
	projectRoots: 0
	appRoots: 0
	webappRoots: 0
	subWebappRoots: 0
	localServiceRoots: 0
	adaptationAppRoots: 0
	extensionAppRoots: 0
	extensionWebappRoots: 0
	libraryRoots: 0
21:04:48 [INFO] - AppFolders: Function setContext() done in 4.352ms
21:04:50 [ERROR] - AppFolders: Error when handling file system event for 'file:///home/user/projects/HC_OFFICE_SUPLLIES/gen'
21:04:51 [INFO] - AppFolders: Directory 'file:///home/user/projects/HC_OFFICE_SUPLLIES/gen' changed, updating app folders in context. 
21:04:51 [INFO] - AppFolders:
	projectRoots: 0
	appRoots: 0
	webappRoots: 0
	subWebappRoots: 0
	localServiceRoots: 0
	adaptationAppRoots: 0
	extensionAppRoots: 0
	extensionWebappRoots: 0
	libraryRoots: 0
21:04:51 [INFO] - AppFolders: Function setContext() done in 6.036ms
21:05:00 [ERROR] - AppFolders: Error when handling file system event for 'file:///home/user/projects/HC_OFFICE_SUPLLIES/gen'
21:05:01 [INFO] - AppFolders: Directory 'file:///home/user/projects/HC_OFFICE_SUPLLIES/gen/db/src/gen/data' changed, updating app folders in context. 
21:05:01 [INFO] - AppFolders:
	projectRoots: 0
	appRoots: 0
	webappRoots: 0
	subWebappRoots: 0
	localServiceRoots: 0
	adaptationAppRoots: 0
	extensionAppRoots: 0
	extensionWebappRoots: 0
	libraryRoots: 0
21:05:01 [INFO] - AppFolders: Function setContext() done in 3.014ms
21:05:16 [ERROR] - AppFolders: Error when handling file system event for 'file:///home/user/projects/HC_OFFICE_SUPLLIES/db.sqlite-journal'
21:05:16 [ERROR] - AppFolders: Error when handling file system event for 'file:///home/user/projects/HC_OFFICE_SUPLLIES/db.sqlite-journal'
21:05:20 [ERROR] - AppFolders: Error when handling file system event for 'file:///home/user/projects/HC_OFFICE_SUPLLIES/gen'
21:05:20 [INFO] - AppFolders: Directory 'file:///home/user/projects/HC_OFFICE_SUPLLIES/gen/db/src/gen/data' changed, updating app folders in context. 
21:05:20 [INFO] - AppFolders:
	projectRoots: 0
	appRoots: 0
	webappRoots: 0
	subWebappRoots: 0
	localServiceRoots: 0
	adaptationAppRoots: 0
	extensionAppRoots: 0
	extensionWebappRoots: 0
	libraryRoots: 0
21:05:20 [INFO] - AppFolders: Function setContext() done in 13.590ms
21:10:42 [ERROR] - AppFolders: Error when handling file system event for 'file:///home/user/projects/HC_OFFICE_SUPLLIES/db/data/hc450.officesupplies-Produto.csv'
21:10:50 [ERROR] - AppFolders: Error when handling file system event for 'file:///home/user/projects/HC_OFFICE_SUPLLIES/gen'
21:11:17 [INFO] - AppFolders: Directory 'file:///home/user/projects/HC_OFFICE_SUPLLIES/gen' changed, updating app folders in context. 
21:11:17 [INFO] - AppFolders:
	projectRoots: 0
	appRoots: 0
	webappRoots: 0
	subWebappRoots: 0
	localServiceRoots: 0
	adaptationAppRoots: 0
	extensionAppRoots: 0
	extensionWebappRoots: 0
	libraryRoots: 0
21:11:17 [INFO] - AppFolders: Function setContext() done in 3.917ms
21:11:28 [ERROR] - AppFolders: Error when handling file system event for 'file:///home/user/projects/HC_OFFICE_SUPLLIES/gen'
21:11:29 [INFO] - AppFolders: Directory 'file:///home/user/projects/HC_OFFICE_SUPLLIES/gen/db/src/gen/data' changed, updating app folders in context. 
21:11:29 [INFO] - AppFolders:
	projectRoots: 0
	appRoots: 0
	webappRoots: 0
	subWebappRoots: 0
	localServiceRoots: 0
	adaptationAppRoots: 0
	extensionAppRoots: 0
	extensionWebappRoots: 0
	libraryRoots: 0
21:11:29 [INFO] - AppFolders: Function setContext() done in 3.115ms
21:11:51 [ERROR] - AppFolders: Error when handling file system event for 'file:///home/user/projects/HC_OFFICE_SUPLLIES/db/data/hc450.officesupplies-Product.csv'
21:12:21 [ERROR] - AppFolders: Error when handling file system event for 'file:///home/user/projects/HC_OFFICE_SUPLLIES/gen'
21:12:21 [INFO] - AppFolders: Directory 'file:///home/user/projects/HC_OFFICE_SUPLLIES/gen' changed, updating app folders in context. 
21:12:21 [INFO] - AppFolders:
	projectRoots: 0
	appRoots: 0
	webappRoots: 0
	subWebappRoots: 0
	localServiceRoots: 0
	adaptationAppRoots: 0
	extensionAppRoots: 0
	extensionWebappRoots: 0
	libraryRoots: 0
21:12:21 [INFO] - AppFolders: Function setContext() done in 5.355ms
21:12:51 [ERROR] - AppFolders: Error when handling file system event for 'file:///home/user/projects/HC_OFFICE_SUPLLIES/gen'
21:12:52 [INFO] - AppFolders: Directory 'file:///home/user/projects/HC_OFFICE_SUPLLIES/gen' changed, updating app folders in context. 
21:12:52 [INFO] - AppFolders:
	projectRoots: 0
	appRoots: 0
	webappRoots: 0
	subWebappRoots: 0
	localServiceRoots: 0
	adaptationAppRoots: 0
	extensionAppRoots: 0
	extensionWebappRoots: 0
	libraryRoots: 0
21:12:52 [INFO] - AppFolders: Function setContext() done in 7.568ms
21:17:07 [ERROR] - AppFolders: Error when handling file system event for 'file:///home/user/projects/HC_OFFICE_SUPLLIES/gen'
21:17:11 [INFO] - AppFolders: Directory 'file:///home/user/projects/HC_OFFICE_SUPLLIES/gen' changed, updating app folders in context. 
21:17:11 [INFO] - AppFolders:
	projectRoots: 0
	appRoots: 0
	webappRoots: 0
	subWebappRoots: 0
	localServiceRoots: 0
	adaptationAppRoots: 0
	extensionAppRoots: 0
	extensionWebappRoots: 0
	libraryRoots: 0
21:17:11 [INFO] - AppFolders: Function setContext() done in 4.864ms
