[1689022924828] INFO  (ext): SQLTools is starting
[1689022924832] INFO  (ext): initializing language client...
[1689022925057] INFO  (ext): Registering client for languages [{"scheme":"sqltools"},{"language":"sql","scheme":"untitled"},{"language":"sql","scheme":"file"},{"language":"sql","scheme":"sqltools"}]
    ns: "lc"
[1689022925083] INFO  (ext): loading plugins...
[1689022925084] INFO  (ext): registering Formatter Plugin.
    plugin: {
      "name": "Formatter Plugin"
    }
[1689022925084] INFO  (ext): registering Connection Manager Plugin.
    plugin: {
      "name": "Connection Manager Plugin"
    }
[1689022925084] INFO  (ext): registering CodeLens Plugin.
    plugin: {
      "name": "CodeLens Plugin",
      "registeredLanguages": []
    }
[1689022925085] INFO  (ext): registering Dependency Manager Plugin.
    plugin: {
      "name": "Dependency Manager Plugin",
      "installingDrivers": []
    }
[1689022925087] INFO  (ext): Connection explorer changed. Will be updated.
    ns: "conn-man:explorer"
[1689022925087] INFO  (ext): registering History Manager Plugin.
    plugin: {
      "name": "History Manager Plugin"
    }
[1689022925087] INFO  (ext): registering Bookmarks Manager Plugin.
    plugin: {
      "name": "Bookmarks Manager Plugin"
    }
[1689022925089] INFO  (ext): SQLTools activation completed. 260.658279 ms
[1689022925112] INFO  (ext): Formatter Plugin registered!
[1689022925113] INFO  (ext): CodeLens Plugin registered!
[1689022925113] INFO  (ext): Dependency Manager Plugin registered!
[1689022925113] INFO  (ext): Connection Manager Plugin registered!
[1689022925113] INFO  (ext): History Manager Plugin registered!
[1689022925113] INFO  (ext): Bookmarks Manager Plugin registered!
[1689022925435] INFO  (ls): SQLTools Server started!
===============================
Using node runtime?: yes
ExecPath: /opt/nodejs/node-v16.19.1-linux-x64/bin/node v16.19.1
===============================
[1689022925447] INFO  (ls): User defined env vars
===============================
{"PATH":"/usr/local/sbin:/usr/local/bin:/usr/sbin:/usr/bin:/sbin:/bin:/home/user/.node_modules_global/bin"}
===============================:
[1689022925453] INFO  (ext): LanguageClient ready
    ns: "lc"
[1689022925451] INFO  (ls): Initialized with node version:v16.19.1
[1689022926705] INFO  (ext): EXECUTING COMMAND => sqltools.refreshTree
[1689022926705] INFO  (ext): Connection explorer changed. Will be updated.
    ns: "conn-man:explorer"
[1689022926902] INFO  (ext): registering SQLite Plugin (driver).
    plugin: {
      "extensionId": "mtxr.sqltools-driver-sqlite",
      "name": "SQLite Plugin",
      "type": "driver"
    }
[1689022926903] INFO  (ls): REQUEST RECEIVED => ls/RegisterPlugin
[1689022926903] INFO  (ls): request to register plugin: "/extbin/local/openvscode-server/extensions/sqltools-driver-sqlite-0.4.0/out/ls/plugin.js"
[1689022926934] INFO  (ls): Driver sqlite registered!
    place: "driver-map"
    ns: "ls-context"
[1689022926993] INFO  (ext): SQLite Plugin (driver) registered!
[1689022927089] INFO  (ext): Connection explorer changed. Will be updated.
    ns: "conn-man:explorer"
[1689022927322] INFO  (ext): Connection explorer changed. Will be updated.
    ns: "conn-man:explorer"
[1689022927994] INFO  (ext): Connection explorer changed. Will be updated.
    ns: "conn-man:explorer"
[1689022928012] INFO  (ext): EXECUTING COMMAND => sqltools.refreshTree
[1689022928013] INFO  (ext): Connection explorer changed. Will be updated.
    ns: "conn-man:explorer"
[1689022928182] INFO  (ext): Connection explorer changed. Will be updated.
    ns: "conn-man:explorer"
[1689022928345] INFO  (ext): Connection explorer changed. Will be updated.
    ns: "conn-man:explorer"
[1689022928517] INFO  (ext): Connection explorer changed. Will be updated.
    ns: "conn-man:explorer"
[1689022928532] INFO  (ext): Connection explorer changed. Will be updated.
    ns: "conn-man:explorer"
[1689022928532] INFO  (ext): Connection explorer changed. Will be updated.
    ns: "conn-man:explorer"
[1689022928744] INFO  (ext): Connection explorer changed. Will be updated.
    ns: "conn-man:explorer"
[1689022929340] INFO  (ext): Connection explorer changed. Will be updated.
    ns: "conn-man:explorer"
[1689023014071] INFO  (ext): Connection explorer changed. Will be updated.
    ns: "conn-man:explorer"
[1689023028590] INFO  (ext): Connection explorer changed. Will be updated.
    ns: "conn-man:explorer"
[1689023058104] INFO  (ext): Connection explorer changed. Will be updated.
    ns: "conn-man:explorer"
[1689023078924] INFO  (ext): Connection explorer changed. Will be updated.
    ns: "conn-man:explorer"
[1689023106808] INFO  (ext): Connection explorer changed. Will be updated.
    ns: "conn-man:explorer"
[1689023107135] INFO  (ext): Connection explorer changed. Will be updated.
    ns: "conn-man:explorer"
[1689023108164] INFO  (ext): Connection explorer changed. Will be updated.
    ns: "conn-man:explorer"
[1689023108679] INFO  (ext): Connection explorer changed. Will be updated.
    ns: "conn-man:explorer"
[1689023108762] INFO  (ext): Connection explorer changed. Will be updated.
    ns: "conn-man:explorer"
[1689023108763] INFO  (ext): Connection explorer changed. Will be updated.
    ns: "conn-man:explorer"
[1689023108763] INFO  (ext): Connection explorer changed. Will be updated.
    ns: "conn-man:explorer"
[1689023109044] INFO  (ext): Connection explorer changed. Will be updated.
    ns: "conn-man:explorer"
[1689023109162] INFO  (ext): Connection explorer changed. Will be updated.
    ns: "conn-man:explorer"
[1689023110110] INFO  (ext): Connection explorer changed. Will be updated.
    ns: "conn-man:explorer"
[1689023155409] INFO  (ext): Connection explorer changed. Will be updated.
    ns: "conn-man:explorer"
[1689023192300] INFO  (ext): Connection explorer changed. Will be updated.
    ns: "conn-man:explorer"
[1689023433852] INFO  (ext): Connection explorer changed. Will be updated.
    ns: "conn-man:explorer"
[1689023443088] INFO  (ext): Connection explorer changed. Will be updated.
    ns: "conn-man:explorer"
[1689023463045] INFO  (ext): Connection explorer changed. Will be updated.
    ns: "conn-man:explorer"
[1689023463440] INFO  (ext): Connection explorer changed. Will be updated.
    ns: "conn-man:explorer"
[1689023463899] INFO  (ext): Connection explorer changed. Will be updated.
    ns: "conn-man:explorer"
[1689023464072] INFO  (ext): Connection explorer changed. Will be updated.
    ns: "conn-man:explorer"
[1689023464137] INFO  (ext): Connection explorer changed. Will be updated.
    ns: "conn-man:explorer"
[1689023464224] INFO  (ext): Connection explorer changed. Will be updated.
    ns: "conn-man:explorer"
[1689023464225] INFO  (ext): Connection explorer changed. Will be updated.
    ns: "conn-man:explorer"
[1689023464260] INFO  (ext): Connection explorer changed. Will be updated.
    ns: "conn-man:explorer"
[1689023464261] INFO  (ext): Connection explorer changed. Will be updated.
    ns: "conn-man:explorer"
[1689023464943] INFO  (ext): Connection explorer changed. Will be updated.
    ns: "conn-man:explorer"
[1689023500717] INFO  (ext): Connection explorer changed. Will be updated.
    ns: "conn-man:explorer"
[1689023506961] INFO  (ext): Connection explorer changed. Will be updated.
    ns: "conn-man:explorer"
[1689023511378] INFO  (ext): Connection explorer changed. Will be updated.
    ns: "conn-man:explorer"
[1689023530953] INFO  (ext): Connection explorer changed. Will be updated.
    ns: "conn-man:explorer"
[1689023531588] INFO  (ext): Connection explorer changed. Will be updated.
    ns: "conn-man:explorer"
[1689023643823] INFO  (ext): Connection explorer changed. Will be updated.
    ns: "conn-man:explorer"
[1689023644940] INFO  (ext): Connection explorer changed. Will be updated.
    ns: "conn-man:explorer"
[1689023645210] INFO  (ext): Connection explorer changed. Will be updated.
    ns: "conn-man:explorer"
[1689023645298] INFO  (ext): Connection explorer changed. Will be updated.
    ns: "conn-man:explorer"
[1689023645298] INFO  (ext): Connection explorer changed. Will be updated.
    ns: "conn-man:explorer"
[1689023645313] INFO  (ext): Connection explorer changed. Will be updated.
    ns: "conn-man:explorer"
[1689023645314] INFO  (ext): Connection explorer changed. Will be updated.
    ns: "conn-man:explorer"
[1689023645468] INFO  (ext): Connection explorer changed. Will be updated.
    ns: "conn-man:explorer"
[1689023646343] INFO  (ext): Connection explorer changed. Will be updated.
    ns: "conn-man:explorer"
[1689023778990] INFO  (ext): Connection explorer changed. Will be updated.
    ns: "conn-man:explorer"
[1689023784491] INFO  (ext): Connection explorer changed. Will be updated.
    ns: "conn-man:explorer"
[1689023823992] INFO  (ext): Connection explorer changed. Will be updated.
    ns: "conn-man:explorer"
[1689023825242] INFO  (ext): Connection explorer changed. Will be updated.
    ns: "conn-man:explorer"
[1689023825716] INFO  (ext): Connection explorer changed. Will be updated.
    ns: "conn-man:explorer"
[1689023825802] INFO  (ext): Connection explorer changed. Will be updated.
    ns: "conn-man:explorer"
[1689023825802] INFO  (ext): Connection explorer changed. Will be updated.
    ns: "conn-man:explorer"
[1689023825816] INFO  (ext): Connection explorer changed. Will be updated.
    ns: "conn-man:explorer"
[1689023825817] INFO  (ext): Connection explorer changed. Will be updated.
    ns: "conn-man:explorer"
[1689023826203] INFO  (ext): Connection explorer changed. Will be updated.
    ns: "conn-man:explorer"
[1689023827061] INFO  (ext): Connection explorer changed. Will be updated.
    ns: "conn-man:explorer"
