18:21:04 [INFO] - Running activation sequence for Fiori tools - Application Modeler
18:21:04 [INFO] - Configurations: 'sap.ux.applicationModeler.showJsonSchemas': false; isTheia(): false; isAppStudio(): true
18:21:04 [INFO] - AppFolders: starting processing setAppFoldersContext()
18:21:04 [INFO] - Register Fiori tools file system for configurations...
18:21:04 [INFO] - ...Fiori tools file system registered in 1.660ms
18:21:04 [INFO] - Register views for configurations...
18:21:04 [INFO] - ...views for configurations registered in 1.855ms
18:21:04 [INFO] - Register commands...
18:21:04 [INFO] - ...commands registered in 6.920ms
18:21:04 [INFO] - Register serializers...
18:21:04 [INFO] - ...serializers registered in 0.530ms
18:21:04 [INFO] - Activating sync module...
18:21:04 [INFO] - Virtual file system ftfs initialized in 0.206ms
18:21:04 [INFO] - Searching for projects in these workspace folders: 
[ '/home/user/projects/proj1' ]
18:21:07 [INFO] - AppFolders:
	projectRoots: 0
	appRoots: 0
	webappRoots: 0
	subWebappRoots: 0
	localServiceRoots: 0
	adaptationAppRoots: 0
	extensionAppRoots: 0
	extensionWebappRoots: 0
	libraryRoots: 0
18:21:07 [INFO] - AppFolders: Function setContext() done in 2879.599ms
18:21:07 [INFO] - SAP UX projects found and added in 2859.673ms
18:21:07 [INFO] - Start watching **/package.json
18:21:07 [INFO] - package.json watched in 1.150ms
18:21:07 [INFO] - Start watching for workspace folder changes
18:21:07 [INFO] - Workspace folders watched in 0.676ms
18:21:07 [INFO] - Configs watched in 0.297ms
18:21:07 [INFO] - ...sync module activated in 2864.849ms
18:21:07 [INFO] - Activating launch config integration
18:21:07 [INFO] - Handler for Fiori launch configuration registered
18:21:07 [INFO] - ...launch config integration activated in 1.205ms
18:21:07 [INFO] - Activating migration module...
18:21:07 [INFO] - SAP Fiori tools - Application Modeler
'Migration start watching for workspace folder changes'
18:21:07 [INFO] - Workspace folders watched in 0.861ms
18:21:07 [INFO] - SAP Fiori tools - Application Modeler
'Migration start watching **/package.json'
18:21:07 [INFO] - package.json watched in 0.717ms
18:21:07 [INFO] - SAP Fiori tools - Application Modeler
'Migration start watching **/pom.xml'
18:21:07 [INFO] - pom.xml watched in 0.933ms
18:21:07 [INFO] - SAP Fiori tools - Application Modeler
'Migration start watching **/neo-app.json'
18:21:07 [INFO] - neo-app.json watched in 0.876ms
18:21:07 [INFO] - SAP Fiori tools - Application Modeler
'Migration start watching **/manifest.json'
18:21:07 [INFO] - manifest.json watched in 0.766ms
18:21:12 [INFO] - ...migration module activated in 5655.350ms
18:21:12 [INFO] - activation sequence for Fiori tools - Application Modeler done in 8882.321ms
19:00:06 [INFO] - Function getRunnables() was called
19:00:06 [INFO] - Function getRunnables() returns
[]
19:07:08 [INFO] - Searching for projects in these workspace folders: 
[ '/home/user/projects/HC_OFFICE_SUPLLIES' ]
