[1686766872678] INFO  (ext): SQLTools is starting
[1686766872689] INFO  (ext): initializing language client...
[1686766872692] INFO  (ext): Registering client for languages [{"scheme":"sqltools"},{"language":"sql","scheme":"untitled"},{"language":"sql","scheme":"file"},{"language":"sql","scheme":"sqltools"}]
    ns: "lc"
[1686766872707] INFO  (ext): loading plugins...
[1686766872707] INFO  (ext): registering Formatter Plugin.
    plugin: {
      "name": "Formatter Plugin"
    }
[1686766872708] INFO  (ext): registering Connection Manager Plugin.
    plugin: {
      "name": "Connection Manager Plugin"
    }
[1686766872709] INFO  (ext): registering CodeLens Plugin.
    plugin: {
      "name": "CodeLens Plugin",
      "registeredLanguages": []
    }
[1686766872712] INFO  (ext): registering Dependency Manager Plugin.
    plugin: {
      "name": "Dependency Manager Plugin",
      "installingDrivers": []
    }
[1686766872714] INFO  (ext): Connection explorer changed. Will be updated.
    ns: "conn-man:explorer"
[1686766872715] INFO  (ext): registering History Manager Plugin.
    plugin: {
      "name": "History Manager Plugin"
    }
[1686766872716] INFO  (ext): registering Bookmarks Manager Plugin.
    plugin: {
      "name": "Bookmarks Manager Plugin"
    }
[1686766872720] INFO  (ext): SQLTools activation completed. 41.390621 ms
[1686766872720] INFO  (ext): Formatter Plugin registered!
[1686766872721] INFO  (ext): CodeLens Plugin registered!
[1686766872721] INFO  (ext): Dependency Manager Plugin registered!
[1686766872721] INFO  (ext): Connection Manager Plugin registered!
[1686766872721] INFO  (ext): History Manager Plugin registered!
[1686766872721] INFO  (ext): Bookmarks Manager Plugin registered!
[1686766872914] INFO  (ext): Connection explorer changed. Will be updated.
    ns: "conn-man:explorer"
[1686766872920] INFO  (ext): Connection explorer changed. Will be updated.
    ns: "conn-man:explorer"
[1686766873053] INFO  (ls): SQLTools Server started!
===============================
Using node runtime?: yes
ExecPath: /opt/nodejs/node-v16.11.1-linux-x64/bin/node v16.11.1
===============================
[1686766873063] INFO  (ls): User defined env vars
===============================
{"PATH":"/usr/local/sbin:/usr/local/bin:/usr/sbin:/usr/bin:/sbin:/bin:/home/user/.node_modules_global/bin"}
===============================:
[1686766874483] INFO  (ext): LanguageClient ready
    ns: "lc"
[1686766874486] INFO  (ext): EXECUTING COMMAND => sqltools.refreshTree
[1686766874487] INFO  (ext): Connection explorer changed. Will be updated.
    ns: "conn-man:explorer"
[1686766874467] INFO  (ls): Initialized with node version:v16.11.1
[1686766874800] INFO  (ext): Connection explorer changed. Will be updated.
    ns: "conn-man:explorer"
[1686766878314] INFO  (ext): registering SQLite Plugin (driver).
    plugin: {
      "extensionId": "mtxr.sqltools-driver-sqlite",
      "name": "SQLite Plugin",
      "type": "driver"
    }
[1686766878315] INFO  (ls): REQUEST RECEIVED => ls/RegisterPlugin
[1686766878316] INFO  (ls): request to register plugin: "/extbin/local/openvscode-server/extensions/sqltools-driver-sqlite-0.4.0/out/ls/plugin.js"
[1686766878392] INFO  (ls): Driver sqlite registered!
    place: "driver-map"
    ns: "ls-context"
[1686766878440] INFO  (ext): SQLite Plugin (driver) registered!
[1686766880386] INFO  (ext): EXECUTING COMMAND => sqltools.refreshTree
[1686766880386] INFO  (ext): Connection explorer changed. Will be updated.
    ns: "conn-man:explorer"
[1686766962943] INFO  (ext): Connection explorer changed. Will be updated.
    ns: "conn-man:explorer"
