{
  "label": "vscode-wing-cap-run",
  "level": "warn",
  "message": "Activating the 'vscode-wing-cap-run' extension...",
  "time": "2023-06-14T18:21:22.893Z"
}
{
  "label": "vscode-wing-cap-run",
  "level": "warn",
  "message": "The \"vscode-wing-cap-run\" extension is now active.",
  "time": "2023-06-14T18:21:22.914Z"
}
{
  "label": "vscode-wing-cap-run",
  "level": "warn",
  "message": "Language Client of CDS LSP is ready.",
  "time": "2023-06-14T18:21:22.914Z"
}
{
  "label": "vscode-wing-cap-run",
  "level": "error",
  "message": "ENOENT: no such file or directory, open '/home/user/projects/proj1/package.json'",
  "time": "2023-06-14T19:00:06.847Z"
}
