[1689015160233] INFO  (ext): SQLTools is starting
[1689015160238] INFO  (ext): initializing language client...
[1689015160458] INFO  (ext): Registering client for languages [{"scheme":"sqltools"},{"language":"sql","scheme":"untitled"},{"language":"sql","scheme":"file"},{"language":"sql","scheme":"sqltools"}]
    ns: "lc"
[1689015160499] INFO  (ext): loading plugins...
[1689015160499] INFO  (ext): registering Formatter Plugin.
    plugin: {
      "name": "Formatter Plugin"
    }
[1689015160499] INFO  (ext): registering Connection Manager Plugin.
    plugin: {
      "name": "Connection Manager Plugin"
    }
[1689015160499] INFO  (ext): registering CodeLens Plugin.
    plugin: {
      "name": "CodeLens Plugin",
      "registeredLanguages": []
    }
[1689015160501] INFO  (ext): registering Dependency Manager Plugin.
    plugin: {
      "name": "Dependency Manager Plugin",
      "installingDrivers": []
    }
[1689015160502] INFO  (ext): Connection explorer changed. Will be updated.
    ns: "conn-man:explorer"
[1689015160502] INFO  (ext): registering History Manager Plugin.
    plugin: {
      "name": "History Manager Plugin"
    }
[1689015160503] INFO  (ext): registering Bookmarks Manager Plugin.
    plugin: {
      "name": "Bookmarks Manager Plugin"
    }
[1689015160504] INFO  (ext): SQLTools activation completed. 270.365602 ms
[1689015160535] INFO  (ext): Formatter Plugin registered!
[1689015160536] INFO  (ext): CodeLens Plugin registered!
[1689015160536] INFO  (ext): Dependency Manager Plugin registered!
[1689015160536] INFO  (ext): Connection Manager Plugin registered!
[1689015160536] INFO  (ext): History Manager Plugin registered!
[1689015160536] INFO  (ext): Bookmarks Manager Plugin registered!
[1689015160646] INFO  (ls): SQLTools Server started!
===============================
Using node runtime?: yes
ExecPath: /opt/nodejs/node-v16.19.1-linux-x64/bin/node v16.19.1
===============================
[1689015160650] INFO  (ls): User defined env vars
===============================
{"PATH":"/usr/local/sbin:/usr/local/bin:/usr/sbin:/usr/bin:/sbin:/bin:/home/user/.node_modules_global/bin"}
===============================:
[1689015161544] INFO  (ext): LanguageClient ready
    ns: "lc"
[1689015161576] INFO  (ext): EXECUTING COMMAND => sqltools.refreshTree
[1689015161576] INFO  (ext): Connection explorer changed. Will be updated.
    ns: "conn-man:explorer"
[1689015161543] INFO  (ls): Initialized with node version:v16.19.1
[1689015162272] INFO  (ext): registering SQLite Plugin (driver).
    plugin: {
      "extensionId": "mtxr.sqltools-driver-sqlite",
      "name": "SQLite Plugin",
      "type": "driver"
    }
[1689015163199] INFO  (ext): Connection explorer changed. Will be updated.
    ns: "conn-man:explorer"
[1689015162273] INFO  (ls): REQUEST RECEIVED => ls/RegisterPlugin
[1689015162273] INFO  (ls): request to register plugin: "/extbin/local/openvscode-server/extensions/sqltools-driver-sqlite-0.4.0/out/ls/plugin.js"
[1689015162301] INFO  (ls): Driver sqlite registered!
    place: "driver-map"
    ns: "ls-context"
[1689015163208] INFO  (ext): SQLite Plugin (driver) registered!
[1689015164340] INFO  (ext): EXECUTING COMMAND => sqltools.refreshTree
[1689015164341] INFO  (ext): Connection explorer changed. Will be updated.
    ns: "conn-man:explorer"
