18:52:40 [INFO] - Running activation sequence for Fiori tools - Application Modeler
18:52:40 [INFO] - Configurations: 'sap.ux.applicationModeler.showJsonSchemas': false; isTheia(): false; isAppStudio(): true
18:52:41 [INFO] - AppFolders: setAppFoldersContext() already done, leaving
18:52:41 [INFO] - Register Fiori tools file system for configurations...
18:52:41 [INFO] - ...Fiori tools file system registered in 0.704ms
18:52:41 [INFO] - Register views for configurations...
18:52:41 [INFO] - ...views for configurations registered in 0.911ms
18:52:41 [INFO] - Register commands...
18:52:41 [INFO] - ...commands registered in 3.403ms
18:52:41 [INFO] - Register serializers...
18:52:41 [INFO] - ...serializers registered in 0.331ms
18:52:41 [INFO] - Activating sync module...
18:52:41 [INFO] - Virtual file system ftfs initialized in 0.104ms
18:52:41 [INFO] - SAP UX projects found and added in 0.349ms
18:52:41 [INFO] - Start watching **/package.json
18:52:41 [INFO] - package.json watched in 0.552ms
18:52:41 [INFO] - Start watching for workspace folder changes
18:52:41 [INFO] - Workspace folders watched in 0.381ms
18:52:41 [INFO] - Configs watched in 0.095ms
18:52:41 [INFO] - ...sync module activated in 2.997ms
18:52:41 [INFO] - Activating launch config integration
18:52:41 [INFO] - Handler for Fiori launch configuration registered
18:52:41 [INFO] - ...launch config integration activated in 0.803ms
18:52:41 [INFO] - Activating migration module...
18:52:41 [INFO] - SAP Fiori tools - Application Modeler
'Migration start watching for workspace folder changes'
18:52:41 [INFO] - Workspace folders watched in 0.625ms
18:52:41 [INFO] - SAP Fiori tools - Application Modeler
'Migration start watching **/package.json'
18:52:41 [INFO] - package.json watched in 0.467ms
18:52:41 [INFO] - SAP Fiori tools - Application Modeler
'Migration start watching **/pom.xml'
18:52:41 [INFO] - pom.xml watched in 0.399ms
18:52:41 [INFO] - SAP Fiori tools - Application Modeler
'Migration start watching **/neo-app.json'
18:52:41 [INFO] - neo-app.json watched in 0.458ms
18:52:41 [INFO] - SAP Fiori tools - Application Modeler
'Migration start watching **/manifest.json'
18:52:41 [INFO] - manifest.json watched in 0.374ms
18:52:41 [INFO] - ...migration module activated in 3.729ms
18:52:41 [INFO] - activation sequence for Fiori tools - Application Modeler done in 1239.228ms
