2023-07-18 20:50:35.774 [error] No bundle location found for extension vscode.emmet
2023-07-18 20:50:35.799 [error] No bundle location found for extension SAPOSS.code-snippet
2023-07-18 20:50:35.799 [error] No bundle location found for extension SAP.vscode-wing-cf-tools
2023-07-18 20:50:35.946 [error] No bundle location found for extension SAPOSS.app-studio-toolkit
2023-07-18 20:50:36.212 [error] No bundle location found for extension SAPSE.fs-usage-popup-vscode-extensions
2023-07-18 20:50:36.277 [error] No bundle location found for extension SAPOSS.app-studio-toolkit-themes
2023-07-18 20:50:36.277 [error] No bundle location found for extension SAP.vscode-watt-framework-extension
2023-07-18 20:50:36.410 [error] No bundle location found for extension vscode.git-base
2023-07-18 20:50:36.412 [error] No bundle location found for extension donjayamanne.githistory
2023-07-18 20:50:36.470 [error] No bundle location found for extension SAPSE.sap-ux-application-modeler-extension
2023-07-18 20:50:37.601 [error] No bundle location found for extension eamodio.gitlens
2023-07-18 20:50:37.647 [error] No bundle location found for extension SAP.vscode-wing-gerrit
2023-07-18 20:50:37.647 [error] No bundle location found for extension SAPSE.vscode-wing-java-run
2023-07-18 20:50:37.751 [error] No bundle location found for extension SAPSE.sap-ux-help-extension
2023-07-18 20:50:38.899 [error] No bundle location found for extension SAPSE.sap-ux-service-modeler-extension
2023-07-18 20:50:38.906 [error] No bundle location found for extension mtxr.sqltools
2023-07-18 20:50:39.765 [error] No bundle location found for extension SAP.vscode-bas-extension
2023-07-18 20:50:39.999 [error] No bundle location found for extension SAPOSS.vscode-dependencies-validation
2023-07-18 20:50:39.999 [error] No bundle location found for extension SAPOSS.vscode-deps-upgrade-tool
2023-07-18 20:50:40.130 [error] No bundle location found for extension SAPSE.vscode-node-version-check
2023-07-18 20:50:40.214 [error] No bundle location found for extension SAPSE.vscode-tasks-explorer-tasks-panel
2023-07-18 20:50:40.277 [error] No bundle location found for extension SAPOSS.vscode-ui5-language-assistant
2023-07-18 20:50:40.655 [error] No bundle location found for extension SAP.vscode-wing-run-config
2023-07-18 20:50:40.736 [error] No bundle location found for extension SAPSE.vscode-wing-cds-editor-bas
2023-07-18 20:50:40.958 [error] No bundle location found for extension SAPSE.vscode-cds
2023-07-18 20:50:41.243 [error] No bundle location found for extension SAPSE.vscode-wing-expose-router-ports
2023-07-18 20:50:41.352 [error] No bundle location found for extension vscode.npm
2023-07-18 20:50:41.421 [error] No bundle location found for extension SAPOSS.guided-development
2023-07-18 20:50:41.421 [error] No bundle location found for extension SAPSE.vscode-wing-storyboard
2023-07-18 20:50:41.615 [error] No bundle location found for extension SAPOS.yeoman-ui
2023-07-18 20:50:41.615 [error] No bundle location found for extension SAPSE.lcap-task-contrib
2023-07-18 20:50:42.344 [error] No bundle location found for extension SAP.vscode-wing-welcome-screen
2023-07-18 20:50:42.427 [error] No bundle location found for extension SAP.hana-runtime-tools
2023-07-18 20:50:42.427 [error] No bundle location found for extension SAPSE.vscode-bas-fiori-tools
2023-07-18 20:50:42.489 [error] No bundle location found for extension SAPSE.vscode-wing-cap-guided-development
2023-07-18 20:50:42.842 [error] No bundle location found for extension SAP.mta-editor-vscode
2023-07-18 20:50:42.842 [error] No bundle location found for extension SAPSE.webide-hdi-base-feature-vscode
2023-07-18 20:50:42.909 [error] No bundle location found for extension sap.process-template-editor-vscode
2023-07-18 20:50:42.998 [error] No bundle location found for extension SAP.sap-bas-vscode-w5g
2023-07-18 20:50:43.002 [error] No bundle location found for extension SAP.vscode-bas-extensibility
2023-07-18 20:50:43.012 [error] No bundle location found for extension sap.workflow-editor-vscode
2023-07-18 20:50:43.114 [error] No bundle location found for extension SAPSE.webide-hdi-feature-vscode
2023-07-18 20:50:43.132 [error] No bundle location found for extension vscode.git
2023-07-18 20:50:43.533 [error] No bundle location found for extension mtxr.sqltools-driver-sqlite
2023-07-18 20:50:43.561 [error] No bundle location found for extension SAPSE.hana-project-explorer
2023-07-18 20:50:44.028 [error] No bundle location found for extension SAPSE.cicd-extension
2023-07-18 20:50:44.132 [error] No bundle location found for extension SAP.adp-ve-bas-ext
2023-07-18 20:50:44.133 [error] No bundle location found for extension SAPSE.vscode-mta-tools
2023-07-18 20:50:44.687 [error] No bundle location found for extension SAP.hana-eim-sdi
2023-07-18 20:50:44.720 [error] No bundle location found for extension sap.workflow-form-editor-vscode
2023-07-18 20:50:45.253 [error] No bundle location found for extension SAPSE.vscode-wing-cap-run
2023-07-18 20:50:45.627 [error] No bundle location found for extension vscode.debug-auto-launch
2023-07-18 20:50:45.644 [error] No bundle location found for extension SAPSE.hana-database-explorer
2023-07-18 20:50:45.910 [error] No bundle location found for extension vscode.merge-conflict
2023-07-18 20:50:46.806 [error] No bundle location found for extension vscode.extension-editing
2023-07-18 20:50:46.806 [error] No bundle location found for extension vscode.json-language-features
2023-07-18 20:53:27.651 [error] Error: ENOENT: no such file or directory, stat '/home/user/projects/HC_OFFICE_SUPLLIES/.env1'
