2023-07-17 19:49:15.717 [error] No bundle location found for extension SAPOSS.app-studio-toolkit
2023-07-17 19:49:15.717 [error] No bundle location found for extension SAPSE.vscode-cds
2023-07-17 19:49:16.219 [error] No bundle location found for extension vscode.emmet
2023-07-17 19:49:16.256 [error] No bundle location found for extension SAPOSS.code-snippet
2023-07-17 19:49:16.256 [error] No bundle location found for extension SAP.vscode-wing-cf-tools
2023-07-17 19:49:16.424 [error] No bundle location found for extension SAP.vscode-wing-run-config
2023-07-17 19:49:16.483 [error] No bundle location found for extension SAPOSS.app-studio-toolkit-themes
2023-07-17 19:49:16.488 [error] No bundle location found for extension SAPSE.sap-ux-application-modeler-extension
2023-07-17 19:49:16.488 [error] No bundle location found for extension SAPSE.sap-ux-help-extension
2023-07-17 19:49:18.726 [error] No bundle location found for extension SAPSE.sap-ux-service-modeler-extension
2023-07-17 19:49:18.726 [error] No bundle location found for extension mtxr.sqltools
2023-07-17 19:49:18.726 [error] No bundle location found for extension SAPOSS.vscode-dependencies-validation
2023-07-17 19:49:18.726 [error] No bundle location found for extension SAPOSS.vscode-deps-upgrade-tool
2023-07-17 19:49:18.726 [error] No bundle location found for extension SAP.vscode-watt-framework-extension
2023-07-17 19:49:18.727 [error] No bundle location found for extension SAPSE.vscode-node-version-check
2023-07-17 19:49:18.727 [error] No bundle location found for extension SAPSE.vscode-tasks-explorer-tasks-panel
2023-07-17 19:49:18.727 [error] No bundle location found for extension SAPOSS.vscode-ui5-language-assistant
2023-07-17 19:49:18.727 [error] No bundle location found for extension SAPSE.vscode-wing-cds-editor-bas
2023-07-17 19:49:18.727 [error] No bundle location found for extension SAPSE.vscode-wing-expose-router-ports
2023-07-17 19:49:20.485 [error] No bundle location found for extension SAP.vscode-wing-gerrit
2023-07-17 19:49:20.485 [error] No bundle location found for extension SAPSE.vscode-wing-java-run
2023-07-17 19:49:20.639 [error] No bundle location found for extension SAPSE.fs-usage-popup-vscode-extensions
2023-07-17 19:49:20.724 [error] No bundle location found for extension vscode.npm
2023-07-17 19:49:20.840 [error] No bundle location found for extension vscode.git-base
2023-07-17 19:49:20.854 [error] No bundle location found for extension donjayamanne.githistory
2023-07-17 19:49:20.854 [error] No bundle location found for extension eamodio.gitlens
2023-07-17 19:49:20.969 [error] No bundle location found for extension SAP.vscode-bas-extension
2023-07-17 19:49:21.245 [error] No bundle location found for extension SAPOSS.guided-development
2023-07-17 19:49:21.245 [error] No bundle location found for extension SAPSE.vscode-wing-storyboard
2023-07-17 19:49:21.245 [error] No bundle location found for extension SAPSE.lcap-task-contrib
2023-07-17 19:49:21.450 [error] No bundle location found for extension SAPOS.yeoman-ui
2023-07-17 19:49:21.450 [error] No bundle location found for extension SAP.vscode-wing-welcome-screen
2023-07-17 19:49:22.164 [error] No bundle location found for extension SAPSE.vscode-wing-cap-guided-development
2023-07-17 19:49:22.510 [error] No bundle location found for extension SAPSE.vscode-bas-fiori-tools
2023-07-17 19:49:22.593 [error] No bundle location found for extension SAPSE.hana-project-explorer
2023-07-17 19:49:23.078 [error] No bundle location found for extension SAP.sap-bas-vscode-w5g
2023-07-17 19:49:23.078 [error] No bundle location found for extension SAP.vscode-bas-extensibility
2023-07-17 19:49:23.090 [error] No bundle location found for extension mtxr.sqltools-driver-sqlite
2023-07-17 19:49:23.094 [error] No bundle location found for extension SAPSE.webide-hdi-base-feature-vscode
2023-07-17 19:49:23.120 [error] No bundle location found for extension SAP.mta-editor-vscode
2023-07-17 19:49:23.174 [error] No bundle location found for extension SAPSE.webide-hdi-feature-vscode
2023-07-17 19:49:23.188 [error] No bundle location found for extension SAP.hana-runtime-tools
2023-07-17 19:49:23.189 [error] No bundle location found for extension sap.process-template-editor-vscode
2023-07-17 19:49:23.265 [error] No bundle location found for extension sap.workflow-editor-vscode
2023-07-17 19:49:23.346 [error] No bundle location found for extension vscode.git
2023-07-17 19:49:23.482 [error] No bundle location found for extension SAPSE.cicd-extension
2023-07-17 19:49:23.889 [error] No bundle location found for extension SAPSE.vscode-mta-tools
2023-07-17 19:49:23.889 [error] No bundle location found for extension SAP.adp-ve-bas-ext
2023-07-17 19:49:24.842 [error] No bundle location found for extension SAP.hana-eim-sdi
2023-07-17 19:49:24.851 [error] No bundle location found for extension sap.workflow-form-editor-vscode
2023-07-17 19:49:24.883 [error] No bundle location found for extension SAPSE.vscode-wing-cap-run
2023-07-17 19:49:25.728 [error] No bundle location found for extension vscode.debug-auto-launch
2023-07-17 19:49:25.751 [error] No bundle location found for extension SAPSE.hana-database-explorer
2023-07-17 19:49:25.751 [error] No bundle location found for extension vscode.merge-conflict
2023-07-17 20:02:48.829 [error] Error: ENOENT: no such file or directory, stat '/home/user/projects/HC_OFFICE_SUPLLIES/srv'
2023-07-17 20:03:06.875 [error] Error: ENOENT: no such file or directory, stat '/home/user/projects/HC_OFFICE_SUPLLIES/db/src/cat-services.cds'
2023-07-17 20:15:12.926 [error] Canceled: Canceled
	at new l (/extbin/local/openvscode-server/out/vs/workbench/api/node/extensionHostProcess.js:98:104563)
	at r.O (/extbin/local/openvscode-server/out/vs/workbench/api/node/extensionHostProcess.js:110:11657)
	at Proxy.H.<computed>.x.charCodeAt.H.<computed> (/extbin/local/openvscode-server/out/vs/workbench/api/node/extensionHostProcess.js:110:8947)
	at e.ExtHostCommands.g (/extbin/local/openvscode-server/out/vs/workbench/api/node/extensionHostProcess.js:98:124729)
	at e.ExtHostCommands.executeCommand (/extbin/local/openvscode-server/out/vs/workbench/api/node/extensionHostProcess.js:98:124105)
	at I.registerCommand.description (/extbin/local/openvscode-server/out/vs/workbench/api/node/extensionHostProcess.js:98:123398)
	at e.ExtHostCommands.h (/extbin/local/openvscode-server/out/vs/workbench/api/node/extensionHostProcess.js:98:125315)
	at e.ExtHostCommands.g (/extbin/local/openvscode-server/out/vs/workbench/api/node/extensionHostProcess.js:98:124205)
	at e.ExtHostCommands.executeCommand (/extbin/local/openvscode-server/out/vs/workbench/api/node/extensionHostProcess.js:98:124105)
	at Object.executeCommand (/extbin/local/openvscode-server/out/vs/workbench/api/node/extensionHostProcess.js:116:24043)
	at D (/extbin/local/openvscode-server/extensions/git/dist/main.js:2:1259661)
	at v.invoke (/extbin/local/openvscode-server/out/vs/workbench/api/node/extensionHostProcess.js:63:145)
	at h.deliver (/extbin/local/openvscode-server/out/vs/workbench/api/node/extensionHostProcess.js:63:2121)
	at i.fire (/extbin/local/openvscode-server/out/vs/workbench/api/node/extensionHostProcess.js:63:1729)
	at Object.m [as dispose] (/extbin/local/openvscode-server/extensions/git/dist/main.js:2:1274494)
	at /extbin/local/openvscode-server/extensions/git/dist/main.js:2:1278940
	at Array.forEach (<anonymous>)
	at g.dispose (/extbin/local/openvscode-server/extensions/git/dist/main.js:2:1278926)
	at t.<anonymous> (/extbin/local/openvscode-server/out/vs/workbench/api/node/extensionHostProcess.js:96:12369)
	at t.dispose (/extbin/local/openvscode-server/out/vs/workbench/api/node/extensionHostProcess.js:96:12504)
	at t.<anonymous> (/extbin/local/openvscode-server/extensions/git/dist/main.js:2:1261791)
	at t.dispose (/extbin/local/openvscode-server/out/vs/workbench/api/node/extensionHostProcess.js:96:12504)
	at P (/extbin/local/openvscode-server/out/vs/workbench/api/node/extensionHostProcess.js:10:12080)
	at v.Y (/extbin/local/openvscode-server/out/vs/workbench/api/node/extensionHostProcess.js:112:11173)
	at /extbin/local/openvscode-server/out/vs/workbench/api/node/extensionHostProcess.js:112:9157
	at Array.map (<anonymous>)
	at v.R (/extbin/local/openvscode-server/out/vs/workbench/api/node/extensionHostProcess.js:112:9144)
	at v.terminate (/extbin/local/openvscode-server/out/vs/workbench/api/node/extensionHostProcess.js:112:9415)
	at d.terminate (/extbin/local/openvscode-server/out/vs/workbench/api/node/extensionHostProcess.js:116:1544)
	at p (/extbin/local/openvscode-server/out/vs/workbench/api/node/extensionHostProcess.js:126:34439)
	at /extbin/local/openvscode-server/out/vs/workbench/api/node/extensionHostProcess.js:126:32349
	at v.invoke (/extbin/local/openvscode-server/out/vs/workbench/api/node/extensionHostProcess.js:63:145)
	at h.deliver (/extbin/local/openvscode-server/out/vs/workbench/api/node/extensionHostProcess.js:63:2121)
	at i.fire (/extbin/local/openvscode-server/out/vs/workbench/api/node/extensionHostProcess.js:63:1729)
	at p.fire (/extbin/local/openvscode-server/out/vs/workbench/api/node/extensionHostProcess.js:72:14852)
	at c.E (/extbin/local/openvscode-server/out/vs/workbench/api/node/extensionHostProcess.js:72:18899)
	at /extbin/local/openvscode-server/out/vs/workbench/api/node/extensionHostProcess.js:72:16887
	at v.invoke (/extbin/local/openvscode-server/out/vs/workbench/api/node/extensionHostProcess.js:63:145)
	at h.deliver (/extbin/local/openvscode-server/out/vs/workbench/api/node/extensionHostProcess.js:63:2121)
	at i.fire (/extbin/local/openvscode-server/out/vs/workbench/api/node/extensionHostProcess.js:63:1729)
	at d.acceptChunk (/extbin/local/openvscode-server/out/vs/workbench/api/node/extensionHostProcess.js:72:12583)
	at /extbin/local/openvscode-server/out/vs/workbench/api/node/extensionHostProcess.js:72:11870
	at v.invoke (/extbin/local/openvscode-server/out/vs/workbench/api/node/extensionHostProcess.js:63:145)
	at h.deliver (/extbin/local/openvscode-server/out/vs/workbench/api/node/extensionHostProcess.js:63:2121)
	at i.fire (/extbin/local/openvscode-server/out/vs/workbench/api/node/extensionHostProcess.js:63:1729)
	at y.u (/extbin/local/openvscode-server/out/vs/workbench/api/node/extensionHostProcess.js:126:20019) setContext undefined
