[1689015704242] INFO  (ext): SQLTools is starting
[1689015704245] INFO  (ext): initializing language client...
[1689015704452] INFO  (ext): Registering client for languages [{"scheme":"sqltools"},{"language":"sql","scheme":"untitled"},{"language":"sql","scheme":"file"},{"language":"sql","scheme":"sqltools"}]
    ns: "lc"
[1689015704474] INFO  (ext): loading plugins...
[1689015704475] INFO  (ext): registering Formatter Plugin.
    plugin: {
      "name": "Formatter Plugin"
    }
[1689015704475] INFO  (ext): registering Connection Manager Plugin.
    plugin: {
      "name": "Connection Manager Plugin"
    }
[1689015704475] INFO  (ext): registering CodeLens Plugin.
    plugin: {
      "name": "CodeLens Plugin",
      "registeredLanguages": []
    }
[1689015704477] INFO  (ext): registering Dependency Manager Plugin.
    plugin: {
      "name": "Dependency Manager Plugin",
      "installingDrivers": []
    }
[1689015704478] INFO  (ext): Connection explorer changed. Will be updated.
    ns: "conn-man:explorer"
[1689015704478] INFO  (ext): registering History Manager Plugin.
    plugin: {
      "name": "History Manager Plugin"
    }
[1689015704479] INFO  (ext): registering Bookmarks Manager Plugin.
    plugin: {
      "name": "Bookmarks Manager Plugin"
    }
[1689015704480] INFO  (ext): SQLTools activation completed. 238.002219 ms
[1689015704499] INFO  (ext): Formatter Plugin registered!
[1689015704500] INFO  (ext): CodeLens Plugin registered!
[1689015704500] INFO  (ext): Dependency Manager Plugin registered!
[1689015704500] INFO  (ext): Connection Manager Plugin registered!
[1689015704500] INFO  (ext): History Manager Plugin registered!
[1689015704500] INFO  (ext): Bookmarks Manager Plugin registered!
[1689015705507] INFO  (ext): EXECUTING COMMAND => sqltools.refreshTree
[1689015705507] INFO  (ext): Connection explorer changed. Will be updated.
    ns: "conn-man:explorer"
[1689015705546] INFO  (ls): SQLTools Server started!
===============================
Using node runtime?: yes
ExecPath: /opt/nodejs/node-v16.19.1-linux-x64/bin/node v16.19.1
===============================
[1689015705549] INFO  (ls): User defined env vars
===============================
{"PATH":"/usr/local/sbin:/usr/local/bin:/usr/sbin:/usr/bin:/sbin:/bin:/home/user/.node_modules_global/bin"}
===============================:
[1689015705912] INFO  (ext): LanguageClient ready
    ns: "lc"
[1689015705909] INFO  (ls): Initialized with node version:v16.19.1
[1689015706455] INFO  (ext): registering SQLite Plugin (driver).
    plugin: {
      "extensionId": "mtxr.sqltools-driver-sqlite",
      "name": "SQLite Plugin",
      "type": "driver"
    }
[1689015707329] INFO  (ext): Connection explorer changed. Will be updated.
    ns: "conn-man:explorer"
[1689015706457] INFO  (ls): REQUEST RECEIVED => ls/RegisterPlugin
[1689015706457] INFO  (ls): request to register plugin: "/extbin/local/openvscode-server/extensions/sqltools-driver-sqlite-0.4.0/out/ls/plugin.js"
[1689015706536] INFO  (ls): Driver sqlite registered!
    place: "driver-map"
    ns: "ls-context"
[1689015707342] INFO  (ext): SQLite Plugin (driver) registered!
[1689015708444] INFO  (ext): EXECUTING COMMAND => sqltools.refreshTree
[1689015708444] INFO  (ext): Connection explorer changed. Will be updated.
    ns: "conn-man:explorer"
[1689015722261] INFO  (ext): Connection explorer changed. Will be updated.
    ns: "conn-man:explorer"
[1689015729414] INFO  (ext): Connection explorer changed. Will be updated.
    ns: "conn-man:explorer"
[1689015730347] INFO  (ext): Connection explorer changed. Will be updated.
    ns: "conn-man:explorer"
[1689015731176] INFO  (ext): Connection explorer changed. Will be updated.
    ns: "conn-man:explorer"
[1689015731802] INFO  (ext): Connection explorer changed. Will be updated.
    ns: "conn-man:explorer"
[1689015735355] INFO  (ext): Connection explorer changed. Will be updated.
    ns: "conn-man:explorer"
[1689015735895] INFO  (ext): Connection explorer changed. Will be updated.
    ns: "conn-man:explorer"
[1689015750049] INFO  (ext): Connection explorer changed. Will be updated.
    ns: "conn-man:explorer"
[1689015759069] INFO  (ext): Connection explorer changed. Will be updated.
    ns: "conn-man:explorer"
[1689015760271] INFO  (ext): Connection explorer changed. Will be updated.
    ns: "conn-man:explorer"
[1689015767424] INFO  (ext): Connection explorer changed. Will be updated.
    ns: "conn-man:explorer"
[1689015784681] INFO  (ext): Connection explorer changed. Will be updated.
    ns: "conn-man:explorer"
[1689016033276] INFO  (ext): Connection explorer changed. Will be updated.
    ns: "conn-man:explorer"
[1689016069446] INFO  (ext): Connection explorer changed. Will be updated.
    ns: "conn-man:explorer"
[1689016104845] INFO  (ext): Connection explorer changed. Will be updated.
    ns: "conn-man:explorer"
[1689016106285] INFO  (ext): Connection explorer changed. Will be updated.
    ns: "conn-man:explorer"
[1689016114311] INFO  (ext): Connection explorer changed. Will be updated.
    ns: "conn-man:explorer"
[1689016163601] INFO  (ext): Connection explorer changed. Will be updated.
    ns: "conn-man:explorer"
[1689016163844] INFO  (ext): Connection explorer changed. Will be updated.
    ns: "conn-man:explorer"
[1689016163926] INFO  (ext): Connection explorer changed. Will be updated.
    ns: "conn-man:explorer"
[1689016164308] INFO  (ext): Connection explorer changed. Will be updated.
    ns: "conn-man:explorer"
[1689016164333] INFO  (ext): Connection explorer changed. Will be updated.
    ns: "conn-man:explorer"
[1689016164687] INFO  (ext): Connection explorer changed. Will be updated.
    ns: "conn-man:explorer"
[1689016164760] INFO  (ext): Connection explorer changed. Will be updated.
    ns: "conn-man:explorer"
[1689016164760] INFO  (ext): Connection explorer changed. Will be updated.
    ns: "conn-man:explorer"
[1689016164776] INFO  (ext): Connection explorer changed. Will be updated.
    ns: "conn-man:explorer"
[1689016164778] INFO  (ext): Connection explorer changed. Will be updated.
    ns: "conn-man:explorer"
[1689016165405] INFO  (ext): Connection explorer changed. Will be updated.
    ns: "conn-man:explorer"
[1689016166555] INFO  (ext): Connection explorer changed. Will be updated.
    ns: "conn-man:explorer"
[1689016166556] INFO  (ext): Connection explorer changed. Will be updated.
    ns: "conn-man:explorer"
[1689016167342] INFO  (ext): Connection explorer changed. Will be updated.
    ns: "conn-man:explorer"
[1689016184747] INFO  (ext): Connection explorer changed. Will be updated.
    ns: "conn-man:explorer"
[1689016196719] INFO  (ext): Connection explorer changed. Will be updated.
    ns: "conn-man:explorer"
[1689016303614] INFO  (ext): Connection explorer changed. Will be updated.
    ns: "conn-man:explorer"
[1689016307822] INFO  (ext): Connection explorer changed. Will be updated.
    ns: "conn-man:explorer"
[1689016361068] INFO  (ext): Connection explorer changed. Will be updated.
    ns: "conn-man:explorer"
[1689016365511] INFO  (ext): Connection explorer changed. Will be updated.
    ns: "conn-man:explorer"
[1689016365871] INFO  (ext): Connection explorer changed. Will be updated.
    ns: "conn-man:explorer"
[1689016369985] INFO  (ext): Connection explorer changed. Will be updated.
    ns: "conn-man:explorer"
[1689016379426] INFO  (ext): Connection explorer changed. Will be updated.
    ns: "conn-man:explorer"
[1689016380072] INFO  (ext): Connection explorer changed. Will be updated.
    ns: "conn-man:explorer"
[1689016387123] INFO  (ext): Connection explorer changed. Will be updated.
    ns: "conn-man:explorer"
[1689016436582] INFO  (ext): Connection explorer changed. Will be updated.
    ns: "conn-man:explorer"
[1689016460384] INFO  (ext): Connection explorer changed. Will be updated.
    ns: "conn-man:explorer"
[1689016472768] INFO  (ext): Connection explorer changed. Will be updated.
    ns: "conn-man:explorer"
[1689016637131] INFO  (ext): Connection explorer changed. Will be updated.
    ns: "conn-man:explorer"
[1689016859333] INFO  (ext): Connection explorer changed. Will be updated.
    ns: "conn-man:explorer"
[1689016859610] INFO  (ext): Connection explorer changed. Will be updated.
    ns: "conn-man:explorer"
[1689016859927] INFO  (ext): Connection explorer changed. Will be updated.
    ns: "conn-man:explorer"
[1689016860109] INFO  (ext): Connection explorer changed. Will be updated.
    ns: "conn-man:explorer"
[1689016860169] INFO  (ext): Connection explorer changed. Will be updated.
    ns: "conn-man:explorer"
[1689016860245] INFO  (ext): Connection explorer changed. Will be updated.
    ns: "conn-man:explorer"
[1689016860245] INFO  (ext): Connection explorer changed. Will be updated.
    ns: "conn-man:explorer"
[1689016860259] INFO  (ext): Connection explorer changed. Will be updated.
    ns: "conn-man:explorer"
[1689016860260] INFO  (ext): Connection explorer changed. Will be updated.
    ns: "conn-man:explorer"
[1689016860810] INFO  (ext): Connection explorer changed. Will be updated.
    ns: "conn-man:explorer"
[1689017039831] INFO  (ext): Connection explorer changed. Will be updated.
    ns: "conn-man:explorer"
[1689017040904] INFO  (ext): Connection explorer changed. Will be updated.
    ns: "conn-man:explorer"
[1689017041131] INFO  (ext): Connection explorer changed. Will be updated.
    ns: "conn-man:explorer"
[1689017041316] INFO  (ext): Connection explorer changed. Will be updated.
    ns: "conn-man:explorer"
[1689017041316] INFO  (ext): Connection explorer changed. Will be updated.
    ns: "conn-man:explorer"
[1689017041316] INFO  (ext): Connection explorer changed. Will be updated.
    ns: "conn-man:explorer"
[1689017041317] INFO  (ext): Connection explorer changed. Will be updated.
    ns: "conn-man:explorer"
[1689017041508] INFO  (ext): Connection explorer changed. Will be updated.
    ns: "conn-man:explorer"
[1689017042221] INFO  (ext): Connection explorer changed. Will be updated.
    ns: "conn-man:explorer"
[1689017050393] INFO  (ext): Connection explorer changed. Will be updated.
    ns: "conn-man:explorer"
[1689017088942] INFO  (ext): Connection explorer changed. Will be updated.
    ns: "conn-man:explorer"
[1689017149802] INFO  (ext): Connection explorer changed. Will be updated.
    ns: "conn-man:explorer"
[1689017247562] INFO  (ext): Connection explorer changed. Will be updated.
    ns: "conn-man:explorer"
[1689017247841] INFO  (ext): Connection explorer changed. Will be updated.
    ns: "conn-man:explorer"
[1689017248134] INFO  (ext): Connection explorer changed. Will be updated.
    ns: "conn-man:explorer"
[1689017248383] INFO  (ext): Connection explorer changed. Will be updated.
    ns: "conn-man:explorer"
[1689017248478] INFO  (ext): Connection explorer changed. Will be updated.
    ns: "conn-man:explorer"
[1689017248479] INFO  (ext): Connection explorer changed. Will be updated.
    ns: "conn-man:explorer"
[1689017248496] INFO  (ext): Connection explorer changed. Will be updated.
    ns: "conn-man:explorer"
[1689017248496] INFO  (ext): Connection explorer changed. Will be updated.
    ns: "conn-man:explorer"
[1689017248498] INFO  (ext): Connection explorer changed. Will be updated.
    ns: "conn-man:explorer"
[1689017249285] INFO  (ext): Connection explorer changed. Will be updated.
    ns: "conn-man:explorer"
