19:01:44 [INFO] - Running activation sequence for Fiori tools - Application Modeler
19:01:44 [INFO] - Configurations: 'sap.ux.applicationModeler.showJsonSchemas': false; isTheia(): false; isAppStudio(): true
19:01:45 [INFO] - AppFolders: setAppFoldersContext() is processing, leaving
19:01:45 [INFO] - Register Fiori tools file system for configurations...
19:01:45 [INFO] - ...Fiori tools file system registered in 0.621ms
19:01:45 [INFO] - Register views for configurations...
19:01:45 [INFO] - ...views for configurations registered in 0.774ms
19:01:45 [INFO] - Register commands...
19:01:45 [INFO] - ...commands registered in 3.622ms
19:01:45 [INFO] - Register serializers...
19:01:45 [INFO] - ...serializers registered in 0.383ms
19:01:45 [INFO] - Activating sync module...
19:01:45 [INFO] - Virtual file system ftfs initialized in 0.107ms
19:01:45 [INFO] - Searching for projects in these workspace folders: 
[ '/home/user/projects/HC_OFFICE_SUPLLIES' ]
19:01:47 [INFO] - SAP UX projects found and added in 1992.772ms
19:01:47 [INFO] - Start watching **/package.json
19:01:47 [INFO] - package.json watched in 0.619ms
19:01:47 [INFO] - Start watching for workspace folder changes
19:01:47 [INFO] - Workspace folders watched in 0.389ms
19:01:47 [INFO] - Configs watched in 0.099ms
19:01:47 [INFO] - ...sync module activated in 1995.757ms
19:01:47 [INFO] - Activating launch config integration
19:01:47 [INFO] - Handler for Fiori launch configuration registered
19:01:47 [INFO] - ...launch config integration activated in 0.748ms
19:01:47 [INFO] - Activating migration module...
19:01:47 [INFO] - SAP Fiori tools - Application Modeler
'Migration start watching for workspace folder changes'
19:01:47 [INFO] - Workspace folders watched in 0.405ms
19:01:47 [INFO] - SAP Fiori tools - Application Modeler
'Migration start watching **/package.json'
19:01:47 [INFO] - package.json watched in 0.386ms
19:01:47 [INFO] - SAP Fiori tools - Application Modeler
'Migration start watching **/pom.xml'
19:01:47 [INFO] - pom.xml watched in 0.447ms
19:01:47 [INFO] - SAP Fiori tools - Application Modeler
'Migration start watching **/neo-app.json'
19:01:47 [INFO] - neo-app.json watched in 0.336ms
19:01:47 [INFO] - SAP Fiori tools - Application Modeler
'Migration start watching **/manifest.json'
19:01:47 [INFO] - manifest.json watched in 0.528ms
19:01:47 [INFO] - ...migration module activated in 484.385ms
19:01:47 [INFO] - activation sequence for Fiori tools - Application Modeler done in 3529.356ms
