AppFolders: starting processing setAppFoldersContext()
AppFolders:
	projectRoots: 0
	subWebappRoots: 0
	manifestAppDescRoots: 0
AppFolders: Function setContext() done in 146.611ms
AppFolders: Directory 'file:///home/user/projects/HC_OFFICE_SUPLLIES/gen' changed, updating app folders in context. 
AppFolders:
	projectRoots: 0
	subWebappRoots: 0
	manifestAppDescRoots: 0
AppFolders: Function setContext() done in 4.588ms
AppFolders: Directory 'file:///home/user/projects/HC_OFFICE_SUPLLIES/gen/srv/srv/_i18n' changed, updating app folders in context. 
AppFolders:
	projectRoots: 0
	subWebappRoots: 0
	manifestAppDescRoots: 0
AppFolders: Function setContext() done in 5.111ms
AppFolders: Directory 'file:///home/user/projects/HC_OFFICE_SUPLLIES/gen/db/src/gen/data' changed, updating app folders in context. 
AppFolders:
	projectRoots: 0
	subWebappRoots: 0
	manifestAppDescRoots: 0
AppFolders: Function setContext() done in 6.888ms
AppFolders: Directory 'file:///home/user/projects/HC_OFFICE_SUPLLIES/gen' changed, updating app folders in context. 
AppFolders:
	projectRoots: 0
	subWebappRoots: 0
	manifestAppDescRoots: 0
AppFolders: Function setContext() done in 6.887ms
AppFolders: Directory 'file:///home/user/projects/HC_OFFICE_SUPLLIES/gen' changed, updating app folders in context. 
AppFolders:
	projectRoots: 0
	subWebappRoots: 0
	manifestAppDescRoots: 0
AppFolders: Function setContext() done in 4.135ms
AppFolders: Directory 'file:///home/user/projects/HC_OFFICE_SUPLLIES/gen' changed, updating app folders in context. 
AppFolders:
	projectRoots: 0
	subWebappRoots: 0
	manifestAppDescRoots: 0
AppFolders: Function setContext() done in 4.296ms
AppFolders: Directory 'file:///home/user/projects/HC_OFFICE_SUPLLIES/gen' changed, updating app folders in context. 
AppFolders:
	projectRoots: 0
	subWebappRoots: 0
	manifestAppDescRoots: 0
AppFolders: Function setContext() done in 2.849ms
AppFolders: Directory 'file:///home/user/projects/HC_OFFICE_SUPLLIES/gen' changed, updating app folders in context. 
AppFolders:
	projectRoots: 0
	subWebappRoots: 0
	manifestAppDescRoots: 0
AppFolders: Function setContext() done in 4.555ms
AppFolders: Directory 'file:///home/user/projects/HC_OFFICE_SUPLLIES/gen' changed, updating app folders in context. 
AppFolders:
	projectRoots: 0
	subWebappRoots: 0
	manifestAppDescRoots: 0
AppFolders: Function setContext() done in 8.369ms
AppFolders: Directory 'file:///home/user/projects/HC_OFFICE_SUPLLIES/gen/srv/srv/_i18n' changed, updating app folders in context. 
AppFolders:
	projectRoots: 0
	subWebappRoots: 0
	manifestAppDescRoots: 0
AppFolders: Function setContext() done in 2.931ms
AppFolders: Directory 'file:///home/user/projects/HC_OFFICE_SUPLLIES/gen' changed, updating app folders in context. 
AppFolders:
	projectRoots: 0
	subWebappRoots: 0
	manifestAppDescRoots: 0
AppFolders: Function setContext() done in 3.659ms
AppFolders: Directory 'file:///home/user/projects/HC_OFFICE_SUPLLIES/gen/srv/srv/_i18n' changed, updating app folders in context. 
AppFolders:
	projectRoots: 0
	subWebappRoots: 0
	manifestAppDescRoots: 0
AppFolders: Function setContext() done in 2.929ms
AppFolders: Directory 'file:///home/user/projects/HC_OFFICE_SUPLLIES/gen/db/src/gen/data' changed, updating app folders in context. 
AppFolders:
	projectRoots: 0
	subWebappRoots: 0
	manifestAppDescRoots: 0
AppFolders: Function setContext() done in 2.701ms
AppFolders: Directory 'file:///home/user/projects/HC_OFFICE_SUPLLIES/gen' changed, updating app folders in context. 
AppFolders:
	projectRoots: 0
	subWebappRoots: 0
	manifestAppDescRoots: 0
AppFolders: Function setContext() done in 3.775ms
