2023-06-14 15:32:39.698 [error] No bundle location found for extension SAP.vscode-watt-framework-extension
2023-06-14 15:32:39.888 [error] No bundle location found for extension SAPOSS.app-studio-toolkit
2023-06-14 15:32:40.297 [error] No bundle location found for extension SAPOSS.app-studio-toolkit-themes
2023-06-14 15:32:40.300 [error] No bundle location found for extension SAPOSS.code-snippet
2023-06-14 15:32:40.381 [error] No bundle location found for extension SAPSE.fs-usage-popup-vscode-extensions
2023-06-14 15:32:40.381 [error] No bundle location found for extension vscode.git-base
2023-06-14 15:32:40.521 [error] No bundle location found for extension donjayamanne.githistory
2023-06-14 15:32:40.521 [error] No bundle location found for extension eamodio.gitlens
2023-06-14 15:32:40.728 [error] No bundle location found for extension SAP.vscode-wing-cf-tools
2023-06-14 15:32:40.843 [error] No bundle location found for extension SAPSE.sap-ux-application-modeler-extension
2023-06-14 15:32:40.843 [error] No bundle location found for extension SAPSE.sap-ux-help-extension
2023-06-14 15:32:44.459 [error] No bundle location found for extension SAPSE.sap-ux-service-modeler-extension
2023-06-14 15:32:45.638 [error] No bundle location found for extension mtxr.sqltools
2023-06-14 15:32:45.638 [error] No bundle location found for extension SAP.vscode-bas-extension
2023-06-14 15:32:46.074 [error] No bundle location found for extension SAPOSS.vscode-dependencies-validation
2023-06-14 15:32:46.170 [error] No bundle location found for extension SAPOSS.vscode-deps-upgrade-tool
2023-06-14 15:32:46.170 [error] No bundle location found for extension SAPSE.vscode-node-version-check
2023-06-14 15:32:46.170 [error] No bundle location found for extension SAPSE.vscode-tasks-explorer-tasks-panel
2023-06-14 15:32:46.457 [error] No bundle location found for extension SAPOSS.vscode-ui5-language-assistant
2023-06-14 15:32:46.457 [error] No bundle location found for extension SAP.vscode-wing-run-config
2023-06-14 15:32:46.457 [error] No bundle location found for extension SAPSE.vscode-cds
2023-06-14 15:32:46.457 [error] No bundle location found for extension SAPSE.vscode-wing-cds-editor-bas
2023-06-14 15:32:46.457 [error] No bundle location found for extension SAPSE.vscode-wing-expose-router-ports
2023-06-14 15:32:47.955 [error] No bundle location found for extension SAP.vscode-wing-gerrit
2023-06-14 15:32:47.955 [error] No bundle location found for extension SAPSE.vscode-wing-java-run
2023-06-14 15:32:47.955 [error] No bundle location found for extension SAP.vscode-wing-welcome-screen
2023-06-14 15:32:48.509 [error] Error: Unable to write to Workspace Settings because no workspace is opened. Please open a workspace first and try again.
    at E.y (https://theia-workspaces-ws-hgx9c.us10.trial.applicationstudio.cloud.sap/oss-d605fb4bfb7309c93aafa72a866fb9556573def7/static/out/vs/workbench/workbench.web.main.js:2118:50983)
    at E (https://theia-workspaces-ws-hgx9c.us10.trial.applicationstudio.cloud.sap/oss-d605fb4bfb7309c93aafa72a866fb9556573def7/static/out/vs/workbench/workbench.web.main.js:2118:53900)
    at E.n (https://theia-workspaces-ws-hgx9c.us10.trial.applicationstudio.cloud.sap/oss-d605fb4bfb7309c93aafa72a866fb9556573def7/static/out/vs/workbench/workbench.web.main.js:2118:48012)
    at Object.factory (https://theia-workspaces-ws-hgx9c.us10.trial.applicationstudio.cloud.sap/oss-d605fb4bfb7309c93aafa72a866fb9556573def7/static/out/vs/workbench/workbench.web.main.js:2118:47912)
    at A.h (https://theia-workspaces-ws-hgx9c.us10.trial.applicationstudio.cloud.sap/oss-d605fb4bfb7309c93aafa72a866fb9556573def7/static/out/vs/workbench/workbench.web.main.js:87:15893)
    at https://theia-workspaces-ws-hgx9c.us10.trial.applicationstudio.cloud.sap/oss-d605fb4bfb7309c93aafa72a866fb9556573def7/static/out/vs/workbench/workbench.web.main.js:87:15805
    at new Promise (<anonymous>)
    at A.queue (https://theia-workspaces-ws-hgx9c.us10.trial.applicationstudio.cloud.sap/oss-d605fb4bfb7309c93aafa72a866fb9556573def7/static/out/vs/workbench/workbench.web.main.js:87:15747)
    at E.writeConfiguration (https://theia-workspaces-ws-hgx9c.us10.trial.applicationstudio.cloud.sap/oss-d605fb4bfb7309c93aafa72a866fb9556573def7/static/out/vs/workbench/workbench.web.main.js:2118:47881)
    at F.Hb (https://theia-workspaces-ws-hgx9c.us10.trial.applicationstudio.cloud.sap/oss-d605fb4bfb7309c93aafa72a866fb9556573def7/static/out/vs/workbench/workbench.web.main.js:2118:73870)
2023-06-14 15:32:48.655 [error] No bundle location found for extension SAPSE.webide-hdi-base-feature-vscode
2023-06-14 15:32:48.696 [error] No bundle location found for extension sap.process-template-editor-vscode
2023-06-14 15:32:48.797 [error] No bundle location found for extension SAP.vscode-bas-extensibility
2023-06-14 15:32:48.823 [error] No bundle location found for extension SAPSE.webide-hdi-feature-vscode
2023-06-14 15:32:48.852 [error] No bundle location found for extension vscode.git
2023-06-14 15:32:49.059 [error] No bundle location found for extension SAP.mta-editor-vscode
2023-06-14 15:32:49.059 [error] No bundle location found for extension SAP.sap-bas-vscode-w5g
2023-06-14 15:32:49.117 [error] No bundle location found for extension sap.workflow-editor-vscode
2023-06-14 15:32:49.266 [error] No bundle location found for extension SAPSE.vscode-wing-cap-guided-development
2023-06-14 15:32:49.266 [error] No bundle location found for extension SAPOSS.guided-development
2023-06-14 15:32:49.266 [error] No bundle location found for extension SAPSE.lcap-task-contrib
2023-06-14 15:32:49.266 [error] No bundle location found for extension SAP.hana-runtime-tools
2023-06-14 15:32:49.266 [error] No bundle location found for extension SAPOS.yeoman-ui
2023-06-14 15:32:50.868 [error] No bundle location found for extension mtxr.sqltools-driver-sqlite
2023-06-14 15:32:50.939 [error] No bundle location found for extension SAPSE.hana-project-explorer
2023-06-14 15:32:51.463 [error] No bundle location found for extension vscode.debug-auto-launch
2023-06-14 15:32:51.524 [error] No bundle location found for extension SAPSE.vscode-wing-storyboard
2023-06-14 15:32:51.700 [error] No bundle location found for extension SAPSE.hana-database-explorer
2023-06-14 15:32:53.035 [error] No bundle location found for extension vscode.merge-conflict
2023-06-14 15:32:53.615 [error] No bundle location found for extension sap.workflow-form-editor-vscode
2023-06-14 15:32:53.630 [error] No bundle location found for extension SAP.hana-eim-sdi
2023-06-14 15:32:53.630 [error] No bundle location found for extension SAPSE.vscode-mta-tools
2023-06-14 15:32:53.754 [error] No bundle location found for extension SAP.adp-ve-bas-ext
2023-06-14 15:32:54.042 [error] No bundle location found for extension SAPSE.cicd-extension
2023-06-14 15:32:54.250 [error] No bundle location found for extension SAPSE.vscode-wing-cap-run
2023-06-14 15:32:56.150 [error] Error: command 'undefined' not found
    at v.k (https://theia-workspaces-ws-hgx9c.us10.trial.applicationstudio.cloud.sap/oss-d605fb4bfb7309c93aafa72a866fb9556573def7/static/out/vs/workbench/workbench.web.main.js:1403:14502)
    at v.executeCommand (https://theia-workspaces-ws-hgx9c.us10.trial.applicationstudio.cloud.sap/oss-d605fb4bfb7309c93aafa72a866fb9556573def7/static/out/vs/workbench/workbench.web.main.js:1403:14418)
