17:57:21 [INFO] - Running activation sequence for Fiori tools - Application Modeler
17:57:21 [INFO] - Configurations: 'sap.ux.applicationModeler.showJsonSchemas': false; isTheia(): false; isAppStudio(): true
17:57:21 [INFO] - AppFolders: setAppFoldersContext() is processing, leaving
17:57:21 [INFO] - Register Fiori tools file system for configurations...
17:57:21 [INFO] - ...Fiori tools file system registered in 0.939ms
17:57:21 [INFO] - Register views for configurations...
17:57:21 [INFO] - ...views for configurations registered in 1.050ms
17:57:21 [INFO] - Register commands...
17:57:21 [INFO] - ...commands registered in 5.731ms
17:57:21 [INFO] - Register serializers...
17:57:21 [INFO] - ...serializers registered in 0.448ms
17:57:21 [INFO] - Activating sync module...
17:57:21 [INFO] - Virtual file system ftfs initialized in 0.279ms
17:57:21 [INFO] - Searching for projects in these workspace folders: 
[ '/home/user/projects/proj1' ]
17:57:22 [INFO] - SAP UX projects found and added in 1685.582ms
17:57:22 [INFO] - Start watching **/package.json
17:57:22 [INFO] - package.json watched in 1.002ms
17:57:22 [INFO] - Start watching for workspace folder changes
17:57:22 [INFO] - Workspace folders watched in 0.594ms
17:57:22 [INFO] - Configs watched in 0.186ms
17:57:22 [INFO] - ...sync module activated in 1690.617ms
17:57:22 [INFO] - Activating launch config integration
17:57:22 [INFO] - Handler for Fiori launch configuration registered
17:57:22 [INFO] - ...launch config integration activated in 1.727ms
17:57:22 [INFO] - Activating migration module...
17:57:22 [INFO] - SAP Fiori tools - Application Modeler
'Migration start watching for workspace folder changes'
17:57:22 [INFO] - Workspace folders watched in 0.689ms
17:57:22 [INFO] - SAP Fiori tools - Application Modeler
'Migration start watching **/package.json'
17:57:22 [INFO] - package.json watched in 0.621ms
17:57:22 [INFO] - SAP Fiori tools - Application Modeler
'Migration start watching **/pom.xml'
17:57:22 [INFO] - pom.xml watched in 0.657ms
17:57:22 [INFO] - SAP Fiori tools - Application Modeler
'Migration start watching **/neo-app.json'
17:57:22 [INFO] - neo-app.json watched in 0.489ms
17:57:22 [INFO] - SAP Fiori tools - Application Modeler
'Migration start watching **/manifest.json'
17:57:22 [INFO] - manifest.json watched in 0.541ms
17:57:23 [INFO] - ...migration module activated in 549.367ms
17:57:23 [INFO] - activation sequence for Fiori tools - Application Modeler done in 2465.872ms
