[1686765440881] INFO  (ext): SQLTools is starting
[1686765440889] INFO  (ext): initializing language client...
[1686765441006] INFO  (ext): Registering client for languages [{"scheme":"sqltools"},{"language":"sql","scheme":"untitled"},{"language":"sql","scheme":"file"},{"language":"sql","scheme":"sqltools"}]
    ns: "lc"
[1686765441015] INFO  (ext): loading plugins...
[1686765441015] INFO  (ext): registering Formatter Plugin.
    plugin: {
      "name": "Formatter Plugin"
    }
[1686765441016] INFO  (ext): registering Connection Manager Plugin.
    plugin: {
      "name": "Connection Manager Plugin"
    }
[1686765441016] INFO  (ext): registering CodeLens Plugin.
    plugin: {
      "name": "CodeLens Plugin",
      "registeredLanguages": []
    }
[1686765441018] INFO  (ext): registering Dependency Manager Plugin.
    plugin: {
      "name": "Dependency Manager Plugin",
      "installingDrivers": []
    }
[1686765441020] INFO  (ext): Connection explorer changed. Will be updated.
    ns: "conn-man:explorer"
[1686765441020] INFO  (ext): registering History Manager Plugin.
    plugin: {
      "name": "History Manager Plugin"
    }
[1686765441021] INFO  (ext): registering Bookmarks Manager Plugin.
    plugin: {
      "name": "Bookmarks Manager Plugin"
    }
[1686765441024] INFO  (ext): SQLTools activation completed. 141.906879 ms
[1686765441025] INFO  (ext): Formatter Plugin registered!
[1686765441025] INFO  (ext): CodeLens Plugin registered!
[1686765441025] INFO  (ext): Dependency Manager Plugin registered!
[1686765441025] INFO  (ext): Connection Manager Plugin registered!
[1686765441025] INFO  (ext): History Manager Plugin registered!
[1686765441026] INFO  (ext): Bookmarks Manager Plugin registered!
[1686765442836] INFO  (ext): EXECUTING COMMAND => sqltools.refreshTree
[1686765442836] INFO  (ext): Connection explorer changed. Will be updated.
    ns: "conn-man:explorer"
[1686765441359] INFO  (ls): SQLTools Server started!
===============================
Using node runtime?: yes
ExecPath: /opt/nodejs/node-v16.11.1-linux-x64/bin/node v16.11.1
===============================
[1686765441364] INFO  (ls): User defined env vars
===============================
{"PATH":"/usr/local/sbin:/usr/local/bin:/usr/sbin:/usr/bin:/sbin:/bin:/home/user/.node_modules_global/bin"}
===============================:
[1686765442976] INFO  (ext): LanguageClient ready
    ns: "lc"
[1686765442957] INFO  (ls): Initialized with node version:v16.11.1
[1686765443111] INFO  (ext): Connection explorer changed. Will be updated.
    ns: "conn-man:explorer"
[1686765443987] INFO  (ext): Connection explorer changed. Will be updated.
    ns: "conn-man:explorer"
[1686765445574] INFO  (ext): registering SQLite Plugin (driver).
    plugin: {
      "extensionId": "mtxr.sqltools-driver-sqlite",
      "name": "SQLite Plugin",
      "type": "driver"
    }
[1686765445575] INFO  (ls): REQUEST RECEIVED => ls/RegisterPlugin
[1686765445576] INFO  (ls): request to register plugin: "/extbin/local/openvscode-server/extensions/sqltools-driver-sqlite-0.4.0/out/ls/plugin.js"
[1686765445615] INFO  (ls): Driver sqlite registered!
    place: "driver-map"
    ns: "ls-context"
[1686765445691] INFO  (ext): SQLite Plugin (driver) registered!
[1686765446400] INFO  (ext): Connection explorer changed. Will be updated.
    ns: "conn-man:explorer"
[1686765446838] INFO  (ext): EXECUTING COMMAND => sqltools.refreshTree
[1686765446839] INFO  (ext): Connection explorer changed. Will be updated.
    ns: "conn-man:explorer"
[1686766599832] INFO  (ext): Connection explorer changed. Will be updated.
    ns: "conn-man:explorer"
[1686766783214] INFO  (ext): Connection explorer changed. Will be updated.
    ns: "conn-man:explorer"
