19:41:52 [INFO] - Running activation sequence for Fiori tools - Application Modeler
19:41:52 [INFO] - Configurations: 'sap.ux.applicationModeler.showJsonSchemas': false; isTheia(): false; isAppStudio(): true
19:41:52 [INFO] - AppFolders: starting processing setAppFoldersContext()
19:41:52 [INFO] - Register Fiori tools file system for configurations...
19:41:52 [INFO] - ...Fiori tools file system registered in 0.544ms
19:41:52 [INFO] - Register views for configurations...
19:41:52 [INFO] - ...views for configurations registered in 0.607ms
19:41:52 [INFO] - Register commands...
19:41:52 [INFO] - ...commands registered in 3.144ms
19:41:52 [INFO] - Activating sync module...
19:41:52 [INFO] - Virtual file system ftfs initialized in 0.161ms
19:41:52 [INFO] - Searching for projects in these workspace folders: 
[ '/home/user/projects/HC_OFFICE_SUPLLIES' ]
19:41:54 [INFO] - AppFolders:
	projectRoots: 0
	appRoots: 0
	webappRoots: 0
	subWebappRoots: 0
	localServiceRoots: 0
	adaptationAppRoots: 0
	extensionAppRoots: 0
	extensionWebappRoots: 0
	libraryRoots: 0
19:41:54 [INFO] - AppFolders: Function setContext() done in 1765.726ms
19:41:54 [INFO] - SAP UX projects found and added in 2093.135ms
19:41:54 [INFO] - Start watching **/package.json
19:41:54 [INFO] - package.json watched in 0.971ms
19:41:54 [INFO] - Start watching for workspace folder changes
19:41:54 [INFO] - Workspace folders watched in 0.547ms
19:41:54 [INFO] - Configs watched in 0.449ms
19:41:54 [INFO] - ...sync module activated in 2097.659ms
19:41:54 [INFO] - Register serializers...
19:41:54 [INFO] - ...serializers registered in 0.948ms
19:41:54 [INFO] - Activating launch config integration
19:41:54 [INFO] - Handler for Fiori launch configuration registered
19:41:54 [INFO] - ...launch config integration activated in 1.259ms
19:41:54 [INFO] - Activating migration module...
19:41:54 [INFO] - SAP Fiori tools - Application Modeler
'Migration start watching for workspace folder changes'
19:41:54 [INFO] - Workspace folders watched in 1.057ms
19:41:54 [INFO] - SAP Fiori tools - Application Modeler
'Migration start watching **/package.json'
19:41:54 [INFO] - package.json watched in 0.715ms
19:41:54 [INFO] - SAP Fiori tools - Application Modeler
'Migration start watching **/pom.xml'
19:41:54 [INFO] - pom.xml watched in 3.504ms
19:41:54 [INFO] - SAP Fiori tools - Application Modeler
'Migration start watching **/neo-app.json'
19:41:54 [INFO] - neo-app.json watched in 0.868ms
19:41:54 [INFO] - SAP Fiori tools - Application Modeler
'Migration start watching **/manifest.json'
19:41:54 [INFO] - manifest.json watched in 0.976ms
19:41:57 [INFO] - ...migration module activated in 3275.062ms
19:41:57 [INFO] - activation sequence for Fiori tools - Application Modeler done in 5424.725ms
