[1689622913733] INFO  (ext): SQLTools is starting
[1689622913736] INFO  (ext): initializing language client...
[1689622913741] INFO  (ext): Registering client for languages [{"scheme":"sqltools"},{"language":"sql","scheme":"untitled"},{"language":"sql","scheme":"file"},{"language":"sql","scheme":"sqltools"}]
    ns: "lc"
[1689622913746] INFO  (ext): loading plugins...
[1689622913746] INFO  (ext): registering Formatter Plugin.
    plugin: {
      "name": "Formatter Plugin"
    }
[1689622913747] INFO  (ext): registering Connection Manager Plugin.
    plugin: {
      "name": "Connection Manager Plugin"
    }
[1689622913747] INFO  (ext): registering CodeLens Plugin.
    plugin: {
      "name": "CodeLens Plugin",
      "registeredLanguages": []
    }
[1689622913748] INFO  (ext): registering Dependency Manager Plugin.
    plugin: {
      "name": "Dependency Manager Plugin",
      "installingDrivers": []
    }
[1689622913749] INFO  (ext): Connection explorer changed. Will be updated.
    ns: "conn-man:explorer"
[1689622913749] INFO  (ext): registering History Manager Plugin.
    plugin: {
      "name": "History Manager Plugin"
    }
[1689622913750] INFO  (ext): registering Bookmarks Manager Plugin.
    plugin: {
      "name": "Bookmarks Manager Plugin"
    }
[1689622913751] INFO  (ext): SQLTools activation completed. 17.345431 ms
[1689622913751] INFO  (ext): Formatter Plugin registered!
[1689622913751] INFO  (ext): CodeLens Plugin registered!
[1689622913751] INFO  (ext): Dependency Manager Plugin registered!
[1689622913751] INFO  (ext): Connection Manager Plugin registered!
[1689622913752] INFO  (ext): History Manager Plugin registered!
[1689622913752] INFO  (ext): Bookmarks Manager Plugin registered!
[1689622913902] INFO  (ls): SQLTools Server started!
===============================
Using node runtime?: yes
ExecPath: /opt/nodejs/node-v16.19.1-linux-x64/bin/node v16.19.1
===============================
[1689622913905] INFO  (ls): User defined env vars
===============================
{"PATH":"/usr/local/sbin:/usr/local/bin:/usr/sbin:/usr/bin:/sbin:/bin:/home/user/.node_modules_global/bin"}
===============================:
[1689622914370] INFO  (ext): LanguageClient ready
    ns: "lc"
[1689622914368] INFO  (ls): Initialized with node version:v16.19.1
[1689622915427] INFO  (ext): EXECUTING COMMAND => sqltools.refreshTree
[1689622915428] INFO  (ext): Connection explorer changed. Will be updated.
    ns: "conn-man:explorer"
[1689622915751] INFO  (ext): Connection explorer changed. Will be updated.
    ns: "conn-man:explorer"
[1689622918360] INFO  (ext): registering SQLite Plugin (driver).
    plugin: {
      "extensionId": "mtxr.sqltools-driver-sqlite",
      "name": "SQLite Plugin",
      "type": "driver"
    }
[1689622918361] INFO  (ls): REQUEST RECEIVED => ls/RegisterPlugin
[1689622918361] INFO  (ls): request to register plugin: "/extbin/local/openvscode-server/extensions/sqltools-driver-sqlite-0.4.0/out/ls/plugin.js"
[1689622918392] INFO  (ls): Driver sqlite registered!
    place: "driver-map"
    ns: "ls-context"
[1689622918410] INFO  (ext): SQLite Plugin (driver) registered!
[1689622919428] INFO  (ext): EXECUTING COMMAND => sqltools.refreshTree
[1689622919429] INFO  (ext): Connection explorer changed. Will be updated.
    ns: "conn-man:explorer"
[1689622961255] INFO  (ext): Connection explorer changed. Will be updated.
    ns: "conn-man:explorer"
[1689622964505] INFO  (ext): Connection explorer changed. Will be updated.
    ns: "conn-man:explorer"
[1689622964866] INFO  (ext): Connection explorer changed. Will be updated.
    ns: "conn-man:explorer"
[1689622965382] INFO  (ext): Connection explorer changed. Will be updated.
    ns: "conn-man:explorer"
[1689622965593] INFO  (ext): Connection explorer changed. Will be updated.
    ns: "conn-man:explorer"
[1689622965680] INFO  (ext): Connection explorer changed. Will be updated.
    ns: "conn-man:explorer"
[1689622965862] INFO  (ext): Connection explorer changed. Will be updated.
    ns: "conn-man:explorer"
[1689622965863] INFO  (ext): Connection explorer changed. Will be updated.
    ns: "conn-man:explorer"
[1689622965863] INFO  (ext): Connection explorer changed. Will be updated.
    ns: "conn-man:explorer"
[1689622965864] INFO  (ext): Connection explorer changed. Will be updated.
    ns: "conn-man:explorer"
[1689622966562] INFO  (ext): Connection explorer changed. Will be updated.
    ns: "conn-man:explorer"
[1689622976906] INFO  (ext): Connection explorer changed. Will be updated.
    ns: "conn-man:explorer"
[1689623145027] INFO  (ext): Connection explorer changed. Will be updated.
    ns: "conn-man:explorer"
[1689623145504] INFO  (ext): Connection explorer changed. Will be updated.
    ns: "conn-man:explorer"
[1689623146471] INFO  (ext): Connection explorer changed. Will be updated.
    ns: "conn-man:explorer"
[1689623146519] INFO  (ext): Connection explorer changed. Will be updated.
    ns: "conn-man:explorer"
[1689623146519] INFO  (ext): Connection explorer changed. Will be updated.
    ns: "conn-man:explorer"
[1689623146519] INFO  (ext): Connection explorer changed. Will be updated.
    ns: "conn-man:explorer"
[1689623146531] INFO  (ext): Connection explorer changed. Will be updated.
    ns: "conn-man:explorer"
[1689623146799] INFO  (ext): Connection explorer changed. Will be updated.
    ns: "conn-man:explorer"
[1689623147426] INFO  (ext): Connection explorer changed. Will be updated.
    ns: "conn-man:explorer"
[1689623167448] INFO  (ext): Connection explorer changed. Will be updated.
    ns: "conn-man:explorer"
