2023-06-14 17:57:16.062 [error] No bundle location found for extension SAP.vscode-watt-framework-extension
2023-06-14 17:57:16.229 [error] No bundle location found for extension SAPOSS.app-studio-toolkit
2023-06-14 17:57:16.229 [error] No bundle location found for extension SAPOSS.app-studio-toolkit-themes
2023-06-14 17:57:16.229 [error] No bundle location found for extension SAPOSS.code-snippet
2023-06-14 17:57:16.229 [error] No bundle location found for extension SAPSE.fs-usage-popup-vscode-extensions
2023-06-14 17:57:16.229 [error] No bundle location found for extension vscode.git-base
2023-06-14 17:57:16.229 [error] No bundle location found for extension donjayamanne.githistory
2023-06-14 17:57:16.229 [error] No bundle location found for extension eamodio.gitlens
2023-06-14 17:57:16.229 [error] No bundle location found for extension SAP.vscode-wing-cf-tools
2023-06-14 17:57:16.229 [error] No bundle location found for extension SAPSE.sap-ux-application-modeler-extension
2023-06-14 17:57:16.229 [error] No bundle location found for extension SAPSE.sap-ux-help-extension
2023-06-14 17:57:16.229 [error] No bundle location found for extension SAPSE.sap-ux-service-modeler-extension
2023-06-14 17:57:16.229 [error] No bundle location found for extension mtxr.sqltools
2023-06-14 17:57:16.229 [error] No bundle location found for extension SAP.vscode-bas-extension
2023-06-14 17:57:16.229 [error] No bundle location found for extension SAPOSS.vscode-dependencies-validation
2023-06-14 17:57:16.229 [error] No bundle location found for extension SAPOSS.vscode-deps-upgrade-tool
2023-06-14 17:57:16.230 [error] No bundle location found for extension SAPSE.vscode-node-version-check
2023-06-14 17:57:16.230 [error] No bundle location found for extension SAPSE.vscode-tasks-explorer-tasks-panel
2023-06-14 17:57:21.225 [error] No bundle location found for extension SAPOSS.vscode-ui5-language-assistant
2023-06-14 17:57:21.225 [error] No bundle location found for extension SAP.vscode-wing-run-config
2023-06-14 17:57:21.225 [error] No bundle location found for extension SAPSE.vscode-cds
2023-06-14 17:57:21.225 [error] No bundle location found for extension SAPSE.vscode-wing-cds-editor-bas
2023-06-14 17:57:21.225 [error] No bundle location found for extension SAPSE.vscode-wing-expose-router-ports
2023-06-14 17:57:21.225 [error] No bundle location found for extension SAP.vscode-wing-gerrit
2023-06-14 17:57:21.225 [error] No bundle location found for extension SAPSE.vscode-wing-java-run
2023-06-14 17:57:21.225 [error] No bundle location found for extension SAP.vscode-wing-welcome-screen
2023-06-14 17:57:23.492 [error] No bundle location found for extension sap.workflow-editor-vscode
2023-06-14 17:57:23.789 [error] No bundle location found for extension SAPSE.webide-hdi-base-feature-vscode
2023-06-14 17:57:23.812 [error] No bundle location found for extension sap.process-template-editor-vscode
2023-06-14 17:57:23.813 [error] No bundle location found for extension SAP.mta-editor-vscode
2023-06-14 17:57:23.928 [error] No bundle location found for extension SAP.hana-runtime-tools
2023-06-14 17:57:23.934 [error] No bundle location found for extension SAP.vscode-bas-extensibility
2023-06-14 17:57:23.996 [error] No bundle location found for extension SAPOSS.guided-development
2023-06-14 17:57:23.996 [error] No bundle location found for extension SAPSE.webide-hdi-feature-vscode
2023-06-14 17:57:24.087 [error] No bundle location found for extension SAPSE.vscode-wing-cap-guided-development
2023-06-14 17:57:24.570 [error] No bundle location found for extension SAPSE.lcap-task-contrib
2023-06-14 17:57:24.570 [error] No bundle location found for extension SAPOS.yeoman-ui
2023-06-14 17:57:25.572 [error] No bundle location found for extension mtxr.sqltools-driver-sqlite
2023-06-14 17:57:25.576 [error] No bundle location found for extension vscode.git
2023-06-14 17:57:25.893 [error] No bundle location found for extension SAPSE.hana-project-explorer
2023-06-14 17:57:26.403 [error] No bundle location found for extension sap.workflow-form-editor-vscode
2023-06-14 17:57:26.412 [error] No bundle location found for extension SAPSE.vscode-wing-storyboard
2023-06-14 17:57:26.562 [error] No bundle location found for extension SAP.hana-eim-sdi
2023-06-14 17:57:26.568 [error] No bundle location found for extension SAPSE.hana-sqlscript-lsp
2023-06-14 17:57:26.880 [error] No bundle location found for extension vscode.json-language-features
2023-06-14 17:57:26.880 [error] No bundle location found for extension vscode.configuration-editing
2023-06-14 17:57:26.976 [error] No bundle location found for extension vscode.typescript-language-features
2023-06-14 17:57:27.053 [error] No bundle location found for extension vscode.emmet
2023-06-14 17:57:27.123 [error] No bundle location found for extension SAPSE.cicd-extension
2023-06-14 17:57:27.559 [error] No bundle location found for extension SAPSE.vscode-mta-tools
2023-06-14 17:57:27.559 [error] No bundle location found for extension SAP.adp-ve-bas-ext
2023-06-14 17:57:27.752 [error] No bundle location found for extension vscode.debug-auto-launch
2023-06-14 17:57:27.752 [error] No bundle location found for extension vscode.merge-conflict
2023-06-14 17:57:27.782 [error] No bundle location found for extension SAPSE.hana-database-explorer
2023-06-14 17:57:28.193 [error] No bundle location found for extension SAPSE.vscode-wing-cap-run
2023-06-14 17:57:44.970 [error] No bundle location found for extension SAP.sap-bas-vscode-w5g
2023-06-14 18:16:41.174 [error] No bundle location found for extension vscode.extension-editing
2023-06-14 18:16:41.178 [error] No bundle location found for extension vscode.npm
2023-06-14 18:19:45.589 [error] No bundle location found for extension redhat.vscode-yaml
