2023-06-14 18:20:56.874 [error] Error: EEXIST: file already exists, open '/home/user/.vscode/data/User/workspaceStorage/2b99e1e3/vscode.lock'
2023-06-14 18:20:58.412 [error] No bundle location found for extension redhat.vscode-yaml
2023-06-14 18:20:58.641 [error] No bundle location found for extension SAPOSS.app-studio-toolkit
2023-06-14 18:20:59.174 [error] No bundle location found for extension vscode.emmet
2023-06-14 18:20:59.322 [error] No bundle location found for extension SAPOSS.code-snippet
2023-06-14 18:20:59.461 [error] No bundle location found for extension SAPOSS.app-studio-toolkit-themes
2023-06-14 18:20:59.472 [error] No bundle location found for extension vscode.git-base
2023-06-14 18:20:59.483 [error] No bundle location found for extension SAPSE.fs-usage-popup-vscode-extensions
2023-06-14 18:20:59.661 [error] No bundle location found for extension SAP.vscode-wing-cf-tools
2023-06-14 18:20:59.829 [error] No bundle location found for extension SAP.vscode-watt-framework-extension
2023-06-14 18:21:00.123 [error] Error: listen EADDRINUSE: address already in use :::8888
	at Server.setupListenHandle [as _listen2] (node:net:1319:16)
	at listenInCluster (node:net:1367:12)
	at Server.listen (node:net:1454:7)
	at Function.listen (/extbin/local/openvscode-server/extensions/vscode-watt-framework-extension/dist/extension.js:12271:24)
	at startWattServer (/extbin/local/openvscode-server/extensions/vscode-watt-framework-extension/dist/extension.js:70346:32)
	at activate (/extbin/local/openvscode-server/extensions/vscode-watt-framework-extension/dist/extension.js:76805:53)
	at Function.eb (/extbin/local/openvscode-server/out/vs/workbench/api/node/extensionHostProcess.js:110:14676)
	at Function.db (/extbin/local/openvscode-server/out/vs/workbench/api/node/extensionHostProcess.js:110:14380)
	at /extbin/local/openvscode-server/out/vs/workbench/api/node/extensionHostProcess.js:110:12406
	at async w.n (/extbin/local/openvscode-server/out/vs/workbench/api/node/extensionHostProcess.js:96:6646)
	at async w.m (/extbin/local/openvscode-server/out/vs/workbench/api/node/extensionHostProcess.js:96:6609)
	at async w.l (/extbin/local/openvscode-server/out/vs/workbench/api/node/extensionHostProcess.js:96:6066)
2023-06-14 18:21:00.250 [error] No bundle location found for extension eamodio.gitlens
2023-06-14 18:21:00.250 [error] No bundle location found for extension SAPSE.sap-ux-application-modeler-extension
2023-06-14 18:21:00.250 [error] No bundle location found for extension SAP.vscode-bas-extension
2023-06-14 18:21:00.250 [error] No bundle location found for extension SAPOSS.vscode-dependencies-validation
2023-06-14 18:21:00.250 [error] No bundle location found for extension SAPOSS.vscode-deps-upgrade-tool
2023-06-14 18:21:00.250 [error] No bundle location found for extension SAPSE.vscode-node-version-check
2023-06-14 18:21:00.250 [error] No bundle location found for extension SAPSE.vscode-tasks-explorer-tasks-panel
2023-06-14 18:21:04.459 [error] No bundle location found for extension SAPOSS.vscode-ui5-language-assistant
2023-06-14 18:21:04.463 [error] No bundle location found for extension SAP.vscode-wing-run-config
2023-06-14 18:21:04.463 [error] No bundle location found for extension SAPSE.vscode-cds
2023-06-14 18:21:04.463 [error] No bundle location found for extension SAPSE.vscode-wing-cds-editor-bas
2023-06-14 18:21:04.463 [error] No bundle location found for extension SAPSE.vscode-wing-expose-router-ports
2023-06-14 18:21:04.463 [error] No bundle location found for extension SAP.vscode-wing-gerrit
2023-06-14 18:21:04.463 [error] No bundle location found for extension SAPSE.vscode-wing-java-run
2023-06-14 18:21:04.463 [error] No bundle location found for extension SAP.vscode-wing-welcome-screen
2023-06-14 18:21:07.234 [error] No bundle location found for extension donjayamanne.githistory
2023-06-14 18:21:07.514 [error] No bundle location found for extension SAPSE.sap-ux-help-extension
2023-06-14 18:21:10.719 [error] No bundle location found for extension SAPSE.sap-ux-service-modeler-extension
2023-06-14 18:21:12.551 [error] No bundle location found for extension mtxr.sqltools
2023-06-14 18:21:12.922 [error] No bundle location found for extension SAPOS.yeoman-ui
2023-06-14 18:21:12.922 [error] No bundle location found for extension SAPSE.lcap-task-contrib
2023-06-14 18:21:14.498 [error] No bundle location found for extension vscode.git
2023-06-14 18:21:14.705 [error] No bundle location found for extension SAPOSS.guided-development
2023-06-14 18:21:14.893 [error] No bundle location found for extension SAPSE.vscode-wing-cap-guided-development
2023-06-14 18:21:15.949 [error] No bundle location found for extension SAP.sap-bas-vscode-w5g
2023-06-14 18:21:15.962 [error] No bundle location found for extension sap.process-template-editor-vscode
2023-06-14 18:21:15.963 [error] No bundle location found for extension SAP.hana-runtime-tools
2023-06-14 18:21:15.963 [error] No bundle location found for extension SAPSE.webide-hdi-base-feature-vscode
2023-06-14 18:21:15.963 [error] No bundle location found for extension SAP.vscode-bas-extensibility
2023-06-14 18:21:16.327 [error] No bundle location found for extension SAP.mta-editor-vscode
2023-06-14 18:21:16.423 [error] No bundle location found for extension sap.workflow-editor-vscode
2023-06-14 18:21:16.685 [error] No bundle location found for extension SAPSE.webide-hdi-feature-vscode
2023-06-14 18:21:16.825 [error] No bundle location found for extension SAPSE.hana-project-explorer
2023-06-14 18:21:17.613 [error] No bundle location found for extension vscode.configuration-editing
2023-06-14 18:21:17.700 [error] No bundle location found for extension SAPSE.hana-sqlscript-lsp
2023-06-14 18:21:18.188 [error] No bundle location found for extension vscode.merge-conflict
2023-06-14 18:21:18.236 [error] No bundle location found for extension vscode.typescript-language-features
2023-06-14 18:21:18.236 [error] No bundle location found for extension mtxr.sqltools-driver-sqlite
2023-06-14 18:21:18.336 [error] No bundle location found for extension vscode.json-language-features
2023-06-14 18:21:18.441 [error] No bundle location found for extension vscode.debug-auto-launch
2023-06-14 18:21:18.455 [error] No bundle location found for extension SAPSE.hana-database-explorer
2023-06-14 18:21:20.467 [error] No bundle location found for extension SAPSE.vscode-wing-storyboard
2023-06-14 18:21:20.806 [error] No bundle location found for extension SAPSE.vscode-mta-tools
2023-06-14 18:21:20.965 [error] No bundle location found for extension SAP.adp-ve-bas-ext
2023-06-14 18:21:21.430 [error] No bundle location found for extension SAPSE.cicd-extension
2023-06-14 18:21:21.539 [error] No bundle location found for extension SAP.hana-eim-sdi
2023-06-14 18:21:21.548 [error] No bundle location found for extension sap.workflow-form-editor-vscode
2023-06-14 18:21:22.678 [error] No bundle location found for extension SAPSE.vscode-wing-cap-run
2023-06-14 19:07:10.161 [error] No bundle location found for extension vscode.npm
2023-06-14 20:07:10.061 [error] Request timed out
2023-06-14 20:07:10.066 [error] Request timed out
