2023-06-27 14:28:07.239 [error] No bundle location found for extension SAP.vscode-watt-framework-extension
2023-06-27 14:28:07.239 [error] No bundle location found for extension SAPOSS.app-studio-toolkit
2023-06-27 14:28:07.239 [error] No bundle location found for extension SAPOSS.app-studio-toolkit-themes
2023-06-27 14:28:07.817 [error] Error: listen EADDRINUSE: address already in use :::8888
	at Server.setupListenHandle [as _listen2] (node:net:1319:16)
	at listenInCluster (node:net:1367:12)
	at Server.listen (node:net:1454:7)
	at Function.listen (/extbin/local/openvscode-server/extensions/vscode-watt-framework-extension/dist/extension.js:12271:24)
	at startWattServer (/extbin/local/openvscode-server/extensions/vscode-watt-framework-extension/dist/extension.js:70346:32)
	at activate (/extbin/local/openvscode-server/extensions/vscode-watt-framework-extension/dist/extension.js:76805:53)
	at Function.eb (/extbin/local/openvscode-server/out/vs/workbench/api/node/extensionHostProcess.js:110:14676)
	at Function.db (/extbin/local/openvscode-server/out/vs/workbench/api/node/extensionHostProcess.js:110:14380)
	at /extbin/local/openvscode-server/out/vs/workbench/api/node/extensionHostProcess.js:110:12406
	at async w.n (/extbin/local/openvscode-server/out/vs/workbench/api/node/extensionHostProcess.js:96:6646)
	at async w.m (/extbin/local/openvscode-server/out/vs/workbench/api/node/extensionHostProcess.js:96:6609)
	at async w.l (/extbin/local/openvscode-server/out/vs/workbench/api/node/extensionHostProcess.js:96:6066)
2023-06-27 14:28:07.824 [error] No bundle location found for extension SAPOSS.code-snippet
2023-06-27 14:28:07.824 [error] No bundle location found for extension SAPSE.fs-usage-popup-vscode-extensions
2023-06-27 14:28:07.824 [error] No bundle location found for extension vscode.git-base
2023-06-27 14:28:07.824 [error] No bundle location found for extension donjayamanne.githistory
2023-06-27 14:28:07.824 [error] No bundle location found for extension eamodio.gitlens
2023-06-27 14:28:07.824 [error] No bundle location found for extension SAP.vscode-wing-cf-tools
2023-06-27 14:28:07.824 [error] No bundle location found for extension SAPSE.sap-ux-application-modeler-extension
2023-06-27 14:28:07.824 [error] No bundle location found for extension SAPSE.sap-ux-help-extension
2023-06-27 14:28:07.824 [error] No bundle location found for extension SAPSE.sap-ux-service-modeler-extension
2023-06-27 14:28:07.824 [error] No bundle location found for extension mtxr.sqltools
2023-06-27 14:28:07.824 [error] No bundle location found for extension SAP.vscode-bas-extension
2023-06-27 14:28:07.824 [error] No bundle location found for extension SAPOSS.vscode-dependencies-validation
2023-06-27 14:28:07.824 [error] No bundle location found for extension SAPOSS.vscode-deps-upgrade-tool
2023-06-27 14:28:07.824 [error] No bundle location found for extension SAPSE.vscode-node-version-check
2023-06-27 14:28:07.824 [error] No bundle location found for extension SAPSE.vscode-tasks-explorer-tasks-panel
2023-06-27 14:28:07.824 [error] No bundle location found for extension SAPOSS.vscode-ui5-language-assistant
2023-06-27 14:28:07.824 [error] No bundle location found for extension SAP.vscode-wing-run-config
2023-06-27 14:28:07.824 [error] No bundle location found for extension SAPSE.vscode-cds
2023-06-27 14:28:07.824 [error] No bundle location found for extension SAPSE.vscode-wing-cds-editor-bas
2023-06-27 14:28:07.824 [error] No bundle location found for extension SAPSE.vscode-wing-expose-router-ports
2023-06-27 14:28:07.824 [error] No bundle location found for extension SAP.vscode-wing-gerrit
2023-06-27 14:28:13.748 [error] Error: listen EADDRINUSE: address already in use :::3001
	at Server.setupListenHandle [as _listen2] (node:net:1319:16)
	at listenInCluster (node:net:1367:12)
	at Server.listen (node:net:1454:7)
	at Function.y.listen (/extbin/local/openvscode-server/extensions/vscode-wing-expose-router-ports-2.0.3-release/bundle/extension.js:256:4551)
	at /extbin/local/openvscode-server/extensions/vscode-wing-expose-router-ports-2.0.3-release/bundle/extension.js:169:66794
	at /extbin/local/openvscode-server/extensions/vscode-wing-expose-router-ports-2.0.3-release/bundle/extension.js:169:66923
	at t.activate (/extbin/local/openvscode-server/extensions/vscode-wing-expose-router-ports-2.0.3-release/bundle/extension.js:169:66926)
	at Function.eb (/extbin/local/openvscode-server/out/vs/workbench/api/node/extensionHostProcess.js:110:14676)
	at Function.db (/extbin/local/openvscode-server/out/vs/workbench/api/node/extensionHostProcess.js:110:14380)
	at /extbin/local/openvscode-server/out/vs/workbench/api/node/extensionHostProcess.js:110:12406
	at async w.n (/extbin/local/openvscode-server/out/vs/workbench/api/node/extensionHostProcess.js:96:6646)
	at async w.m (/extbin/local/openvscode-server/out/vs/workbench/api/node/extensionHostProcess.js:96:6609)
	at async w.l (/extbin/local/openvscode-server/out/vs/workbench/api/node/extensionHostProcess.js:96:6066)
2023-06-27 14:28:13.887 [error] No bundle location found for extension SAPSE.vscode-wing-java-run
2023-06-27 14:28:13.887 [error] No bundle location found for extension SAP.vscode-wing-welcome-screen
2023-06-27 14:28:14.275 [error] No bundle location found for extension SAP.hana-runtime-tools
2023-06-27 14:28:14.299 [error] No bundle location found for extension SAPOS.yeoman-ui
2023-06-27 14:28:14.299 [error] No bundle location found for extension SAPSE.lcap-task-contrib
2023-06-27 14:28:14.299 [error] No bundle location found for extension SAPOSS.guided-development
2023-06-27 14:28:14.299 [error] No bundle location found for extension SAP.sap-bas-vscode-w5g
2023-06-27 14:28:15.240 [error] No bundle location found for extension sap.workflow-editor-vscode
2023-06-27 14:28:15.329 [error] No bundle location found for extension sap.process-template-editor-vscode
2023-06-27 14:28:15.401 [error] No bundle location found for extension SAP.mta-editor-vscode
2023-06-27 14:28:15.455 [error] No bundle location found for extension SAP.vscode-bas-extensibility
2023-06-27 14:28:15.466 [error] No bundle location found for extension SAPSE.webide-hdi-base-feature-vscode
2023-06-27 14:28:15.478 [error] No bundle location found for extension SAPSE.vscode-wing-storyboard
2023-06-27 14:28:15.651 [error] No bundle location found for extension SAPSE.webide-hdi-feature-vscode
2023-06-27 14:28:15.663 [error] No bundle location found for extension vscode.git
2023-06-27 14:28:15.663 [error] No bundle location found for extension SAPSE.vscode-wing-cap-guided-development
2023-06-27 14:28:16.266 [error] No bundle location found for extension SAPSE.hana-project-explorer
2023-06-27 14:28:16.727 [error] No bundle location found for extension mtxr.sqltools-driver-sqlite
2023-06-27 14:28:16.806 [error] No bundle location found for extension sap.workflow-form-editor-vscode
2023-06-27 14:28:16.812 [error] No bundle location found for extension SAPSE.cicd-extension
2023-06-27 14:28:16.866 [error] No bundle location found for extension SAPSE.vscode-mta-tools
2023-06-27 14:28:16.963 [error] No bundle location found for extension SAP.adp-ve-bas-ext
2023-06-27 14:28:17.382 [error] No bundle location found for extension SAP.hana-eim-sdi
2023-06-27 14:28:17.693 [error] No bundle location found for extension vscode.debug-auto-launch
2023-06-27 14:28:17.696 [error] No bundle location found for extension SAPSE.hana-database-explorer
2023-06-27 14:28:18.341 [error] No bundle location found for extension vscode.merge-conflict
2023-06-27 14:28:18.370 [error] No bundle location found for extension SAPSE.vscode-wing-cap-run
