17:06:55 [INFO] - Running activation sequence for Fiori tools - Application Modeler
17:06:55 [INFO] - Configurations: 'sap.ux.applicationModeler.showJsonSchemas': false; isTheia(): false; isAppStudio(): true
17:06:55 [INFO] - AppFolders: setAppFoldersContext() is processing, leaving
17:06:55 [INFO] - Register Fiori tools file system for configurations...
17:06:55 [INFO] - ...Fiori tools file system registered in 0.646ms
17:06:55 [INFO] - Register views for configurations...
17:06:55 [INFO] - ...views for configurations registered in 0.734ms
17:06:55 [INFO] - Register commands...
17:06:55 [INFO] - ...commands registered in 4.507ms
17:06:55 [INFO] - Register serializers...
17:06:55 [INFO] - ...serializers registered in 0.818ms
17:06:55 [INFO] - Activating sync module...
17:06:55 [INFO] - Virtual file system ftfs initialized in 0.123ms
17:06:55 [INFO] - Searching for projects in these workspace folders: 
[
  '/home/user/projects/proj1',
  '/home/user/projects/HC_OFFICE_SUPLLIES'
]
17:06:56 [INFO] - SAP UX projects found and added in 1529.036ms
17:06:56 [INFO] - Start watching **/package.json
17:06:56 [INFO] - package.json watched in 0.999ms
17:06:56 [INFO] - Start watching for workspace folder changes
17:06:56 [INFO] - Workspace folders watched in 0.821ms
17:06:56 [INFO] - Configs watched in 0.178ms
17:06:56 [INFO] - ...sync module activated in 1533.879ms
17:06:56 [INFO] - Activating launch config integration
17:06:56 [INFO] - ...launch config integration activated in 0.581ms
17:06:56 [INFO] - Activating migration module...
17:06:56 [INFO] - SAP Fiori tools - Application Modeler
'Migration start watching for workspace folder changes'
17:06:56 [INFO] - Workspace folders watched in 0.660ms
17:06:56 [INFO] - SAP Fiori tools - Application Modeler
'Migration start watching **/package.json'
17:06:56 [INFO] - package.json watched in 1.059ms
17:06:56 [INFO] - SAP Fiori tools - Application Modeler
'Migration start watching **/pom.xml'
17:06:56 [INFO] - pom.xml watched in 0.707ms
17:06:56 [INFO] - SAP Fiori tools - Application Modeler
'Migration start watching **/neo-app.json'
17:06:56 [INFO] - neo-app.json watched in 0.830ms
17:06:56 [INFO] - SAP Fiori tools - Application Modeler
'Migration start watching **/manifest.json'
17:06:56 [INFO] - manifest.json watched in 0.620ms
17:06:57 [INFO] - Handler for Fiori launch configuration registered
17:06:57 [INFO] - ...migration module activated in 1334.433ms
17:06:57 [INFO] - activation sequence for Fiori tools - Application Modeler done in 3049.745ms
