[1688068755457] INFO  (ext): SQLTools is starting
[1688068755465] INFO  (ext): initializing language client...
[1688068755734] INFO  (ext): Registering client for languages [{"scheme":"sqltools"},{"language":"sql","scheme":"untitled"},{"language":"sql","scheme":"file"},{"language":"sql","scheme":"sqltools"}]
    ns: "lc"
[1688068755744] INFO  (ext): loading plugins...
[1688068755744] INFO  (ext): registering Formatter Plugin.
    plugin: {
      "name": "Formatter Plugin"
    }
[1688068755745] INFO  (ext): registering Connection Manager Plugin.
    plugin: {
      "name": "Connection Manager Plugin"
    }
[1688068755746] INFO  (ext): registering CodeLens Plugin.
    plugin: {
      "name": "CodeLens Plugin",
      "registeredLanguages": []
    }
[1688068755750] INFO  (ext): registering Dependency Manager Plugin.
    plugin: {
      "name": "Dependency Manager Plugin",
      "installingDrivers": []
    }
[1688068755752] INFO  (ext): Connection explorer changed. Will be updated.
    ns: "conn-man:explorer"
[1688068755753] INFO  (ext): registering History Manager Plugin.
    plugin: {
      "name": "History Manager Plugin"
    }
[1688068755754] INFO  (ext): registering Bookmarks Manager Plugin.
    plugin: {
      "name": "Bookmarks Manager Plugin"
    }
[1688068755755] INFO  (ext): SQLTools activation completed. 297.84713 ms
[1688068755819] INFO  (ext): Formatter Plugin registered!
[1688068755820] INFO  (ext): CodeLens Plugin registered!
[1688068755820] INFO  (ext): Dependency Manager Plugin registered!
[1688068755820] INFO  (ext): Connection Manager Plugin registered!
[1688068755820] INFO  (ext): History Manager Plugin registered!
[1688068755820] INFO  (ext): Bookmarks Manager Plugin registered!
[1688068756180] INFO  (ls): SQLTools Server started!
===============================
Using node runtime?: yes
ExecPath: /opt/nodejs/node-v16.11.1-linux-x64/bin/node v16.11.1
===============================
[1688068756186] INFO  (ls): User defined env vars
===============================
{"PATH":"/usr/local/sbin:/usr/local/bin:/usr/sbin:/usr/bin:/sbin:/bin:/home/user/.node_modules_global/bin"}
===============================:
[1688068756300] INFO  (ext): LanguageClient ready
    ns: "lc"
[1688068756295] INFO  (ls): Initialized with node version:v16.11.1
[1688068756872] INFO  (ext): EXECUTING COMMAND => sqltools.refreshTree
[1688068756873] INFO  (ext): Connection explorer changed. Will be updated.
    ns: "conn-man:explorer"
[1688068757887] INFO  (ext): Connection explorer changed. Will be updated.
    ns: "conn-man:explorer"
[1688068759466] INFO  (ext): registering SQLite Plugin (driver).
    plugin: {
      "extensionId": "mtxr.sqltools-driver-sqlite",
      "name": "SQLite Plugin",
      "type": "driver"
    }
[1688068759467] INFO  (ls): REQUEST RECEIVED => ls/RegisterPlugin
[1688068759467] INFO  (ls): request to register plugin: "/extbin/local/openvscode-server/extensions/sqltools-driver-sqlite-0.4.0/out/ls/plugin.js"
[1688068759508] INFO  (ls): Driver sqlite registered!
    place: "driver-map"
    ns: "ls-context"
[1688068759835] INFO  (ext): SQLite Plugin (driver) registered!
[1688068761148] INFO  (ext): EXECUTING COMMAND => sqltools.refreshTree
[1688068761148] INFO  (ext): Connection explorer changed. Will be updated.
    ns: "conn-man:explorer"
