Could not find SWA env params in appstudio, disabling tracking.
{
  "label": "@ui5-language-assistant/context",
  "level": "error",
  "message": "Failed to find all manifest.json files in current workspace!",
  "reason": {
    "code": "EACCES",
    "errno": -13,
    "path": "/home/lost+found",
    "syscall": "scandir"
  },
  "time": "2023-06-29T19:59:16.855Z",
  "workspaceFolderPath": "/home"
}
{
  "label": "@ui5-language-assistant/context",
  "level": "error",
  "message": "Failed to find all ui5.yaml files in current workspace!",
  "reason": {
    "code": "EACCES",
    "errno": -13,
    "path": "/home/lost+found",
    "syscall": "scandir"
  },
  "time": "2023-06-29T19:59:16.872Z",
  "workspaceFolderPath": "/home"
}
