19:59:13 [INFO] - AppFolders: starting processing setAppFoldersContext()
19:59:16 [INFO] - AppFolders:
	projectRoots: 0
	appRoots: 0
	webappRoots: 0
	subWebappRoots: 0
	localServiceRoots: 0
	adaptationAppRoots: 0
	extensionAppRoots: 0
	extensionWebappRoots: 0
	libraryRoots: 0
19:59:16 [INFO] - AppFolders: Function setContext() done in 2472.239ms
19:59:16 [INFO] - AppFolders: Directory 'file:///home/user/.vscode/data/logs/20230629T195455/exthost3/SAPOSS.app-studio-toolkit' changed, updating app folders in context. 
19:59:16 [INFO] - AppFolders:
	projectRoots: 0
	appRoots: 0
	webappRoots: 0
	subWebappRoots: 0
	localServiceRoots: 0
	adaptationAppRoots: 0
	extensionAppRoots: 0
	extensionWebappRoots: 0
	libraryRoots: 0
19:59:16 [INFO] - AppFolders: Function setContext() done in 109.357ms
19:59:16 [INFO] - AppFolders: Directory 'file:///home/user/.vscode/data/logs/20230629T195455/exthost3/SAPSE.fs-usage-popup-vscode-extensions' changed, updating app folders in context. 
19:59:16 [INFO] - AppFolders: Directory 'file:///home/user/.vscode/data/logs/20230629T195455/exthost3/output_logging_20230629T195907' changed, updating app folders in context. 
19:59:16 [INFO] - AppFolders:
	projectRoots: 0
	appRoots: 0
	webappRoots: 0
	subWebappRoots: 0
	localServiceRoots: 0
	adaptationAppRoots: 0
	extensionAppRoots: 0
	extensionWebappRoots: 0
	libraryRoots: 0
19:59:16 [INFO] - AppFolders: Function setContext() done in 121.690ms
19:59:16 [INFO] - AppFolders:
	projectRoots: 0
	appRoots: 0
	webappRoots: 0
	subWebappRoots: 0
	localServiceRoots: 0
	adaptationAppRoots: 0
	extensionAppRoots: 0
	extensionWebappRoots: 0
	libraryRoots: 0
19:59:16 [INFO] - AppFolders: Function setContext() done in 99.652ms
19:59:19 [INFO] - AppFolders: Directory 'file:///home/user/.vscode/data/logs/20230629T195455/exthost3/SAPSE.vscode-tasks-explorer-tasks-panel' changed, updating app folders in context. 
19:59:19 [INFO] - AppFolders:
	projectRoots: 0
	appRoots: 0
	webappRoots: 0
	subWebappRoots: 0
	localServiceRoots: 0
	adaptationAppRoots: 0
	extensionAppRoots: 0
	extensionWebappRoots: 0
	libraryRoots: 0
19:59:19 [INFO] - AppFolders: Function setContext() done in 58.335ms
19:59:19 [INFO] - AppFolders: Directory 'file:///home/user/.vscode/data/logs/20230629T195455/exthost3/SAPSE.vscode-wing-java-run' changed, updating app folders in context. 
19:59:19 [INFO] - AppFolders:
	projectRoots: 0
	appRoots: 0
	webappRoots: 0
	subWebappRoots: 0
	localServiceRoots: 0
	adaptationAppRoots: 0
	extensionAppRoots: 0
	extensionWebappRoots: 0
	libraryRoots: 0
19:59:19 [INFO] - AppFolders: Function setContext() done in 35.605ms
19:59:19 [INFO] - AppFolders: Directory 'file:///home/user/.vscode/data/logs/20230629T195455/exthost3/SAP.vscode-wing-cf-tools' changed, updating app folders in context. 
19:59:19 [INFO] - AppFolders:
	projectRoots: 0
	appRoots: 0
	webappRoots: 0
	subWebappRoots: 0
	localServiceRoots: 0
	adaptationAppRoots: 0
	extensionAppRoots: 0
	extensionWebappRoots: 0
	libraryRoots: 0
19:59:19 [INFO] - AppFolders: Function setContext() done in 36.714ms
19:59:19 [INFO] - AppFolders: Directory 'file:///home/user/.vscode/data/logs/20230629T195455/exthost3/SAP.vscode-wing-welcome-screen' changed, updating app folders in context. 
19:59:19 [INFO] - AppFolders:
	projectRoots: 0
	appRoots: 0
	webappRoots: 0
	subWebappRoots: 0
	localServiceRoots: 0
	adaptationAppRoots: 0
	extensionAppRoots: 0
	extensionWebappRoots: 0
	libraryRoots: 0
19:59:19 [INFO] - AppFolders: Function setContext() done in 15.419ms
19:59:19 [INFO] - AppFolders: Directory 'file:///home/user/.vscode/data/logs/20230629T195455/exthost3/SAPOSS.guided-development' changed, updating app folders in context. 
19:59:19 [INFO] - AppFolders:
	projectRoots: 0
	appRoots: 0
	webappRoots: 0
	subWebappRoots: 0
	localServiceRoots: 0
	adaptationAppRoots: 0
	extensionAppRoots: 0
	extensionWebappRoots: 0
	libraryRoots: 0
19:59:19 [INFO] - AppFolders: Function setContext() done in 3.891ms
19:59:19 [INFO] - AppFolders: Directory 'file:///home/user/.vscode/data/logs/20230629T195455/exthost3/SAPSE.vscode-wing-storyboard' changed, updating app folders in context. 
19:59:19 [INFO] - AppFolders:
	projectRoots: 0
	appRoots: 0
	webappRoots: 0
	subWebappRoots: 0
	localServiceRoots: 0
	adaptationAppRoots: 0
	extensionAppRoots: 0
	extensionWebappRoots: 0
	libraryRoots: 0
19:59:19 [INFO] - AppFolders: Function setContext() done in 6.651ms
19:59:20 [INFO] - AppFolders: Directory 'file:///home/user/.vscode/data/logs/20230629T195455/exthost3/SAPSE.vscode-wing-cap-guided-development' changed, updating app folders in context. 
19:59:20 [INFO] - AppFolders:
	projectRoots: 0
	appRoots: 0
	webappRoots: 0
	subWebappRoots: 0
	localServiceRoots: 0
	adaptationAppRoots: 0
	extensionAppRoots: 0
	extensionWebappRoots: 0
	libraryRoots: 0
19:59:20 [INFO] - AppFolders: Function setContext() done in 232.972ms
19:59:21 [INFO] - AppFolders: Directory 'file:///home/user/.vscode/data/logs/20230629T195455/exthost3/vscode.git' changed, updating app folders in context. 
19:59:21 [INFO] - AppFolders:
	projectRoots: 0
	appRoots: 0
	webappRoots: 0
	subWebappRoots: 0
	localServiceRoots: 0
	adaptationAppRoots: 0
	extensionAppRoots: 0
	extensionWebappRoots: 0
	libraryRoots: 0
19:59:21 [INFO] - AppFolders: Function setContext() done in 3.092ms
19:59:21 [INFO] - AppFolders: Directory 'file:///home/user/.vscode/data/logs/20230629T195455/exthost3/SAPSE.hana-project-explorer' changed, updating app folders in context. 
19:59:21 [INFO] - AppFolders:
	projectRoots: 0
	appRoots: 0
	webappRoots: 0
	subWebappRoots: 0
	localServiceRoots: 0
	adaptationAppRoots: 0
	extensionAppRoots: 0
	extensionWebappRoots: 0
	libraryRoots: 0
19:59:21 [INFO] - AppFolders: Function setContext() done in 4.938ms
19:59:21 [INFO] - AppFolders: Directory 'file:///home/user/.vscode/data/logs/20230629T195455/exthost3/SAPSE.vscode-mta-tools' changed, updating app folders in context. 
19:59:21 [INFO] - AppFolders:
	projectRoots: 0
	appRoots: 0
	webappRoots: 0
	subWebappRoots: 0
	localServiceRoots: 0
	adaptationAppRoots: 0
	extensionAppRoots: 0
	extensionWebappRoots: 0
	libraryRoots: 0
19:59:21 [INFO] - AppFolders: Function setContext() done in 55.950ms
19:59:21 [INFO] - AppFolders: Directory 'file:///home/user/.vscode/data/logs/20230629T195455/exthost3/SAPSE.cicd-extension' changed, updating app folders in context. 
19:59:21 [INFO] - AppFolders:
	projectRoots: 0
	appRoots: 0
	webappRoots: 0
	subWebappRoots: 0
	localServiceRoots: 0
	adaptationAppRoots: 0
	extensionAppRoots: 0
	extensionWebappRoots: 0
	libraryRoots: 0
19:59:21 [INFO] - AppFolders: Function setContext() done in 3.170ms
19:59:21 [INFO] - AppFolders: Directory 'file:///home/user/.vscode/data/logs/20230629T195455/exthost3/SAPSE.hana-database-explorer' changed, updating app folders in context. 
19:59:21 [INFO] - AppFolders:
	projectRoots: 0
	appRoots: 0
	webappRoots: 0
	subWebappRoots: 0
	localServiceRoots: 0
	adaptationAppRoots: 0
	extensionAppRoots: 0
	extensionWebappRoots: 0
	libraryRoots: 0
19:59:21 [INFO] - AppFolders: Function setContext() done in 5.296ms
19:59:21 [INFO] - AppFolders: Directory 'file:///home/user/.vscode/data/logs/20230629T195455/exthost3/SAPSE.vscode-wing-cap-run' changed, updating app folders in context. 
19:59:21 [INFO] - AppFolders:
	projectRoots: 0
	appRoots: 0
	webappRoots: 0
	subWebappRoots: 0
	localServiceRoots: 0
	adaptationAppRoots: 0
	extensionAppRoots: 0
	extensionWebappRoots: 0
	libraryRoots: 0
19:59:21 [INFO] - AppFolders: Function setContext() done in 1.784ms
