19:59:13 [INFO] - Running activation sequence for Fiori tools - Application Modeler
19:59:13 [INFO] - Configurations: 'sap.ux.applicationModeler.showJsonSchemas': false; isTheia(): false; isAppStudio(): true
19:59:13 [INFO] - AppFolders: setAppFoldersContext() is processing, leaving
19:59:13 [INFO] - Register Fiori tools file system for configurations...
19:59:13 [INFO] - ...Fiori tools file system registered in 1.235ms
19:59:13 [INFO] - Register views for configurations...
19:59:13 [INFO] - ...views for configurations registered in 1.264ms
19:59:13 [INFO] - Register commands...
19:59:13 [INFO] - ...commands registered in 7.137ms
19:59:13 [INFO] - Register serializers...
19:59:13 [INFO] - ...serializers registered in 0.630ms
19:59:13 [INFO] - Activating sync module...
19:59:13 [INFO] - Virtual file system ftfs initialized in 0.180ms
19:59:13 [INFO] - Searching for projects in these workspace folders: 
[ '/home' ]
19:59:16 [ERROR] - Error while trying to find project in workspace root . Error was: EACCES: permission denied, scandir &#39;&#x2F;home&#x2F;lost+found&#39;
19:59:16 [INFO] - SAP UX projects found and added in 2403.052ms
19:59:16 [INFO] - Start watching **/package.json
19:59:16 [INFO] - package.json watched in 0.924ms
19:59:16 [INFO] - Start watching for workspace folder changes
19:59:16 [INFO] - Workspace folders watched in 0.661ms
19:59:16 [INFO] - Configs watched in 0.344ms
19:59:16 [INFO] - ...sync module activated in 2407.575ms
19:59:16 [INFO] - Activating launch config integration
19:59:16 [INFO] - Handler for Fiori launch configuration registered
19:59:16 [INFO] - ...launch config integration activated in 1.183ms
19:59:16 [INFO] - Activating migration module...
19:59:16 [INFO] - SAP Fiori tools - Application Modeler
'Migration start watching for workspace folder changes'
19:59:16 [INFO] - Workspace folders watched in 0.687ms
19:59:16 [INFO] - SAP Fiori tools - Application Modeler
'Migration start watching **/package.json'
19:59:16 [INFO] - package.json watched in 0.655ms
19:59:16 [INFO] - SAP Fiori tools - Application Modeler
'Migration start watching **/pom.xml'
19:59:16 [INFO] - pom.xml watched in 0.752ms
19:59:16 [INFO] - SAP Fiori tools - Application Modeler
'Migration start watching **/neo-app.json'
19:59:16 [INFO] - neo-app.json watched in 0.865ms
19:59:16 [INFO] - SAP Fiori tools - Application Modeler
'Migration start watching **/manifest.json'
19:59:16 [INFO] - manifest.json watched in 0.701ms
19:59:16 [INFO] - ...migration module activated in 718.008ms
19:59:16 [INFO] - activation sequence for Fiori tools - Application Modeler done in 3229.807ms
