19:04:38 [INFO] - Running activation sequence for Fiori tools - Application Modeler
19:04:38 [INFO] - Configurations: 'sap.ux.applicationModeler.showJsonSchemas': false; isTheia(): false; isAppStudio(): true
19:04:38 [INFO] - AppFolders: starting processing setAppFoldersContext()
19:04:38 [INFO] - Register Fiori tools file system for configurations...
19:04:38 [INFO] - ...Fiori tools file system registered in 0.545ms
19:04:38 [INFO] - Register views for configurations...
19:04:38 [INFO] - ...views for configurations registered in 1.092ms
19:04:38 [INFO] - Register commands...
19:04:38 [INFO] - ...commands registered in 3.327ms
19:04:38 [INFO] - Activating sync module...
19:04:38 [INFO] - Virtual file system ftfs initialized in 0.112ms
19:04:38 [INFO] - Searching for projects in these workspace folders: 
[ '/home/user/projects/HC_OFFICE_SUPLLIES' ]
19:04:40 [INFO] - AppFolders:
	projectRoots: 0
	appRoots: 0
	webappRoots: 0
	subWebappRoots: 0
	localServiceRoots: 0
	adaptationAppRoots: 0
	extensionAppRoots: 0
	extensionWebappRoots: 0
	libraryRoots: 0
19:04:40 [INFO] - AppFolders: Function setContext() done in 1340.889ms
19:04:40 [INFO] - SAP UX projects found and added in 1720.661ms
19:04:40 [INFO] - Start watching **/package.json
19:04:40 [INFO] - package.json watched in 0.803ms
19:04:40 [INFO] - Start watching for workspace folder changes
19:04:40 [INFO] - Workspace folders watched in 0.503ms
19:04:40 [INFO] - Configs watched in 0.191ms
19:04:40 [INFO] - ...sync module activated in 1724.356ms
19:04:40 [INFO] - Register serializers...
19:04:40 [INFO] - ...serializers registered in 0.538ms
19:04:40 [INFO] - Activating launch config integration
19:04:40 [INFO] - Handler for Fiori launch configuration registered
19:04:40 [INFO] - ...launch config integration activated in 0.643ms
19:04:40 [INFO] - Activating migration module...
19:04:40 [INFO] - SAP Fiori tools - Application Modeler
'Migration start watching for workspace folder changes'
19:04:40 [INFO] - Workspace folders watched in 0.366ms
19:04:40 [INFO] - SAP Fiori tools - Application Modeler
'Migration start watching **/package.json'
19:04:40 [INFO] - package.json watched in 0.428ms
19:04:40 [INFO] - SAP Fiori tools - Application Modeler
'Migration start watching **/pom.xml'
19:04:40 [INFO] - pom.xml watched in 0.445ms
19:04:40 [INFO] - SAP Fiori tools - Application Modeler
'Migration start watching **/neo-app.json'
19:04:40 [INFO] - neo-app.json watched in 0.314ms
19:04:40 [INFO] - SAP Fiori tools - Application Modeler
'Migration start watching **/manifest.json'
19:04:40 [INFO] - manifest.json watched in 0.388ms
19:04:42 [INFO] - ...migration module activated in 2202.201ms
19:04:42 [INFO] - activation sequence for Fiori tools - Application Modeler done in 3977.482ms
19:04:44 [INFO] - Function getRunnables() was called
19:04:44 [INFO] - Function getRunnables() returns
[]
19:08:24 [ERROR] - AppFolders: Error when handling file system event for 'file:///home/user/projects/HC_OFFICE_SUPLLIES/.env1'
19:08:26 [INFO] - Function getRunnables() was called
19:08:26 [INFO] - Function getRunnables() returns
[]
