[1689707078934] INFO  (ext): SQLTools is starting
[1689707078937] INFO  (ext): initializing language client...
[1689707078939] INFO  (ext): Registering client for languages [{"scheme":"sqltools"},{"language":"sql","scheme":"untitled"},{"language":"sql","scheme":"file"},{"language":"sql","scheme":"sqltools"}]
    ns: "lc"
[1689707078944] INFO  (ext): loading plugins...
[1689707078944] INFO  (ext): registering Formatter Plugin.
    plugin: {
      "name": "Formatter Plugin"
    }
[1689707078945] INFO  (ext): registering Connection Manager Plugin.
    plugin: {
      "name": "Connection Manager Plugin"
    }
[1689707078945] INFO  (ext): registering CodeLens Plugin.
    plugin: {
      "name": "CodeLens Plugin",
      "registeredLanguages": []
    }
[1689707078946] INFO  (ext): registering Dependency Manager Plugin.
    plugin: {
      "name": "Dependency Manager Plugin",
      "installingDrivers": []
    }
[1689707078947] INFO  (ext): Connection explorer changed. Will be updated.
    ns: "conn-man:explorer"
[1689707078948] INFO  (ext): registering History Manager Plugin.
    plugin: {
      "name": "History Manager Plugin"
    }
[1689707078948] INFO  (ext): registering Bookmarks Manager Plugin.
    plugin: {
      "name": "Bookmarks Manager Plugin"
    }
[1689707078950] INFO  (ext): SQLTools activation completed. 15.629087 ms
[1689707078950] INFO  (ext): Formatter Plugin registered!
[1689707078951] INFO  (ext): CodeLens Plugin registered!
[1689707078951] INFO  (ext): Dependency Manager Plugin registered!
[1689707078951] INFO  (ext): Connection Manager Plugin registered!
[1689707078951] INFO  (ext): History Manager Plugin registered!
[1689707078951] INFO  (ext): Bookmarks Manager Plugin registered!
[1689707080215] INFO  (ext): EXECUTING COMMAND => sqltools.refreshTree
[1689707080215] INFO  (ext): Connection explorer changed. Will be updated.
    ns: "conn-man:explorer"
[1689707079151] INFO  (ls): SQLTools Server started!
===============================
Using node runtime?: yes
ExecPath: /opt/nodejs/node-v16.19.1-linux-x64/bin/node v16.19.1
===============================
[1689707079157] INFO  (ls): User defined env vars
===============================
{"PATH":"/usr/local/sbin:/usr/local/bin:/usr/sbin:/usr/bin:/sbin:/bin:/home/user/.node_modules_global/bin"}
===============================:
[1689707080231] INFO  (ext): LanguageClient ready
    ns: "lc"
[1689707080227] INFO  (ls): Initialized with node version:v16.19.1
[1689707080949] INFO  (ext): Connection explorer changed. Will be updated.
    ns: "conn-man:explorer"
[1689707084132] INFO  (ext): registering SQLite Plugin (driver).
    plugin: {
      "extensionId": "mtxr.sqltools-driver-sqlite",
      "name": "SQLite Plugin",
      "type": "driver"
    }
[1689707084133] INFO  (ls): REQUEST RECEIVED => ls/RegisterPlugin
[1689707084133] INFO  (ls): request to register plugin: "/extbin/local/openvscode-server/extensions/sqltools-driver-sqlite-0.4.0/out/ls/plugin.js"
[1689707084162] INFO  (ls): Driver sqlite registered!
    place: "driver-map"
    ns: "ls-context"
[1689707084194] INFO  (ext): SQLite Plugin (driver) registered!
[1689707085194] INFO  (ext): EXECUTING COMMAND => sqltools.refreshTree
[1689707085194] INFO  (ext): Connection explorer changed. Will be updated.
    ns: "conn-man:explorer"
[1689707357851] INFO  (ext): Connection explorer changed. Will be updated.
    ns: "conn-man:explorer"
[1689707359777] INFO  (ext): Connection explorer changed. Will be updated.
    ns: "conn-man:explorer"
[1689707400952] INFO  (ext): Connection explorer changed. Will be updated.
    ns: "conn-man:explorer"
[1689707471542] INFO  (ext): Connection explorer changed. Will be updated.
    ns: "conn-man:explorer"
