2023-07-18 17:58:51.637 [error] No bundle location found for extension vscode.emmet
2023-07-18 17:58:51.637 [error] No bundle location found for extension SAPSE.vscode-cds
2023-07-18 17:58:51.917 [error] No bundle location found for extension SAPOSS.app-studio-toolkit-themes
2023-07-18 17:58:51.919 [error] No bundle location found for extension SAPOSS.app-studio-toolkit
2023-07-18 17:58:51.919 [error] No bundle location found for extension SAP.vscode-watt-framework-extension
2023-07-18 17:58:52.426 [error] No bundle location found for extension SAPOSS.code-snippet
2023-07-18 17:58:52.509 [error] No bundle location found for extension SAP.vscode-wing-run-config
2023-07-18 17:58:52.509 [error] No bundle location found for extension SAPSE.vscode-wing-cds-editor-bas
2023-07-18 17:58:52.752 [error] No bundle location found for extension SAPSE.vscode-wing-expose-router-ports
2023-07-18 17:58:52.752 [error] No bundle location found for extension SAP.vscode-wing-gerrit
2023-07-18 17:58:52.919 [error] No bundle location found for extension SAPSE.vscode-wing-java-run
2023-07-18 17:58:52.983 [error] No bundle location found for extension vscode.npm
2023-07-18 17:58:53.025 [error] No bundle location found for extension vscode.git-base
2023-07-18 17:58:53.031 [error] No bundle location found for extension SAPSE.fs-usage-popup-vscode-extensions
2023-07-18 17:58:53.100 [error] No bundle location found for extension eamodio.gitlens
2023-07-18 17:58:53.100 [error] No bundle location found for extension SAP.vscode-wing-cf-tools
2023-07-18 17:58:53.100 [error] No bundle location found for extension donjayamanne.githistory
2023-07-18 17:58:53.427 [error] No bundle location found for extension SAPSE.sap-ux-application-modeler-extension
2023-07-18 17:58:54.804 [error] No bundle location found for extension SAPSE.sap-ux-help-extension
2023-07-18 17:58:54.809 [error] No bundle location found for extension mtxr.sqltools
2023-07-18 17:58:56.143 [error] No bundle location found for extension SAPOSS.vscode-dependencies-validation
2023-07-18 17:58:56.143 [error] No bundle location found for extension SAPOSS.vscode-deps-upgrade-tool
2023-07-18 17:58:56.143 [error] No bundle location found for extension SAP.vscode-bas-extension
2023-07-18 17:58:56.498 [error] No bundle location found for extension SAPSE.vscode-node-version-check
2023-07-18 17:58:56.572 [error] No bundle location found for extension SAPSE.vscode-tasks-explorer-tasks-panel
2023-07-18 17:58:56.572 [error] No bundle location found for extension SAPOSS.vscode-ui5-language-assistant
2023-07-18 17:58:57.168 [error] No bundle location found for extension SAPOSS.guided-development
2023-07-18 17:58:57.227 [error] No bundle location found for extension SAP.vscode-wing-welcome-screen
2023-07-18 17:58:57.227 [error] No bundle location found for extension SAPSE.vscode-wing-storyboard
2023-07-18 17:58:57.227 [error] No bundle location found for extension SAPOS.yeoman-ui
2023-07-18 17:58:58.267 [error] No bundle location found for extension SAPSE.lcap-task-contrib
2023-07-18 17:58:58.267 [error] No bundle location found for extension SAP.hana-runtime-tools
2023-07-18 17:58:58.328 [error] No bundle location found for extension SAP.sap-bas-vscode-w5g
2023-07-18 17:58:58.359 [error] No bundle location found for extension sap.process-template-editor-vscode
2023-07-18 17:58:58.441 [error] No bundle location found for extension SAPSE.vscode-bas-fiori-tools
2023-07-18 17:58:58.441 [error] No bundle location found for extension SAPSE.webide-hdi-base-feature-vscode
2023-07-18 17:58:58.441 [error] No bundle location found for extension sap.workflow-editor-vscode
2023-07-18 17:58:58.441 [error] No bundle location found for extension SAP.vscode-bas-extensibility
2023-07-18 17:58:58.606 [error] No bundle location found for extension SAPSE.vscode-wing-cap-guided-development
2023-07-18 17:58:58.606 [error] No bundle location found for extension SAPSE.webide-hdi-feature-vscode
2023-07-18 17:58:58.606 [error] No bundle location found for extension vscode.git
2023-07-18 17:58:59.353 [error] No bundle location found for extension SAPSE.hana-project-explorer
2023-07-18 17:58:59.854 [error] No bundle location found for extension mtxr.sqltools-driver-sqlite
2023-07-18 17:58:59.928 [error] No bundle location found for extension SAPSE.cicd-extension
2023-07-18 17:58:59.968 [error] No bundle location found for extension SAPSE.vscode-mta-tools
2023-07-18 17:59:00.052 [error] No bundle location found for extension SAP.adp-ve-bas-ext
2023-07-18 17:59:00.579 [error] No bundle location found for extension sap.workflow-form-editor-vscode
2023-07-18 17:59:00.579 [error] No bundle location found for extension SAP.hana-eim-sdi
2023-07-18 17:59:01.272 [error] No bundle location found for extension SAPSE.vscode-wing-cap-run
2023-07-18 17:59:01.552 [error] No bundle location found for extension vscode.debug-auto-launch
2023-07-18 17:59:01.552 [error] No bundle location found for extension vscode.merge-conflict
2023-07-18 17:59:01.552 [error] No bundle location found for extension SAPSE.hana-database-explorer
2023-07-18 17:59:35.022 [error] No bundle location found for extension vscode.json-language-features
2023-07-18 17:59:35.077 [error] No bundle location found for extension vscode.extension-editing
2023-07-18 17:59:36.066 [error] No bundle location found for extension vscode.typescript-language-features
2023-07-18 18:00:55.028 [error] No bundle location found for extension SAPSE.hana-sqlscript-lsp
2023-07-18 18:57:03.939 [error] No bundle location found for extension vscode.debug-server-ready
2023-07-18 18:57:03.940 [error] No bundle location found for extension ms-vscode.js-debug
2023-07-18 18:59:31.368 [error] Canceled: Canceled
	at new l (/extbin/local/openvscode-server/out/vs/workbench/api/node/extensionHostProcess.js:98:104563)
	at r.O (/extbin/local/openvscode-server/out/vs/workbench/api/node/extensionHostProcess.js:110:11657)
	at Proxy.H.<computed>.x.charCodeAt.H.<computed> (/extbin/local/openvscode-server/out/vs/workbench/api/node/extensionHostProcess.js:110:8947)
	at e.ExtHostCommands.g (/extbin/local/openvscode-server/out/vs/workbench/api/node/extensionHostProcess.js:98:124729)
	at e.ExtHostCommands.executeCommand (/extbin/local/openvscode-server/out/vs/workbench/api/node/extensionHostProcess.js:98:124105)
	at I.registerCommand.description (/extbin/local/openvscode-server/out/vs/workbench/api/node/extensionHostProcess.js:98:123398)
	at e.ExtHostCommands.h (/extbin/local/openvscode-server/out/vs/workbench/api/node/extensionHostProcess.js:98:125315)
	at e.ExtHostCommands.g (/extbin/local/openvscode-server/out/vs/workbench/api/node/extensionHostProcess.js:98:124205)
	at e.ExtHostCommands.executeCommand (/extbin/local/openvscode-server/out/vs/workbench/api/node/extensionHostProcess.js:98:124105)
	at Object.executeCommand (/extbin/local/openvscode-server/out/vs/workbench/api/node/extensionHostProcess.js:116:24043)
	at D (/extbin/local/openvscode-server/extensions/git/dist/main.js:2:1259661)
	at v.invoke (/extbin/local/openvscode-server/out/vs/workbench/api/node/extensionHostProcess.js:63:145)
	at h.deliver (/extbin/local/openvscode-server/out/vs/workbench/api/node/extensionHostProcess.js:63:2121)
	at i.fire (/extbin/local/openvscode-server/out/vs/workbench/api/node/extensionHostProcess.js:63:1729)
	at Object.m [as dispose] (/extbin/local/openvscode-server/extensions/git/dist/main.js:2:1274494)
	at /extbin/local/openvscode-server/extensions/git/dist/main.js:2:1278940
	at Array.forEach (<anonymous>)
	at g.dispose (/extbin/local/openvscode-server/extensions/git/dist/main.js:2:1278926)
	at t.<anonymous> (/extbin/local/openvscode-server/out/vs/workbench/api/node/extensionHostProcess.js:96:12369)
	at t.dispose (/extbin/local/openvscode-server/out/vs/workbench/api/node/extensionHostProcess.js:96:12504)
	at t.<anonymous> (/extbin/local/openvscode-server/extensions/git/dist/main.js:2:1261791)
	at t.dispose (/extbin/local/openvscode-server/out/vs/workbench/api/node/extensionHostProcess.js:96:12504)
	at P (/extbin/local/openvscode-server/out/vs/workbench/api/node/extensionHostProcess.js:10:12080)
	at v.Y (/extbin/local/openvscode-server/out/vs/workbench/api/node/extensionHostProcess.js:112:11173)
	at /extbin/local/openvscode-server/out/vs/workbench/api/node/extensionHostProcess.js:112:9157
	at Array.map (<anonymous>)
	at v.R (/extbin/local/openvscode-server/out/vs/workbench/api/node/extensionHostProcess.js:112:9144)
	at v.terminate (/extbin/local/openvscode-server/out/vs/workbench/api/node/extensionHostProcess.js:112:9415)
	at d.terminate (/extbin/local/openvscode-server/out/vs/workbench/api/node/extensionHostProcess.js:116:1544)
	at p (/extbin/local/openvscode-server/out/vs/workbench/api/node/extensionHostProcess.js:126:34439)
	at /extbin/local/openvscode-server/out/vs/workbench/api/node/extensionHostProcess.js:126:32349
	at v.invoke (/extbin/local/openvscode-server/out/vs/workbench/api/node/extensionHostProcess.js:63:145)
	at h.deliver (/extbin/local/openvscode-server/out/vs/workbench/api/node/extensionHostProcess.js:63:2121)
	at i.fire (/extbin/local/openvscode-server/out/vs/workbench/api/node/extensionHostProcess.js:63:1729)
	at p.fire (/extbin/local/openvscode-server/out/vs/workbench/api/node/extensionHostProcess.js:72:14852)
	at c.E (/extbin/local/openvscode-server/out/vs/workbench/api/node/extensionHostProcess.js:72:18899)
	at /extbin/local/openvscode-server/out/vs/workbench/api/node/extensionHostProcess.js:72:16887
	at v.invoke (/extbin/local/openvscode-server/out/vs/workbench/api/node/extensionHostProcess.js:63:145)
	at h.deliver (/extbin/local/openvscode-server/out/vs/workbench/api/node/extensionHostProcess.js:63:2121)
	at i.fire (/extbin/local/openvscode-server/out/vs/workbench/api/node/extensionHostProcess.js:63:1729)
	at d.acceptChunk (/extbin/local/openvscode-server/out/vs/workbench/api/node/extensionHostProcess.js:72:12583)
	at /extbin/local/openvscode-server/out/vs/workbench/api/node/extensionHostProcess.js:72:11870
	at v.invoke (/extbin/local/openvscode-server/out/vs/workbench/api/node/extensionHostProcess.js:63:145)
	at h.deliver (/extbin/local/openvscode-server/out/vs/workbench/api/node/extensionHostProcess.js:63:2121)
	at i.fire (/extbin/local/openvscode-server/out/vs/workbench/api/node/extensionHostProcess.js:63:1729)
	at y.u (/extbin/local/openvscode-server/out/vs/workbench/api/node/extensionHostProcess.js:126:20019) setContext undefined
