2023-07-17 20:16:17.862 [error] No bundle location found for extension vscode.git-base
2023-07-17 20:16:17.880 [error] No bundle location found for extension vscode.emmet
2023-07-17 20:16:18.037 [error] No bundle location found for extension SAPOSS.app-studio-toolkit
2023-07-17 20:16:18.316 [error] No bundle location found for extension SAP.vscode-watt-framework-extension
2023-07-17 20:16:18.431 [error] No bundle location found for extension SAPOSS.app-studio-toolkit-themes
2023-07-17 20:16:18.433 [error] No bundle location found for extension SAPSE.fs-usage-popup-vscode-extensions
2023-07-17 20:16:18.476 [error] No bundle location found for extension donjayamanne.githistory
2023-07-17 20:16:18.553 [error] No bundle location found for extension SAP.vscode-wing-cf-tools
2023-07-17 20:16:18.640 [error] No bundle location found for extension SAPOSS.code-snippet
2023-07-17 20:16:18.690 [error] No bundle location found for extension eamodio.gitlens
2023-07-17 20:16:18.690 [error] No bundle location found for extension SAPOSS.vscode-dependencies-validation
2023-07-17 20:16:18.690 [error] No bundle location found for extension SAPOSS.vscode-deps-upgrade-tool
2023-07-17 20:16:18.864 [error] No bundle location found for extension SAPSE.vscode-node-version-check
2023-07-17 20:16:18.864 [error] No bundle location found for extension SAPSE.vscode-tasks-explorer-tasks-panel
2023-07-17 20:16:18.981 [error] No bundle location found for extension SAPOSS.vscode-ui5-language-assistant
2023-07-17 20:16:18.981 [error] No bundle location found for extension SAP.vscode-wing-run-config
2023-07-17 20:16:18.981 [error] No bundle location found for extension SAPSE.vscode-cds
2023-07-17 20:16:18.981 [error] No bundle location found for extension SAPSE.vscode-wing-cds-editor-bas
2023-07-17 20:16:18.981 [error] No bundle location found for extension SAPSE.vscode-wing-expose-router-ports
2023-07-17 20:16:18.981 [error] No bundle location found for extension SAP.vscode-wing-gerrit
2023-07-17 20:16:18.981 [error] No bundle location found for extension SAPSE.vscode-wing-java-run
2023-07-17 20:16:19.967 [error] No bundle location found for extension vscode.npm
2023-07-17 20:16:20.054 [error] No bundle location found for extension SAPSE.sap-ux-application-modeler-extension
2023-07-17 20:16:21.232 [error] No bundle location found for extension mtxr.sqltools
2023-07-17 20:16:21.333 [error] No bundle location found for extension SAPSE.sap-ux-service-modeler-extension
2023-07-17 20:16:21.996 [error] No bundle location found for extension SAPSE.sap-ux-help-extension
2023-07-17 20:16:23.054 [error] No bundle location found for extension SAP.vscode-bas-extension
2023-07-17 20:16:23.318 [error] No bundle location found for extension vscode.git
2023-07-17 20:16:23.476 [error] No bundle location found for extension SAPSE.lcap-task-contrib
2023-07-17 20:16:23.479 [error] No bundle location found for extension SAPOSS.guided-development
2023-07-17 20:16:23.635 [error] No bundle location found for extension SAPSE.vscode-wing-storyboard
2023-07-17 20:16:23.853 [error] No bundle location found for extension SAPOS.yeoman-ui
2023-07-17 20:16:24.635 [error] No bundle location found for extension SAP.hana-runtime-tools
2023-07-17 20:16:24.667 [error] No bundle location found for extension SAP.mta-editor-vscode
2023-07-17 20:16:24.667 [error] No bundle location found for extension SAPSE.webide-hdi-base-feature-vscode
2023-07-17 20:16:24.726 [error] No bundle location found for extension sap.process-template-editor-vscode
2023-07-17 20:16:24.726 [error] No bundle location found for extension SAP.sap-bas-vscode-w5g
2023-07-17 20:16:24.800 [error] No bundle location found for extension SAP.vscode-wing-welcome-screen
2023-07-17 20:16:24.871 [error] No bundle location found for extension SAP.vscode-bas-extensibility
2023-07-17 20:16:24.884 [error] No bundle location found for extension SAPSE.vscode-bas-fiori-tools
2023-07-17 20:16:24.934 [error] No bundle location found for extension sap.workflow-editor-vscode
2023-07-17 20:16:25.029 [error] No bundle location found for extension SAPSE.vscode-wing-cap-guided-development
2023-07-17 20:16:25.412 [error] No bundle location found for extension SAPSE.webide-hdi-feature-vscode
2023-07-17 20:16:25.458 [error] No bundle location found for extension SAPSE.hana-project-explorer
2023-07-17 20:16:26.009 [error] No bundle location found for extension mtxr.sqltools-driver-sqlite
2023-07-17 20:16:26.041 [error] No bundle location found for extension SAPSE.cicd-extension
2023-07-17 20:16:26.158 [error] No bundle location found for extension SAPSE.vscode-mta-tools
2023-07-17 20:16:26.251 [error] No bundle location found for extension SAP.adp-ve-bas-ext
2023-07-17 20:16:26.867 [error] No bundle location found for extension SAP.hana-eim-sdi
2023-07-17 20:16:26.884 [error] No bundle location found for extension sap.workflow-form-editor-vscode
2023-07-17 20:16:27.515 [error] No bundle location found for extension SAPSE.vscode-wing-cap-run
2023-07-17 20:16:28.010 [error] No bundle location found for extension vscode.debug-auto-launch
2023-07-17 20:16:28.010 [error] No bundle location found for extension vscode.merge-conflict
2023-07-17 20:16:28.010 [error] No bundle location found for extension SAPSE.hana-database-explorer
