[1686756765979] INFO  (ext): SQLTools is starting
[1686756765982] INFO  (ext): initializing language client...
[1686756766011] INFO  (ext): Registering client for languages [{"scheme":"sqltools"},{"language":"sql","scheme":"untitled"},{"language":"sql","scheme":"file"},{"language":"sql","scheme":"sqltools"}]
    ns: "lc"
[1686756766022] INFO  (ext): loading plugins...
[1686756766022] INFO  (ext): registering Formatter Plugin.
    plugin: {
      "name": "Formatter Plugin"
    }
[1686756766023] INFO  (ext): registering Connection Manager Plugin.
    plugin: {
      "name": "Connection Manager Plugin"
    }
[1686756766023] INFO  (ext): registering CodeLens Plugin.
    plugin: {
      "name": "CodeLens Plugin",
      "registeredLanguages": []
    }
[1686756766025] INFO  (ext): registering Dependency Manager Plugin.
    plugin: {
      "name": "Dependency Manager Plugin",
      "installingDrivers": []
    }
[1686756766026] INFO  (ext): Connection explorer changed. Will be updated.
    ns: "conn-man:explorer"
[1686756766027] INFO  (ext): registering History Manager Plugin.
    plugin: {
      "name": "History Manager Plugin"
    }
[1686756766028] INFO  (ext): registering Bookmarks Manager Plugin.
    plugin: {
      "name": "Bookmarks Manager Plugin"
    }
[1686756766029] INFO  (ext): SQLTools activation completed. 50.1712 ms
[1686756766050] INFO  (ext): Formatter Plugin registered!
[1686756766050] INFO  (ext): CodeLens Plugin registered!
[1686756766050] INFO  (ext): Dependency Manager Plugin registered!
[1686756766051] INFO  (ext): Connection Manager Plugin registered!
[1686756766051] INFO  (ext): History Manager Plugin registered!
[1686756766051] INFO  (ext): Bookmarks Manager Plugin registered!
[1686756766217] INFO  (ls): SQLTools Server started!
===============================
Using node runtime?: yes
ExecPath: /opt/nodejs/node-v16.11.1-linux-x64/bin/node v16.11.1
===============================
[1686756766224] INFO  (ls): User defined env vars
===============================
{"PATH":"/usr/local/sbin:/usr/local/bin:/usr/sbin:/usr/bin:/sbin:/bin:/home/user/.node_modules_global/bin"}
===============================:
[1686756766455] INFO  (ext): LanguageClient ready
    ns: "lc"
[1686756766452] INFO  (ls): Initialized with node version:v16.11.1
[1686756767944] INFO  (ext): EXECUTING COMMAND => sqltools.refreshTree
[1686756767944] INFO  (ext): Connection explorer changed. Will be updated.
    ns: "conn-man:explorer"
[1686756768437] INFO  (ext): Connection explorer changed. Will be updated.
    ns: "conn-man:explorer"
[1686756770871] INFO  (ext): registering SQLite Plugin (driver).
    plugin: {
      "extensionId": "mtxr.sqltools-driver-sqlite",
      "name": "SQLite Plugin",
      "type": "driver"
    }
[1686756770873] INFO  (ls): REQUEST RECEIVED => ls/RegisterPlugin
[1686756770873] INFO  (ls): request to register plugin: "/extbin/local/openvscode-server/extensions/sqltools-driver-sqlite-0.4.0/out/ls/plugin.js"
[1686756770928] INFO  (ls): Driver sqlite registered!
    place: "driver-map"
    ns: "ls-context"
[1686756770930] INFO  (ext): SQLite Plugin (driver) registered!
[1686756772990] INFO  (ext): EXECUTING COMMAND => sqltools.refreshTree
[1686756772991] INFO  (ext): Connection explorer changed. Will be updated.
    ns: "conn-man:explorer"
