15:32:44 [INFO] - Running activation sequence for Fiori tools - Application Modeler
15:32:44 [INFO] - Configurations: 'sap.ux.applicationModeler.showJsonSchemas': false; isTheia(): false; isAppStudio(): true
15:32:44 [INFO] - AppFolders: setAppFoldersContext() already done, leaving
15:32:44 [INFO] - Register Fiori tools file system for configurations...
15:32:44 [INFO] - ...Fiori tools file system registered in 1.173ms
15:32:44 [INFO] - Register views for configurations...
15:32:44 [INFO] - ...views for configurations registered in 1.262ms
15:32:44 [INFO] - Register commands...
15:32:44 [INFO] - ...commands registered in 6.881ms
15:32:44 [INFO] - Register serializers...
15:32:44 [INFO] - ...serializers registered in 0.653ms
15:32:44 [INFO] - Activating sync module...
15:32:44 [INFO] - Virtual file system ftfs initialized in 0.191ms
15:32:44 [INFO] - SAP UX projects found and added in 1.852ms
15:32:44 [INFO] - Start watching **/package.json
15:32:44 [INFO] - package.json watched in 0.788ms
15:32:44 [INFO] - Start watching for workspace folder changes
15:32:44 [INFO] - Workspace folders watched in 0.609ms
15:32:44 [INFO] - Configs watched in 0.168ms
15:32:44 [INFO] - ...sync module activated in 21.529ms
15:32:44 [INFO] - Activating launch config integration
15:32:44 [INFO] - ...launch config integration activated in 0.406ms
15:32:44 [INFO] - Activating migration module...
15:32:44 [INFO] - SAP Fiori tools - Application Modeler
'Migration start watching for workspace folder changes'
15:32:44 [INFO] - Workspace folders watched in 1.148ms
15:32:44 [INFO] - SAP Fiori tools - Application Modeler
'Migration start watching **/package.json'
15:32:44 [INFO] - package.json watched in 0.734ms
15:32:44 [INFO] - SAP Fiori tools - Application Modeler
'Migration start watching **/pom.xml'
15:32:44 [INFO] - pom.xml watched in 0.750ms
15:32:44 [INFO] - SAP Fiori tools - Application Modeler
'Migration start watching **/neo-app.json'
15:32:44 [INFO] - neo-app.json watched in 0.801ms
15:32:44 [INFO] - SAP Fiori tools - Application Modeler
'Migration start watching **/manifest.json'
15:32:44 [INFO] - manifest.json watched in 0.591ms
15:32:44 [INFO] - ...migration module activated in 6.552ms
15:32:44 [INFO] - activation sequence for Fiori tools - Application Modeler done in 195.796ms
15:32:47 [INFO] - Handler for Fiori launch configuration registered
