2023-07-04 20:29:47.617 [error] No bundle location found for extension SAP.vscode-watt-framework-extension
2023-07-04 20:29:47.803 [error] No bundle location found for extension vscode.configuration-editing
2023-07-04 20:29:47.803 [error] No bundle location found for extension vscode.extension-editing
2023-07-04 20:29:47.803 [error] No bundle location found for extension vscode.json-language-features
2023-07-04 20:29:47.803 [error] No bundle location found for extension vscode.npm
2023-07-04 20:29:47.803 [error] No bundle location found for extension SAPSE.vscode-cds
2023-07-04 20:29:48.625 [error] No bundle location found for extension SAPSE.sap-ux-help-extension
2023-07-04 20:29:48.626 [error] No bundle location found for extension SAPSE.sap-ux-service-modeler-extension
2023-07-04 20:29:48.626 [error] No bundle location found for extension mtxr.sqltools
2023-07-04 20:29:48.626 [error] No bundle location found for extension SAP.vscode-bas-extension
2023-07-04 20:29:48.626 [error] No bundle location found for extension SAPOSS.vscode-dependencies-validation
2023-07-04 20:29:48.626 [error] No bundle location found for extension SAPOSS.vscode-deps-upgrade-tool
2023-07-04 20:29:48.626 [error] No bundle location found for extension SAPSE.vscode-node-version-check
2023-07-04 20:29:48.626 [error] No bundle location found for extension SAPSE.vscode-tasks-explorer-tasks-panel
2023-07-04 20:29:48.626 [error] No bundle location found for extension SAPOSS.vscode-ui5-language-assistant
2023-07-04 20:29:48.626 [error] No bundle location found for extension SAP.vscode-wing-run-config
2023-07-04 20:29:48.626 [error] No bundle location found for extension SAPSE.vscode-wing-cds-editor-bas
2023-07-04 20:29:48.626 [error] No bundle location found for extension SAPSE.vscode-wing-expose-router-ports
2023-07-04 20:29:48.626 [error] No bundle location found for extension SAP.vscode-wing-gerrit
2023-07-04 20:29:48.626 [error] No bundle location found for extension SAPSE.vscode-wing-java-run
2023-07-04 20:29:52.116 [error] No bundle location found for extension SAP.hana-runtime-tools
2023-07-04 20:29:52.116 [error] No bundle location found for extension SAPSE.webide-hdi-base-feature-vscode
2023-07-04 20:29:52.116 [error] No bundle location found for extension SAP.mta-editor-vscode
2023-07-04 20:29:52.116 [error] No bundle location found for extension sap.process-template-editor-vscode
2023-07-04 20:29:52.116 [error] No bundle location found for extension SAP.sap-bas-vscode-w5g
2023-07-04 20:29:52.116 [error] No bundle location found for extension SAP.vscode-bas-extensibility
2023-07-04 20:29:52.252 [error] No bundle location found for extension sap.workflow-editor-vscode
2023-07-04 20:29:52.303 [error] No bundle location found for extension SAPSE.hana-sqlscript-lsp
2023-07-04 20:29:52.303 [error] No bundle location found for extension vscode.typescript-language-features
2023-07-04 20:29:52.508 [error] No bundle location found for extension SAPOSS.app-studio-toolkit
2023-07-04 20:29:53.032 [error] No bundle location found for extension SAPOSS.app-studio-toolkit-themes
2023-07-04 20:29:53.032 [error] No bundle location found for extension vscode.git-base
2023-07-04 20:29:53.032 [error] No bundle location found for extension SAPSE.fs-usage-popup-vscode-extensions
2023-07-04 20:29:53.032 [error] No bundle location found for extension vscode.emmet
2023-07-04 20:29:53.178 [error] No bundle location found for extension SAPOSS.code-snippet
2023-07-04 20:29:53.419 [error] No bundle location found for extension donjayamanne.githistory
2023-07-04 20:29:53.514 [error] No bundle location found for extension eamodio.gitlens
2023-07-04 20:29:53.574 [error] No bundle location found for extension SAP.vscode-wing-cf-tools
2023-07-04 20:29:53.574 [error] No bundle location found for extension SAPSE.sap-ux-application-modeler-extension
2023-07-04 20:29:55.201 [error] No bundle location found for extension mtxr.sqltools-driver-sqlite
2023-07-04 20:29:55.207 [error] No bundle location found for extension sap.workflow-form-editor-vscode
2023-07-04 20:29:55.218 [error] No bundle location found for extension SAP.hana-eim-sdi
2023-07-04 20:29:55.227 [error] No bundle location found for extension SAPOSS.guided-development
2023-07-04 20:29:55.227 [error] No bundle location found for extension SAPSE.lcap-task-contrib
2023-07-04 20:29:55.227 [error] No bundle location found for extension SAPSE.vscode-wing-storyboard
2023-07-04 20:29:55.227 [error] No bundle location found for extension vscode.git
2023-07-04 20:29:55.227 [error] No bundle location found for extension SAP.vscode-wing-welcome-screen
2023-07-04 20:29:55.763 [error] No bundle location found for extension SAPOS.yeoman-ui
2023-07-04 20:29:56.811 [error] No bundle location found for extension SAPSE.webide-hdi-feature-vscode
2023-07-04 20:29:56.909 [error] No bundle location found for extension SAPSE.vscode-wing-cap-guided-development
2023-07-04 20:29:57.675 [error] No bundle location found for extension SAPSE.hana-project-explorer
2023-07-04 20:29:58.222 [error] No bundle location found for extension SAPSE.cicd-extension
2023-07-04 20:29:58.284 [error] No bundle location found for extension SAPSE.vscode-mta-tools
2023-07-04 20:29:58.284 [error] No bundle location found for extension SAP.adp-ve-bas-ext
2023-07-04 20:29:59.471 [error] No bundle location found for extension vscode.debug-auto-launch
2023-07-04 20:29:59.715 [error] No bundle location found for extension SAPSE.hana-database-explorer
2023-07-04 20:30:00.389 [error] No bundle location found for extension vscode.merge-conflict
2023-07-04 20:30:00.666 [error] No bundle location found for extension SAPSE.vscode-wing-cap-run
