2023-06-27 14:26:38.128 [error] No bundle location found for extension SAP.vscode-watt-framework-extension
2023-06-27 14:26:38.298 [error] No bundle location found for extension SAPOSS.app-studio-toolkit
2023-06-27 14:26:38.689 [error] No bundle location found for extension SAPOSS.app-studio-toolkit-themes
2023-06-27 14:26:38.694 [error] No bundle location found for extension SAPOSS.code-snippet
2023-06-27 14:26:38.765 [error] No bundle location found for extension SAPSE.fs-usage-popup-vscode-extensions
2023-06-27 14:26:38.765 [error] No bundle location found for extension vscode.git-base
2023-06-27 14:26:38.853 [error] No bundle location found for extension donjayamanne.githistory
2023-06-27 14:26:38.853 [error] No bundle location found for extension eamodio.gitlens
2023-06-27 14:26:39.010 [error] No bundle location found for extension SAP.vscode-wing-cf-tools
2023-06-27 14:26:39.010 [error] No bundle location found for extension SAPSE.sap-ux-application-modeler-extension
2023-06-27 14:26:40.743 [error] No bundle location found for extension SAPSE.sap-ux-help-extension
2023-06-27 14:26:42.152 [error] No bundle location found for extension SAPSE.sap-ux-service-modeler-extension
2023-06-27 14:26:43.057 [error] No bundle location found for extension mtxr.sqltools
2023-06-27 14:26:43.057 [error] No bundle location found for extension SAP.vscode-bas-extension
2023-06-27 14:26:43.424 [error] No bundle location found for extension SAPOSS.vscode-dependencies-validation
2023-06-27 14:26:43.507 [error] No bundle location found for extension SAPOSS.vscode-deps-upgrade-tool
2023-06-27 14:26:43.507 [error] No bundle location found for extension SAPSE.vscode-node-version-check
2023-06-27 14:26:43.673 [error] No bundle location found for extension SAPSE.vscode-tasks-explorer-tasks-panel
2023-06-27 14:26:43.673 [error] No bundle location found for extension SAPOSS.vscode-ui5-language-assistant
2023-06-27 14:26:44.258 [error] No bundle location found for extension SAP.vscode-wing-run-config
2023-06-27 14:26:44.356 [error] No bundle location found for extension SAPSE.vscode-cds
2023-06-27 14:26:44.356 [error] No bundle location found for extension SAPSE.vscode-wing-cds-editor-bas
2023-06-27 14:26:44.909 [error] No bundle location found for extension SAPSE.vscode-wing-expose-router-ports
2023-06-27 14:26:45.128 [error] No bundle location found for extension SAP.vscode-wing-gerrit
2023-06-27 14:26:45.216 [error] No bundle location found for extension SAPSE.vscode-wing-java-run
2023-06-27 14:26:45.353 [error] No bundle location found for extension SAP.vscode-wing-welcome-screen
2023-06-27 14:26:45.476 [error] No bundle location found for extension SAP.sap-bas-vscode-w5g
2023-06-27 14:26:45.476 [error] No bundle location found for extension SAP.hana-runtime-tools
2023-06-27 14:26:45.476 [error] No bundle location found for extension SAP.mta-editor-vscode
2023-06-27 14:26:45.476 [error] No bundle location found for extension SAP.vscode-bas-extensibility
2023-06-27 14:26:45.476 [error] No bundle location found for extension SAPSE.webide-hdi-base-feature-vscode
2023-06-27 14:26:45.566 [error] No bundle location found for extension SAPSE.vscode-wing-cap-guided-development
2023-06-27 14:26:45.566 [error] No bundle location found for extension SAPOSS.guided-development
2023-06-27 14:26:45.566 [error] No bundle location found for extension sap.process-template-editor-vscode
2023-06-27 14:26:45.566 [error] No bundle location found for extension SAPOS.yeoman-ui
2023-06-27 14:26:45.566 [error] No bundle location found for extension vscode.git
2023-06-27 14:26:45.566 [error] No bundle location found for extension sap.workflow-editor-vscode
2023-06-27 14:26:45.566 [error] No bundle location found for extension SAPSE.lcap-task-contrib
2023-06-27 14:26:47.254 [error] No bundle location found for extension SAPSE.vscode-wing-storyboard
2023-06-27 14:26:47.254 [error] No bundle location found for extension SAPSE.webide-hdi-feature-vscode
2023-06-27 14:26:47.506 [error] No bundle location found for extension mtxr.sqltools-driver-sqlite
2023-06-27 14:26:47.529 [error] No bundle location found for extension SAPSE.hana-project-explorer
2023-06-27 14:26:48.015 [error] No bundle location found for extension SAP.hana-eim-sdi
2023-06-27 14:26:48.339 [error] No bundle location found for extension SAPSE.cicd-extension
2023-06-27 14:26:48.460 [error] No bundle location found for extension SAPSE.vscode-mta-tools
2023-06-27 14:26:48.567 [error] No bundle location found for extension sap.workflow-form-editor-vscode
2023-06-27 14:26:48.574 [error] No bundle location found for extension vscode.debug-auto-launch
2023-06-27 14:26:48.577 [error] No bundle location found for extension SAP.adp-ve-bas-ext
2023-06-27 14:26:49.008 [error] No bundle location found for extension vscode.merge-conflict
2023-06-27 14:26:49.036 [error] No bundle location found for extension SAPSE.hana-database-explorer
2023-06-27 14:26:49.763 [error] No bundle location found for extension SAPSE.vscode-wing-cap-run
2023-06-27 14:26:51.695 [error] Error: command 'undefined' not found
    at v.k (https://theia-workspaces-ws-hgx9c.us10.trial.applicationstudio.cloud.sap/oss-d605fb4bfb7309c93aafa72a866fb9556573def7/static/out/vs/workbench/workbench.web.main.js:1403:14502)
    at v.executeCommand (https://theia-workspaces-ws-hgx9c.us10.trial.applicationstudio.cloud.sap/oss-d605fb4bfb7309c93aafa72a866fb9556573def7/static/out/vs/workbench/workbench.web.main.js:1403:14418)
