17:56:37 [INFO] - Running activation sequence for Fiori tools - Application Modeler
17:56:37 [INFO] - Configurations: 'sap.ux.applicationModeler.showJsonSchemas': false; isTheia(): false; isAppStudio(): true
17:56:37 [INFO] - AppFolders: setAppFoldersContext() already done, leaving
17:56:37 [INFO] - Register Fiori tools file system for configurations...
17:56:37 [INFO] - ...Fiori tools file system registered in 0.774ms
17:56:37 [INFO] - Register views for configurations...
17:56:37 [INFO] - ...views for configurations registered in 1.070ms
17:56:37 [INFO] - Register commands...
17:56:37 [INFO] - ...commands registered in 4.327ms
17:56:37 [INFO] - Register serializers...
17:56:37 [INFO] - ...serializers registered in 0.365ms
17:56:37 [INFO] - Activating sync module...
17:56:37 [INFO] - Virtual file system ftfs initialized in 0.157ms
17:56:37 [INFO] - SAP UX projects found and added in 0.446ms
17:56:37 [INFO] - Start watching **/package.json
17:56:37 [INFO] - package.json watched in 0.742ms
17:56:37 [INFO] - Start watching for workspace folder changes
17:56:37 [INFO] - Workspace folders watched in 0.526ms
17:56:37 [INFO] - Configs watched in 0.132ms
17:56:37 [INFO] - ...sync module activated in 4.198ms
17:56:37 [INFO] - Activating launch config integration
17:56:37 [INFO] - Handler for Fiori launch configuration registered
17:56:37 [INFO] - ...launch config integration activated in 1.642ms
17:56:37 [INFO] - Activating migration module...
17:56:37 [INFO] - SAP Fiori tools - Application Modeler
'Migration start watching for workspace folder changes'
17:56:37 [INFO] - Workspace folders watched in 0.879ms
17:56:37 [INFO] - SAP Fiori tools - Application Modeler
'Migration start watching **/package.json'
17:56:37 [INFO] - package.json watched in 0.682ms
17:56:37 [INFO] - SAP Fiori tools - Application Modeler
'Migration start watching **/pom.xml'
17:56:37 [INFO] - pom.xml watched in 0.569ms
17:56:37 [INFO] - SAP Fiori tools - Application Modeler
'Migration start watching **/neo-app.json'
17:56:37 [INFO] - neo-app.json watched in 0.638ms
17:56:37 [INFO] - SAP Fiori tools - Application Modeler
'Migration start watching **/manifest.json'
17:56:37 [INFO] - manifest.json watched in 0.462ms
17:56:37 [INFO] - ...migration module activated in 5.247ms
17:56:37 [INFO] - activation sequence for Fiori tools - Application Modeler done in 357.841ms
