20:29:54 [INFO] - Running activation sequence for Fiori tools - Application Modeler
20:29:54 [INFO] - Configurations: 'sap.ux.applicationModeler.showJsonSchemas': false; isTheia(): false; isAppStudio(): true
20:29:55 [INFO] - AppFolders: setAppFoldersContext() already done, leaving
20:29:55 [INFO] - Register Fiori tools file system for configurations...
20:29:55 [INFO] - ...Fiori tools file system registered in 0.924ms
20:29:55 [INFO] - Register views for configurations...
20:29:55 [INFO] - ...views for configurations registered in 1.396ms
20:29:55 [INFO] - Register commands...
20:29:55 [INFO] - ...commands registered in 6.028ms
20:29:55 [INFO] - Register serializers...
20:29:55 [INFO] - ...serializers registered in 0.488ms
20:29:55 [INFO] - Activating sync module...
20:29:55 [INFO] - Virtual file system ftfs initialized in 0.173ms
20:29:55 [INFO] - Searching for projects in these workspace folders: 
[ '/home/user/projects/HC_OFFICE_SUPLLIES' ]
20:29:55 [INFO] - SAP UX projects found and added in 49.594ms
20:29:55 [INFO] - Start watching **/package.json
20:29:55 [INFO] - package.json watched in 0.732ms
20:29:55 [INFO] - Start watching for workspace folder changes
20:29:55 [INFO] - Workspace folders watched in 0.479ms
20:29:55 [INFO] - Configs watched in 0.180ms
20:29:55 [INFO] - ...sync module activated in 53.284ms
20:29:55 [INFO] - Activating launch config integration
20:29:55 [INFO] - Handler for Fiori launch configuration registered
20:29:55 [INFO] - ...launch config integration activated in 0.820ms
20:29:55 [INFO] - Activating migration module...
20:29:55 [INFO] - SAP Fiori tools - Application Modeler
'Migration start watching for workspace folder changes'
20:29:55 [INFO] - Workspace folders watched in 0.477ms
20:29:55 [INFO] - SAP Fiori tools - Application Modeler
'Migration start watching **/package.json'
20:29:55 [INFO] - package.json watched in 0.551ms
20:29:55 [INFO] - SAP Fiori tools - Application Modeler
'Migration start watching **/pom.xml'
20:29:55 [INFO] - pom.xml watched in 0.422ms
20:29:55 [INFO] - SAP Fiori tools - Application Modeler
'Migration start watching **/neo-app.json'
20:29:55 [INFO] - neo-app.json watched in 0.407ms
20:29:55 [INFO] - SAP Fiori tools - Application Modeler
'Migration start watching **/manifest.json'
20:29:55 [INFO] - manifest.json watched in 0.633ms
20:29:55 [INFO] - ...migration module activated in 27.344ms
20:29:55 [INFO] - activation sequence for Fiori tools - Application Modeler done in 112.517ms
