[1688502591624] INFO  (ext): SQLTools is starting
[1688502591635] INFO  (ext): initializing language client...
[1688502591804] INFO  (ext): Registering client for languages [{"scheme":"sqltools"},{"language":"sql","scheme":"untitled"},{"language":"sql","scheme":"file"},{"language":"sql","scheme":"sqltools"}]
    ns: "lc"
[1688502591812] INFO  (ext): loading plugins...
[1688502591812] INFO  (ext): registering Formatter Plugin.
    plugin: {
      "name": "Formatter Plugin"
    }
[1688502591813] INFO  (ext): registering Connection Manager Plugin.
    plugin: {
      "name": "Connection Manager Plugin"
    }
[1688502591813] INFO  (ext): registering CodeLens Plugin.
    plugin: {
      "name": "CodeLens Plugin",
      "registeredLanguages": []
    }
[1688502591815] INFO  (ext): registering Dependency Manager Plugin.
    plugin: {
      "name": "Dependency Manager Plugin",
      "installingDrivers": []
    }
[1688502591817] INFO  (ext): Connection explorer changed. Will be updated.
    ns: "conn-man:explorer"
[1688502591818] INFO  (ext): registering History Manager Plugin.
    plugin: {
      "name": "History Manager Plugin"
    }
[1688502591818] INFO  (ext): registering Bookmarks Manager Plugin.
    plugin: {
      "name": "Bookmarks Manager Plugin"
    }
[1688502591820] INFO  (ext): SQLTools activation completed. 195.691013 ms
[1688502591849] INFO  (ext): Formatter Plugin registered!
[1688502591849] INFO  (ext): CodeLens Plugin registered!
[1688502591849] INFO  (ext): Dependency Manager Plugin registered!
[1688502591850] INFO  (ext): Connection Manager Plugin registered!
[1688502591850] INFO  (ext): History Manager Plugin registered!
[1688502591850] INFO  (ext): Bookmarks Manager Plugin registered!
[1688502592146] INFO  (ls): SQLTools Server started!
===============================
Using node runtime?: yes
ExecPath: /opt/nodejs/node-v16.19.1-linux-x64/bin/node v16.19.1
===============================
[1688502592153] INFO  (ls): User defined env vars
===============================
{"PATH":"/usr/local/sbin:/usr/local/bin:/usr/sbin:/usr/bin:/sbin:/bin:/home/user/.node_modules_global/bin"}
===============================:
[1688502592249] INFO  (ext): LanguageClient ready
    ns: "lc"
[1688502592246] INFO  (ls): Initialized with node version:v16.19.1
[1688502593008] INFO  (ext): EXECUTING COMMAND => sqltools.refreshTree
[1688502593009] INFO  (ext): Connection explorer changed. Will be updated.
    ns: "conn-man:explorer"
[1688502595027] INFO  (ext): Connection explorer changed. Will be updated.
    ns: "conn-man:explorer"
[1688502595116] INFO  (ext): Connection explorer changed. Will be updated.
    ns: "conn-man:explorer"
[1688502595146] INFO  (ext): Connection explorer changed. Will be updated.
    ns: "conn-man:explorer"
[1688502595204] INFO  (ext): registering SQLite Plugin (driver).
    plugin: {
      "extensionId": "mtxr.sqltools-driver-sqlite",
      "name": "SQLite Plugin",
      "type": "driver"
    }
[1688502595205] INFO  (ls): REQUEST RECEIVED => ls/RegisterPlugin
[1688502595206] INFO  (ls): request to register plugin: "/extbin/local/openvscode-server/extensions/sqltools-driver-sqlite-0.4.0/out/ls/plugin.js"
[1688502595281] INFO  (ls): Driver sqlite registered!
    place: "driver-map"
    ns: "ls-context"
[1688502595711] INFO  (ext): SQLite Plugin (driver) registered!
[1688502596748] INFO  (ext): EXECUTING COMMAND => sqltools.refreshTree
[1688502596748] INFO  (ext): Connection explorer changed. Will be updated.
    ns: "conn-man:explorer"
[1688502598101] INFO  (ext): Connection explorer changed. Will be updated.
    ns: "conn-man:explorer"
[1688502598170] INFO  (ext): Connection explorer changed. Will be updated.
    ns: "conn-man:explorer"
[1688502598221] INFO  (ext): Connection explorer changed. Will be updated.
    ns: "conn-man:explorer"
[1688502598885] INFO  (ext): Connection explorer changed. Will be updated.
    ns: "conn-man:explorer"
[1688502598900] INFO  (ext): Connection explorer changed. Will be updated.
    ns: "conn-man:explorer"
[1688502600902] INFO  (ext): Connection explorer changed. Will be updated.
    ns: "conn-man:explorer"
[1688502691453] INFO  (ext): Connection explorer changed. Will be updated.
    ns: "conn-man:explorer"
[1688502746677] INFO  (ext): Connection explorer changed. Will be updated.
    ns: "conn-man:explorer"
[1688502846431] INFO  (ext): Connection explorer changed. Will be updated.
    ns: "conn-man:explorer"
[1688502846831] INFO  (ext): Connection explorer changed. Will be updated.
    ns: "conn-man:explorer"
[1688502847382] INFO  (ext): Connection explorer changed. Will be updated.
    ns: "conn-man:explorer"
[1688502847601] INFO  (ext): Connection explorer changed. Will be updated.
    ns: "conn-man:explorer"
[1688502847718] INFO  (ext): Connection explorer changed. Will be updated.
    ns: "conn-man:explorer"
[1688502847863] INFO  (ext): Connection explorer changed. Will be updated.
    ns: "conn-man:explorer"
[1688502847864] INFO  (ext): Connection explorer changed. Will be updated.
    ns: "conn-man:explorer"
[1688502847864] INFO  (ext): Connection explorer changed. Will be updated.
    ns: "conn-man:explorer"
[1688502847894] INFO  (ext): Connection explorer changed. Will be updated.
    ns: "conn-man:explorer"
[1688502848539] INFO  (ext): Connection explorer changed. Will be updated.
    ns: "conn-man:explorer"
[1688502880747] INFO  (ext): Connection explorer changed. Will be updated.
    ns: "conn-man:explorer"
[1688503026983] INFO  (ext): Connection explorer changed. Will be updated.
    ns: "conn-man:explorer"
[1688503027536] INFO  (ext): Connection explorer changed. Will be updated.
    ns: "conn-man:explorer"
[1688503027955] INFO  (ext): Connection explorer changed. Will be updated.
    ns: "conn-man:explorer"
[1688503028404] INFO  (ext): Connection explorer changed. Will be updated.
    ns: "conn-man:explorer"
[1688503028780] INFO  (ext): Connection explorer changed. Will be updated.
    ns: "conn-man:explorer"
[1688503028807] INFO  (ext): Connection explorer changed. Will be updated.
    ns: "conn-man:explorer"
[1688503028807] INFO  (ext): Connection explorer changed. Will be updated.
    ns: "conn-man:explorer"
[1688503028808] INFO  (ext): Connection explorer changed. Will be updated.
    ns: "conn-man:explorer"
[1688503029681] INFO  (ext): Connection explorer changed. Will be updated.
    ns: "conn-man:explorer"
[1688503105414] INFO  (ext): Connection explorer changed. Will be updated.
    ns: "conn-man:explorer"
[1688503407700] INFO  (ext): Connection explorer changed. Will be updated.
    ns: "conn-man:explorer"
