[1689708175777] INFO  (ext): SQLTools is starting
[1689708175781] INFO  (ext): initializing language client...
[1689708175782] INFO  (ext): Registering client for languages [{"scheme":"sqltools"},{"language":"sql","scheme":"untitled"},{"language":"sql","scheme":"file"},{"language":"sql","scheme":"sqltools"}]
    ns: "lc"
[1689708175788] INFO  (ext): loading plugins...
[1689708175788] INFO  (ext): registering Formatter Plugin.
    plugin: {
      "name": "Formatter Plugin"
    }
[1689708175788] INFO  (ext): registering Connection Manager Plugin.
    plugin: {
      "name": "Connection Manager Plugin"
    }
[1689708175789] INFO  (ext): registering CodeLens Plugin.
    plugin: {
      "name": "CodeLens Plugin",
      "registeredLanguages": []
    }
[1689708175790] INFO  (ext): registering Dependency Manager Plugin.
    plugin: {
      "name": "Dependency Manager Plugin",
      "installingDrivers": []
    }
[1689708175792] INFO  (ext): Connection explorer changed. Will be updated.
    ns: "conn-man:explorer"
[1689708175792] INFO  (ext): registering History Manager Plugin.
    plugin: {
      "name": "History Manager Plugin"
    }
[1689708175793] INFO  (ext): registering Bookmarks Manager Plugin.
    plugin: {
      "name": "Bookmarks Manager Plugin"
    }
[1689708175794] INFO  (ext): SQLTools activation completed. 16.652107 ms
[1689708175795] INFO  (ext): Formatter Plugin registered!
[1689708175795] INFO  (ext): CodeLens Plugin registered!
[1689708175795] INFO  (ext): Dependency Manager Plugin registered!
[1689708175795] INFO  (ext): Connection Manager Plugin registered!
[1689708175795] INFO  (ext): History Manager Plugin registered!
[1689708175795] INFO  (ext): Bookmarks Manager Plugin registered!
[1689708177047] INFO  (ext): EXECUTING COMMAND => sqltools.refreshTree
[1689708177047] INFO  (ext): Connection explorer changed. Will be updated.
    ns: "conn-man:explorer"
[1689708175936] INFO  (ls): SQLTools Server started!
===============================
Using node runtime?: yes
ExecPath: /opt/nodejs/node-v16.19.1-linux-x64/bin/node v16.19.1
===============================
[1689708175940] INFO  (ls): User defined env vars
===============================
{"PATH":"/usr/local/sbin:/usr/local/bin:/usr/sbin:/usr/bin:/sbin:/bin:/home/user/.node_modules_global/bin"}
===============================:
[1689708177063] INFO  (ext): LanguageClient ready
    ns: "lc"
[1689708177060] INFO  (ls): Initialized with node version:v16.19.1
[1689708177855] INFO  (ext): Connection explorer changed. Will be updated.
    ns: "conn-man:explorer"
[1689708180577] INFO  (ext): registering SQLite Plugin (driver).
    plugin: {
      "extensionId": "mtxr.sqltools-driver-sqlite",
      "name": "SQLite Plugin",
      "type": "driver"
    }
[1689708180578] INFO  (ls): REQUEST RECEIVED => ls/RegisterPlugin
[1689708180578] INFO  (ls): request to register plugin: "/extbin/local/openvscode-server/extensions/sqltools-driver-sqlite-0.4.0/out/ls/plugin.js"
[1689708180612] INFO  (ls): Driver sqlite registered!
    place: "driver-map"
    ns: "ls-context"
[1689708180625] INFO  (ext): SQLite Plugin (driver) registered!
[1689708181644] INFO  (ext): EXECUTING COMMAND => sqltools.refreshTree
[1689708181644] INFO  (ext): Connection explorer changed. Will be updated.
    ns: "conn-man:explorer"
[1689708183067] INFO  (ext): Connection explorer changed. Will be updated.
    ns: "conn-man:explorer"
[1689708185506] INFO  (ext): Connection explorer changed. Will be updated.
    ns: "conn-man:explorer"
