19:22:55 [INFO] - Running activation sequence for Fiori tools - Application Modeler
19:22:55 [INFO] - Configurations: 'sap.ux.applicationModeler.showJsonSchemas': false; isTheia(): false; isAppStudio(): true
19:22:55 [INFO] - AppFolders: starting processing setAppFoldersContext()
19:22:55 [INFO] - Register Fiori tools file system for configurations...
19:22:55 [INFO] - ...Fiori tools file system registered in 0.697ms
19:22:55 [INFO] - Register views for configurations...
19:22:55 [INFO] - ...views for configurations registered in 0.711ms
19:22:55 [INFO] - Register commands...
19:22:55 [INFO] - ...commands registered in 3.859ms
19:22:55 [INFO] - Activating sync module...
19:22:55 [INFO] - Virtual file system ftfs initialized in 0.126ms
19:22:55 [INFO] - Searching for projects in these workspace folders: 
[ '/home/user/projects/HC_OFFICE_SUPLLIES' ]
19:22:55 [INFO] - AppFolders:
	projectRoots: 0
	appRoots: 0
	webappRoots: 0
	subWebappRoots: 0
	localServiceRoots: 0
	adaptationAppRoots: 0
	extensionAppRoots: 0
	extensionWebappRoots: 0
	libraryRoots: 0
19:22:55 [INFO] - AppFolders: Function setContext() done in 142.976ms
19:22:55 [INFO] - SAP UX projects found and added in 609.966ms
19:22:55 [INFO] - Start watching **/package.json
19:22:55 [INFO] - package.json watched in 0.980ms
19:22:55 [INFO] - Start watching for workspace folder changes
19:22:55 [INFO] - Workspace folders watched in 0.576ms
19:22:55 [INFO] - Configs watched in 0.511ms
19:22:55 [INFO] - ...sync module activated in 614.485ms
19:22:55 [INFO] - Register serializers...
19:22:55 [INFO] - ...serializers registered in 0.827ms
19:22:55 [INFO] - Activating launch config integration
19:22:55 [INFO] - ...launch config integration activated in 0.366ms
19:22:55 [INFO] - Activating migration module...
19:22:55 [INFO] - SAP Fiori tools - Application Modeler
'Migration start watching for workspace folder changes'
19:22:55 [INFO] - Workspace folders watched in 0.493ms
19:22:55 [INFO] - SAP Fiori tools - Application Modeler
'Migration start watching **/package.json'
19:22:55 [INFO] - package.json watched in 0.547ms
19:22:55 [INFO] - SAP Fiori tools - Application Modeler
'Migration start watching **/pom.xml'
19:22:55 [INFO] - pom.xml watched in 0.556ms
19:22:55 [INFO] - SAP Fiori tools - Application Modeler
'Migration start watching **/neo-app.json'
19:22:55 [INFO] - neo-app.json watched in 0.462ms
19:22:55 [INFO] - SAP Fiori tools - Application Modeler
'Migration start watching **/manifest.json'
19:22:55 [INFO] - manifest.json watched in 0.496ms
19:22:58 [INFO] - Handler for Fiori launch configuration registered
19:22:59 [INFO] - ...migration module activated in 4115.641ms
19:22:59 [INFO] - activation sequence for Fiori tools - Application Modeler done in 4770.725ms
19:26:33 [INFO] - AppFolders: Directory 'file:///home/user/projects/H450_Hello_World/srv' changed, updating app folders in context. 
19:26:33 [INFO] - AppFolders:
	projectRoots: 0
	appRoots: 0
	webappRoots: 0
	subWebappRoots: 0
	localServiceRoots: 0
	adaptationAppRoots: 0
	extensionAppRoots: 0
	extensionWebappRoots: 0
	libraryRoots: 0
19:26:33 [INFO] - AppFolders: Function setContext() done in 25.600ms
