19:00:24 [INFO] - Running activation sequence for Fiori tools - Application Modeler
19:00:24 [INFO] - Configurations: 'sap.ux.applicationModeler.showJsonSchemas': false; isTheia(): false; isAppStudio(): true
19:00:25 [INFO] - AppFolders: setAppFoldersContext() already done, leaving
19:00:25 [INFO] - Register Fiori tools file system for configurations...
19:00:25 [INFO] - ...Fiori tools file system registered in 0.902ms
19:00:25 [INFO] - Register views for configurations...
19:00:25 [INFO] - ...views for configurations registered in 0.888ms
19:00:25 [INFO] - Register commands...
19:00:25 [INFO] - ...commands registered in 4.164ms
19:00:25 [INFO] - Register serializers...
19:00:25 [INFO] - ...serializers registered in 0.403ms
19:00:25 [INFO] - Activating sync module...
19:00:25 [INFO] - Virtual file system ftfs initialized in 0.133ms
19:00:25 [INFO] - SAP UX projects found and added in 0.437ms
19:00:25 [INFO] - Start watching **/package.json
19:00:25 [INFO] - package.json watched in 0.626ms
19:00:25 [INFO] - Start watching for workspace folder changes
19:00:25 [INFO] - Workspace folders watched in 0.490ms
19:00:25 [INFO] - Configs watched in 0.116ms
19:00:25 [INFO] - ...sync module activated in 3.708ms
19:00:25 [INFO] - Activating launch config integration
19:00:25 [INFO] - Handler for Fiori launch configuration registered
19:00:25 [INFO] - ...launch config integration activated in 1.047ms
19:00:25 [INFO] - Activating migration module...
19:00:25 [INFO] - SAP Fiori tools - Application Modeler
'Migration start watching for workspace folder changes'
19:00:25 [INFO] - Workspace folders watched in 0.743ms
19:00:25 [INFO] - SAP Fiori tools - Application Modeler
'Migration start watching **/package.json'
19:00:25 [INFO] - package.json watched in 0.539ms
19:00:25 [INFO] - SAP Fiori tools - Application Modeler
'Migration start watching **/pom.xml'
19:00:25 [INFO] - pom.xml watched in 0.447ms
19:00:25 [INFO] - SAP Fiori tools - Application Modeler
'Migration start watching **/neo-app.json'
19:00:25 [INFO] - neo-app.json watched in 0.517ms
19:00:25 [INFO] - SAP Fiori tools - Application Modeler
'Migration start watching **/manifest.json'
19:00:25 [INFO] - manifest.json watched in 0.411ms
19:00:25 [INFO] - ...migration module activated in 4.331ms
19:00:25 [INFO] - activation sequence for Fiori tools - Application Modeler done in 1176.569ms
