18:50:36 [INFO] - Running activation sequence for Fiori tools - Application Modeler
18:50:36 [INFO] - Configurations: 'sap.ux.applicationModeler.showJsonSchemas': false; isTheia(): false; isAppStudio(): true
18:50:37 [INFO] - AppFolders: setAppFoldersContext() is processing, leaving
18:50:37 [INFO] - Register Fiori tools file system for configurations...
18:50:37 [INFO] - ...Fiori tools file system registered in 0.689ms
18:50:37 [INFO] - Register views for configurations...
18:50:37 [INFO] - ...views for configurations registered in 0.859ms
18:50:37 [INFO] - Register commands...
18:50:37 [INFO] - ...commands registered in 3.955ms
18:50:37 [INFO] - Register serializers...
18:50:37 [INFO] - ...serializers registered in 0.476ms
18:50:37 [INFO] - Activating sync module...
18:50:37 [INFO] - Virtual file system ftfs initialized in 0.129ms
18:50:37 [INFO] - Searching for projects in these workspace folders: 
[
  '/home/user/projects/proj1',
  '/home/user/projects/HC_OFFICE_SUPLLIES'
]
18:50:39 [INFO] - SAP UX projects found and added in 2372.263ms
18:50:39 [INFO] - Start watching **/package.json
18:50:39 [INFO] - package.json watched in 0.724ms
18:50:39 [INFO] - Start watching for workspace folder changes
18:50:39 [INFO] - Workspace folders watched in 0.495ms
18:50:39 [INFO] - Configs watched in 0.194ms
18:50:39 [INFO] - ...sync module activated in 2376.053ms
18:50:39 [INFO] - Activating launch config integration
18:50:39 [INFO] - Handler for Fiori launch configuration registered
18:50:39 [INFO] - ...launch config integration activated in 0.905ms
18:50:39 [INFO] - Activating migration module...
18:50:39 [INFO] - SAP Fiori tools - Application Modeler
'Migration start watching for workspace folder changes'
18:50:39 [INFO] - Workspace folders watched in 0.523ms
18:50:39 [INFO] - SAP Fiori tools - Application Modeler
'Migration start watching **/package.json'
18:50:39 [INFO] - package.json watched in 0.566ms
18:50:39 [INFO] - SAP Fiori tools - Application Modeler
'Migration start watching **/pom.xml'
18:50:39 [INFO] - pom.xml watched in 0.566ms
18:50:39 [INFO] - SAP Fiori tools - Application Modeler
'Migration start watching **/neo-app.json'
18:50:39 [INFO] - neo-app.json watched in 0.432ms
18:50:39 [INFO] - SAP Fiori tools - Application Modeler
'Migration start watching **/manifest.json'
18:50:39 [INFO] - manifest.json watched in 0.649ms
18:50:40 [INFO] - ...migration module activated in 1307.601ms
18:50:40 [INFO] - activation sequence for Fiori tools - Application Modeler done in 3708.671ms
