[1688410768461] INFO  (ext): SQLTools is starting
[1688410768464] INFO  (ext): initializing language client...
[1688410768602] INFO  (ext): Registering client for languages [{"scheme":"sqltools"},{"language":"sql","scheme":"untitled"},{"language":"sql","scheme":"file"},{"language":"sql","scheme":"sqltools"}]
    ns: "lc"
[1688410768609] INFO  (ext): loading plugins...
[1688410768609] INFO  (ext): registering Formatter Plugin.
    plugin: {
      "name": "Formatter Plugin"
    }
[1688410768610] INFO  (ext): registering Connection Manager Plugin.
    plugin: {
      "name": "Connection Manager Plugin"
    }
[1688410768610] INFO  (ext): registering CodeLens Plugin.
    plugin: {
      "name": "CodeLens Plugin",
      "registeredLanguages": []
    }
[1688410768612] INFO  (ext): registering Dependency Manager Plugin.
    plugin: {
      "name": "Dependency Manager Plugin",
      "installingDrivers": []
    }
[1688410768613] INFO  (ext): Connection explorer changed. Will be updated.
    ns: "conn-man:explorer"
[1688410768614] INFO  (ext): registering History Manager Plugin.
    plugin: {
      "name": "History Manager Plugin"
    }
[1688410768614] INFO  (ext): registering Bookmarks Manager Plugin.
    plugin: {
      "name": "Bookmarks Manager Plugin"
    }
[1688410768615] INFO  (ext): SQLTools activation completed. 154.699862 ms
[1688410768636] INFO  (ext): Formatter Plugin registered!
[1688410768636] INFO  (ext): CodeLens Plugin registered!
[1688410768636] INFO  (ext): Dependency Manager Plugin registered!
[1688410768636] INFO  (ext): Connection Manager Plugin registered!
[1688410768637] INFO  (ext): History Manager Plugin registered!
[1688410768637] INFO  (ext): Bookmarks Manager Plugin registered!
[1688410768843] INFO  (ls): SQLTools Server started!
===============================
Using node runtime?: yes
ExecPath: /opt/nodejs/node-v16.19.1-linux-x64/bin/node v16.19.1
===============================
[1688410768884] INFO  (ls): User defined env vars
===============================
{"PATH":"/usr/local/sbin:/usr/local/bin:/usr/sbin:/usr/bin:/sbin:/bin:/home/user/.node_modules_global/bin"}
===============================:
[1688410769597] INFO  (ext): LanguageClient ready
    ns: "lc"
[1688410769594] INFO  (ls): Initialized with node version:v16.19.1
[1688410769761] INFO  (ext): EXECUTING COMMAND => sqltools.refreshTree
[1688410769761] INFO  (ext): Connection explorer changed. Will be updated.
    ns: "conn-man:explorer"
[1688410770910] INFO  (ext): Connection explorer changed. Will be updated.
    ns: "conn-man:explorer"
[1688410772892] INFO  (ext): registering SQLite Plugin (driver).
    plugin: {
      "extensionId": "mtxr.sqltools-driver-sqlite",
      "name": "SQLite Plugin",
      "type": "driver"
    }
[1688410772893] INFO  (ls): REQUEST RECEIVED => ls/RegisterPlugin
[1688410772893] INFO  (ls): request to register plugin: "/extbin/local/openvscode-server/extensions/sqltools-driver-sqlite-0.4.0/out/ls/plugin.js"
[1688410772928] INFO  (ls): Driver sqlite registered!
    place: "driver-map"
    ns: "ls-context"
[1688410772930] INFO  (ext): SQLite Plugin (driver) registered!
[1688410774537] INFO  (ext): EXECUTING COMMAND => sqltools.refreshTree
[1688410774537] INFO  (ext): Connection explorer changed. Will be updated.
    ns: "conn-man:explorer"
[1688410925752] INFO  (ext): Connection explorer changed. Will be updated.
    ns: "conn-man:explorer"
[1688411964802] INFO  (ext): Connection explorer changed. Will be updated.
    ns: "conn-man:explorer"
