18:59:30 [INFO] - AppFolders: starting processing setAppFoldersContext()
18:59:32 [INFO] - AppFolders:
	projectRoots: 0
	appRoots: 0
	webappRoots: 0
	subWebappRoots: 0
	localServiceRoots: 0
	adaptationAppRoots: 0
	extensionAppRoots: 0
	extensionWebappRoots: 0
	libraryRoots: 0
18:59:32 [INFO] - AppFolders: Function setContext() done in 1913.746ms
19:59:27 [INFO] - AppFolders: Directory 'file:///home/user/projects/HC_OFFICE_SUPLLIES/db/src/data' changed, updating app folders in context. 
19:59:27 [INFO] - AppFolders:
	projectRoots: 0
	appRoots: 0
	webappRoots: 0
	subWebappRoots: 0
	localServiceRoots: 0
	adaptationAppRoots: 0
	extensionAppRoots: 0
	extensionWebappRoots: 0
	libraryRoots: 0
19:59:27 [INFO] - AppFolders: Function setContext() done in 6.847ms
