[1689706814750] INFO  (ext): SQLTools is starting
[1689706814752] INFO  (ext): initializing language client...
[1689706814754] INFO  (ext): Registering client for languages [{"scheme":"sqltools"},{"language":"sql","scheme":"untitled"},{"language":"sql","scheme":"file"},{"language":"sql","scheme":"sqltools"}]
    ns: "lc"
[1689706814759] INFO  (ext): loading plugins...
[1689706814759] INFO  (ext): registering Formatter Plugin.
    plugin: {
      "name": "Formatter Plugin"
    }
[1689706814759] INFO  (ext): registering Connection Manager Plugin.
    plugin: {
      "name": "Connection Manager Plugin"
    }
[1689706814759] INFO  (ext): registering CodeLens Plugin.
    plugin: {
      "name": "CodeLens Plugin",
      "registeredLanguages": []
    }
[1689706814760] INFO  (ext): registering Dependency Manager Plugin.
    plugin: {
      "name": "Dependency Manager Plugin",
      "installingDrivers": []
    }
[1689706814762] INFO  (ext): Connection explorer changed. Will be updated.
    ns: "conn-man:explorer"
[1689706814762] INFO  (ext): registering History Manager Plugin.
    plugin: {
      "name": "History Manager Plugin"
    }
[1689706814762] INFO  (ext): registering Bookmarks Manager Plugin.
    plugin: {
      "name": "Bookmarks Manager Plugin"
    }
[1689706814764] INFO  (ext): SQLTools activation completed. 14.420834 ms
[1689706814764] INFO  (ext): Formatter Plugin registered!
[1689706814765] INFO  (ext): CodeLens Plugin registered!
[1689706814765] INFO  (ext): Dependency Manager Plugin registered!
[1689706814765] INFO  (ext): Connection Manager Plugin registered!
[1689706814765] INFO  (ext): History Manager Plugin registered!
[1689706814765] INFO  (ext): Bookmarks Manager Plugin registered!
[1689706814924] INFO  (ls): SQLTools Server started!
===============================
Using node runtime?: yes
ExecPath: /opt/nodejs/node-v16.19.1-linux-x64/bin/node v16.19.1
===============================
[1689706814929] INFO  (ls): User defined env vars
===============================
{"PATH":"/usr/local/sbin:/usr/local/bin:/usr/sbin:/usr/bin:/sbin:/bin:/home/user/.node_modules_global/bin"}
===============================:
[1689706815058] INFO  (ext): LanguageClient ready
    ns: "lc"
[1689706815055] INFO  (ls): Initialized with node version:v16.19.1
[1689706816135] INFO  (ext): EXECUTING COMMAND => sqltools.refreshTree
[1689706816136] INFO  (ext): Connection explorer changed. Will be updated.
    ns: "conn-man:explorer"
[1689706817043] INFO  (ext): Connection explorer changed. Will be updated.
    ns: "conn-man:explorer"
[1689706817597] INFO  (ext): registering SQLite Plugin (driver).
    plugin: {
      "extensionId": "mtxr.sqltools-driver-sqlite",
      "name": "SQLite Plugin",
      "type": "driver"
    }
[1689706817598] INFO  (ls): REQUEST RECEIVED => ls/RegisterPlugin
[1689706817598] INFO  (ls): request to register plugin: "/extbin/local/openvscode-server/extensions/sqltools-driver-sqlite-0.4.0/out/ls/plugin.js"
[1689706817629] INFO  (ls): Driver sqlite registered!
    place: "driver-map"
    ns: "ls-context"
[1689706817630] INFO  (ext): SQLite Plugin (driver) registered!
[1689706818630] INFO  (ext): EXECUTING COMMAND => sqltools.refreshTree
[1689706818631] INFO  (ext): Connection explorer changed. Will be updated.
    ns: "conn-man:explorer"
[1689706819174] INFO  (ext): Connection explorer changed. Will be updated.
    ns: "conn-man:explorer"
[1689706820827] INFO  (ext): Connection explorer changed. Will be updated.
    ns: "conn-man:explorer"
