2023-06-29 20:00:13.173 [error] No bundle location found for extension mtxr.sqltools
2023-06-29 20:00:13.286 [error] No bundle location found for extension SAP.vscode-bas-extension
2023-06-29 20:00:13.286 [error] No bundle location found for extension SAPOSS.vscode-dependencies-validation
2023-06-29 20:00:13.286 [error] No bundle location found for extension SAPOSS.vscode-deps-upgrade-tool
2023-06-29 20:00:13.755 [error] No bundle location found for extension SAPSE.vscode-node-version-check
2023-06-29 20:00:13.755 [error] No bundle location found for extension SAPSE.vscode-tasks-explorer-tasks-panel
2023-06-29 20:00:13.755 [error] No bundle location found for extension SAPOSS.vscode-ui5-language-assistant
2023-06-29 20:00:13.755 [error] No bundle location found for extension SAP.vscode-wing-run-config
2023-06-29 20:00:13.755 [error] No bundle location found for extension SAPSE.vscode-cds
2023-06-29 20:00:13.755 [error] No bundle location found for extension SAPSE.vscode-wing-cds-editor-bas
2023-06-29 20:00:13.756 [error] No bundle location found for extension SAPSE.vscode-wing-expose-router-ports
2023-06-29 20:00:13.756 [error] No bundle location found for extension SAP.vscode-wing-gerrit
2023-06-29 20:00:15.053 [error] No bundle location found for extension SAPSE.vscode-wing-java-run
2023-06-29 20:00:15.053 [error] No bundle location found for extension SAP.vscode-wing-welcome-screen
2023-06-29 20:00:15.262 [error] No bundle location found for extension vscode.npm
2023-06-29 20:00:15.330 [error] No bundle location found for extension SAPOSS.app-studio-toolkit-themes
2023-06-29 20:00:15.336 [error] No bundle location found for extension SAPOSS.app-studio-toolkit
2023-06-29 20:00:15.336 [error] No bundle location found for extension SAPSE.fs-usage-popup-vscode-extensions
2023-06-29 20:00:15.954 [error] No bundle location found for extension SAP.vscode-watt-framework-extension
2023-06-29 20:00:16.118 [error] No bundle location found for extension SAPOSS.code-snippet
2023-06-29 20:00:16.169 [error] No bundle location found for extension donjayamanne.githistory
2023-06-29 20:00:16.244 [error] No bundle location found for extension vscode.git-base
2023-06-29 20:00:16.248 [error] No bundle location found for extension SAP.vscode-wing-cf-tools
2023-06-29 20:00:16.331 [error] No bundle location found for extension eamodio.gitlens
2023-06-29 20:00:16.397 [error] No bundle location found for extension SAPSE.sap-ux-help-extension
2023-06-29 20:00:16.397 [error] No bundle location found for extension SAPSE.sap-ux-application-modeler-extension
2023-06-29 20:00:19.214 [error] No bundle location found for extension SAPSE.sap-ux-service-modeler-extension
2023-06-29 20:00:19.981 [error] No bundle location found for extension mtxr.sqltools-driver-sqlite
2023-06-29 20:00:20.142 [error] No bundle location found for extension SAPOS.yeoman-ui
2023-06-29 20:00:20.997 [error] No bundle location found for extension SAPOSS.guided-development
2023-06-29 20:00:21.064 [error] No bundle location found for extension SAPSE.vscode-wing-storyboard
2023-06-29 20:00:21.196 [error] No bundle location found for extension SAPSE.lcap-task-contrib
2023-06-29 20:00:21.219 [error] No bundle location found for extension SAPSE.webide-hdi-base-feature-vscode
2023-06-29 20:00:21.224 [error] No bundle location found for extension SAP.hana-runtime-tools
2023-06-29 20:00:21.228 [error] No bundle location found for extension SAP.mta-editor-vscode
2023-06-29 20:00:21.270 [error] No bundle location found for extension SAP.sap-bas-vscode-w5g
2023-06-29 20:00:21.272 [error] No bundle location found for extension sap.process-template-editor-vscode
2023-06-29 20:00:21.308 [error] No bundle location found for extension SAP.vscode-bas-extensibility
2023-06-29 20:00:21.312 [error] No bundle location found for extension sap.workflow-editor-vscode
2023-06-29 20:00:21.342 [error] No bundle location found for extension SAPSE.vscode-wing-cap-guided-development
2023-06-29 20:00:21.862 [error] No bundle location found for extension SAPSE.webide-hdi-feature-vscode
2023-06-29 20:00:21.874 [error] No bundle location found for extension vscode.git
2023-06-29 20:00:23.039 [error] No bundle location found for extension SAPSE.hana-project-explorer
2023-06-29 20:00:23.551 [error] No bundle location found for extension SAPSE.vscode-mta-tools
2023-06-29 20:00:23.666 [error] No bundle location found for extension SAP.adp-ve-bas-ext
2023-06-29 20:00:23.887 [error] No bundle location found for extension SAPSE.cicd-extension
2023-06-29 20:00:23.940 [error] No bundle location found for extension SAP.hana-eim-sdi
2023-06-29 20:00:23.984 [error] No bundle location found for extension sap.workflow-form-editor-vscode
2023-06-29 20:00:24.026 [error] No bundle location found for extension vscode.merge-conflict
2023-06-29 20:00:24.051 [error] No bundle location found for extension vscode.debug-auto-launch
2023-06-29 20:00:24.051 [error] No bundle location found for extension SAPSE.hana-database-explorer
2023-06-29 20:00:24.530 [error] No bundle location found for extension SAPSE.vscode-wing-cap-run
2023-06-29 20:10:00.692 [error] No bundle location found for extension vscode.emmet
2023-06-29 20:10:36.324 [error] No bundle location found for extension vscode.json-language-features
2023-06-29 20:10:36.512 [error] No bundle location found for extension vscode.configuration-editing
2023-06-29 20:10:36.703 [error] No bundle location found for extension vscode.extension-editing
2023-06-29 20:10:52.155 [error] No bundle location found for extension vscode.typescript-language-features
2023-06-29 20:10:52.216 [error] No bundle location found for extension SAPSE.hana-sqlscript-lsp
