[1689713439707] INFO  (ext): SQLTools is starting
[1689713439710] INFO  (ext): initializing language client...
[1689713439711] INFO  (ext): Registering client for languages [{"scheme":"sqltools"},{"language":"sql","scheme":"untitled"},{"language":"sql","scheme":"file"},{"language":"sql","scheme":"sqltools"}]
    ns: "lc"
[1689713439716] INFO  (ext): loading plugins...
[1689713439716] INFO  (ext): registering Formatter Plugin.
    plugin: {
      "name": "Formatter Plugin"
    }
[1689713439717] INFO  (ext): registering Connection Manager Plugin.
    plugin: {
      "name": "Connection Manager Plugin"
    }
[1689713439717] INFO  (ext): registering CodeLens Plugin.
    plugin: {
      "name": "CodeLens Plugin",
      "registeredLanguages": []
    }
[1689713439719] INFO  (ext): registering Dependency Manager Plugin.
    plugin: {
      "name": "Dependency Manager Plugin",
      "installingDrivers": []
    }
[1689713439720] INFO  (ext): Connection explorer changed. Will be updated.
    ns: "conn-man:explorer"
[1689713439721] INFO  (ext): registering History Manager Plugin.
    plugin: {
      "name": "History Manager Plugin"
    }
[1689713439721] INFO  (ext): registering Bookmarks Manager Plugin.
    plugin: {
      "name": "Bookmarks Manager Plugin"
    }
[1689713439725] INFO  (ext): SQLTools activation completed. 17.884696 ms
[1689713439725] INFO  (ext): Formatter Plugin registered!
[1689713439725] INFO  (ext): CodeLens Plugin registered!
[1689713439725] INFO  (ext): Dependency Manager Plugin registered!
[1689713439726] INFO  (ext): Connection Manager Plugin registered!
[1689713439726] INFO  (ext): History Manager Plugin registered!
[1689713439726] INFO  (ext): Bookmarks Manager Plugin registered!
[1689713439860] INFO  (ls): SQLTools Server started!
===============================
Using node runtime?: yes
ExecPath: /opt/nodejs/node-v16.19.1-linux-x64/bin/node v16.19.1
===============================
[1689713439864] INFO  (ls): User defined env vars
===============================
{"PATH":"/usr/local/sbin:/usr/local/bin:/usr/sbin:/usr/bin:/sbin:/bin:/home/user/.node_modules_global/bin"}
===============================:
[1689713439980] INFO  (ext): LanguageClient ready
    ns: "lc"
[1689713439977] INFO  (ls): Initialized with node version:v16.19.1
[1689713440731] INFO  (ext): EXECUTING COMMAND => sqltools.refreshTree
[1689713440731] INFO  (ext): Connection explorer changed. Will be updated.
    ns: "conn-man:explorer"
[1689713441834] INFO  (ext): Connection explorer changed. Will be updated.
    ns: "conn-man:explorer"
[1689713443535] INFO  (ext): registering SQLite Plugin (driver).
    plugin: {
      "extensionId": "mtxr.sqltools-driver-sqlite",
      "name": "SQLite Plugin",
      "type": "driver"
    }
[1689713443536] INFO  (ls): REQUEST RECEIVED => ls/RegisterPlugin
[1689713443536] INFO  (ls): request to register plugin: "/extbin/local/openvscode-server/extensions/sqltools-driver-sqlite-0.4.0/out/ls/plugin.js"
[1689713443572] INFO  (ls): Driver sqlite registered!
    place: "driver-map"
    ns: "ls-context"
[1689713444003] INFO  (ext): SQLite Plugin (driver) registered!
[1689713445005] INFO  (ext): EXECUTING COMMAND => sqltools.refreshTree
[1689713445005] INFO  (ext): Connection explorer changed. Will be updated.
    ns: "conn-man:explorer"
[1689713445906] INFO  (ext): Connection explorer changed. Will be updated.
    ns: "conn-man:explorer"
[1689713447529] INFO  (ext): Connection explorer changed. Will be updated.
    ns: "conn-man:explorer"
[1689713483380] INFO  (ext): Connection explorer changed. Will be updated.
    ns: "conn-man:explorer"
[1689713708368] INFO  (ext): Connection explorer changed. Will be updated.
    ns: "conn-man:explorer"
[1689713881328] INFO  (ext): Connection explorer changed. Will be updated.
    ns: "conn-man:explorer"
