20:50:37 [INFO] - Running activation sequence for Fiori tools - Application Modeler
20:50:37 [INFO] - Configurations: 'sap.ux.applicationModeler.showJsonSchemas': false; isTheia(): false; isAppStudio(): true
20:50:37 [INFO] - AppFolders: starting processing setAppFoldersContext()
20:50:37 [INFO] - Register Fiori tools file system for configurations...
20:50:37 [INFO] - ...Fiori tools file system registered in 0.510ms
20:50:37 [INFO] - Register views for configurations...
20:50:37 [INFO] - ...views for configurations registered in 0.721ms
20:50:37 [INFO] - Register commands...
20:50:37 [INFO] - ...commands registered in 3.201ms
20:50:37 [INFO] - Activating sync module...
20:50:37 [INFO] - Virtual file system ftfs initialized in 0.200ms
20:50:37 [INFO] - Searching for projects in these workspace folders: 
[ '/home/user/projects/HC_OFFICE_SUPLLIES' ]
20:50:37 [INFO] - AppFolders:
	projectRoots: 0
	appRoots: 0
	webappRoots: 0
	subWebappRoots: 0
	localServiceRoots: 0
	adaptationAppRoots: 0
	extensionAppRoots: 0
	extensionWebappRoots: 0
	libraryRoots: 0
20:50:37 [INFO] - AppFolders: Function setContext() done in 176.037ms
20:50:39 [INFO] - SAP UX projects found and added in 2401.488ms
20:50:39 [INFO] - Start watching **/package.json
20:50:39 [INFO] - package.json watched in 0.600ms
20:50:39 [INFO] - Start watching for workspace folder changes
20:50:39 [INFO] - Workspace folders watched in 0.302ms
20:50:39 [INFO] - Configs watched in 0.195ms
20:50:39 [INFO] - ...sync module activated in 2404.483ms
20:50:39 [INFO] - Register serializers...
20:50:39 [INFO] - ...serializers registered in 0.575ms
20:50:39 [INFO] - Activating launch config integration
20:50:39 [INFO] - ...launch config integration activated in 0.226ms
20:50:39 [INFO] - Activating migration module...
20:50:39 [INFO] - SAP Fiori tools - Application Modeler
'Migration start watching for workspace folder changes'
20:50:39 [INFO] - Workspace folders watched in 0.305ms
20:50:39 [INFO] - SAP Fiori tools - Application Modeler
'Migration start watching **/package.json'
20:50:39 [INFO] - package.json watched in 0.479ms
20:50:39 [INFO] - SAP Fiori tools - Application Modeler
'Migration start watching **/pom.xml'
20:50:39 [INFO] - pom.xml watched in 0.447ms
20:50:39 [INFO] - SAP Fiori tools - Application Modeler
'Migration start watching **/neo-app.json'
20:50:39 [INFO] - neo-app.json watched in 0.297ms
20:50:39 [INFO] - SAP Fiori tools - Application Modeler
'Migration start watching **/manifest.json'
20:50:39 [INFO] - manifest.json watched in 0.371ms
20:50:40 [INFO] - Handler for Fiori launch configuration registered
20:50:42 [INFO] - ...migration module activated in 2355.271ms
20:50:42 [INFO] - activation sequence for Fiori tools - Application Modeler done in 4804.438ms
20:53:26 [ERROR] - AppFolders: Error when handling file system event for 'file:///home/user/projects/HC_OFFICE_SUPLLIES/.env1'
