2023-07-03 19:38:02.418 [error] Error: EEXIST: file already exists, open '/home/user/.vscode/data/User/workspaceStorage/bcad1d/vscode.lock'
2023-07-03 19:38:04.885 [error] No bundle location found for extension SAPSE.vscode-wing-expose-router-ports
2023-07-03 19:38:04.885 [error] No bundle location found for extension SAP.vscode-wing-gerrit
2023-07-03 19:38:04.885 [error] No bundle location found for extension SAPSE.vscode-wing-java-run
2023-07-03 19:38:04.885 [error] No bundle location found for extension vscode.npm
2023-07-03 19:38:05.128 [error] Error: listen EADDRINUSE: address already in use :::3001
	at Server.setupListenHandle [as _listen2] (node:net:1463:16)
	at listenInCluster (node:net:1511:12)
	at Server.listen (node:net:1599:7)
	at Function.y.listen (/extbin/local/openvscode-server/extensions/vscode-wing-expose-router-ports-2.0.3-release/bundle/extension.js:256:4551)
	at /extbin/local/openvscode-server/extensions/vscode-wing-expose-router-ports-2.0.3-release/bundle/extension.js:169:66794
	at /extbin/local/openvscode-server/extensions/vscode-wing-expose-router-ports-2.0.3-release/bundle/extension.js:169:66923
	at t.activate (/extbin/local/openvscode-server/extensions/vscode-wing-expose-router-ports-2.0.3-release/bundle/extension.js:169:66926)
	at Function.eb (/extbin/local/openvscode-server/out/vs/workbench/api/node/extensionHostProcess.js:110:14676)
	at Function.db (/extbin/local/openvscode-server/out/vs/workbench/api/node/extensionHostProcess.js:110:14380)
	at /extbin/local/openvscode-server/out/vs/workbench/api/node/extensionHostProcess.js:110:12406
	at async w.n (/extbin/local/openvscode-server/out/vs/workbench/api/node/extensionHostProcess.js:96:6646)
	at async w.m (/extbin/local/openvscode-server/out/vs/workbench/api/node/extensionHostProcess.js:96:6609)
	at async w.l (/extbin/local/openvscode-server/out/vs/workbench/api/node/extensionHostProcess.js:96:6066)
2023-07-03 19:38:05.142 [error] No bundle location found for extension vscode.emmet
2023-07-03 19:38:05.180 [error] No bundle location found for extension SAPOSS.app-studio-toolkit
2023-07-03 19:38:05.180 [error] No bundle location found for extension SAPSE.hana-sqlscript-lsp
2023-07-03 19:38:05.180 [error] No bundle location found for extension SAPOSS.code-snippet
2023-07-03 19:38:05.663 [error] No bundle location found for extension SAP.vscode-wing-run-config
2023-07-03 19:38:05.663 [error] No bundle location found for extension SAPSE.vscode-cds
2023-07-03 19:38:05.855 [error] No bundle location found for extension SAPOSS.app-studio-toolkit-themes
2023-07-03 19:38:05.855 [error] No bundle location found for extension SAP.vscode-watt-framework-extension
2023-07-03 19:38:05.855 [error] No bundle location found for extension SAPSE.fs-usage-popup-vscode-extensions
2023-07-03 19:38:06.070 [error] Error: listen EADDRINUSE: address already in use :::8888
	at Server.setupListenHandle [as _listen2] (node:net:1463:16)
	at listenInCluster (node:net:1511:12)
	at Server.listen (node:net:1599:7)
	at Function.listen (/extbin/local/openvscode-server/extensions/vscode-watt-framework-extension/dist/extension.js:12271:24)
	at startWattServer (/extbin/local/openvscode-server/extensions/vscode-watt-framework-extension/dist/extension.js:70346:32)
	at activate (/extbin/local/openvscode-server/extensions/vscode-watt-framework-extension/dist/extension.js:76805:53)
	at Function.eb (/extbin/local/openvscode-server/out/vs/workbench/api/node/extensionHostProcess.js:110:14676)
	at Function.db (/extbin/local/openvscode-server/out/vs/workbench/api/node/extensionHostProcess.js:110:14380)
	at /extbin/local/openvscode-server/out/vs/workbench/api/node/extensionHostProcess.js:110:12406
	at async w.n (/extbin/local/openvscode-server/out/vs/workbench/api/node/extensionHostProcess.js:96:6646)
	at async w.m (/extbin/local/openvscode-server/out/vs/workbench/api/node/extensionHostProcess.js:96:6609)
	at async w.l (/extbin/local/openvscode-server/out/vs/workbench/api/node/extensionHostProcess.js:96:6066)
2023-07-03 19:38:06.111 [error] No bundle location found for extension SAP.vscode-wing-cf-tools
2023-07-03 19:38:06.111 [error] No bundle location found for extension vscode.git-base
2023-07-03 19:38:06.111 [error] No bundle location found for extension eamodio.gitlens
2023-07-03 19:38:06.259 [error] No bundle location found for extension SAPSE.sap-ux-application-modeler-extension
2023-07-03 19:38:06.259 [error] No bundle location found for extension SAPSE.sap-ux-help-extension
2023-07-03 19:38:06.259 [error] No bundle location found for extension SAPSE.sap-ux-service-modeler-extension
2023-07-03 19:38:09.253 [error] No bundle location found for extension mtxr.sqltools
2023-07-03 19:38:09.253 [error] No bundle location found for extension SAP.vscode-bas-extension
2023-07-03 19:38:09.253 [error] No bundle location found for extension donjayamanne.githistory
2023-07-03 19:38:09.693 [error] No bundle location found for extension SAPOSS.vscode-deps-upgrade-tool
2023-07-03 19:38:09.693 [error] No bundle location found for extension SAPOSS.vscode-dependencies-validation
2023-07-03 19:38:09.693 [error] No bundle location found for extension SAPSE.vscode-tasks-explorer-tasks-panel
2023-07-03 19:38:09.951 [error] No bundle location found for extension SAPSE.vscode-node-version-check
2023-07-03 19:38:10.047 [error] No bundle location found for extension SAPOSS.vscode-ui5-language-assistant
2023-07-03 19:38:10.047 [error] No bundle location found for extension SAPSE.vscode-wing-cds-editor-bas
2023-07-03 19:38:10.805 [error] No bundle location found for extension SAPSE.vscode-wing-cap-guided-development
2023-07-03 19:38:10.805 [error] No bundle location found for extension SAPOS.yeoman-ui
2023-07-03 19:38:12.021 [error] No bundle location found for extension SAPOSS.guided-development
2023-07-03 19:38:12.021 [error] No bundle location found for extension SAPSE.lcap-task-contrib
2023-07-03 19:38:12.021 [error] No bundle location found for extension SAP.vscode-wing-welcome-screen
2023-07-03 19:38:12.203 [error] No bundle location found for extension SAPSE.vscode-wing-storyboard
2023-07-03 19:38:12.344 [error] No bundle location found for extension SAPSE.webide-hdi-base-feature-vscode
2023-07-03 19:38:12.358 [error] No bundle location found for extension SAP.hana-runtime-tools
2023-07-03 19:38:12.365 [error] No bundle location found for extension SAP.mta-editor-vscode
2023-07-03 19:38:12.365 [error] No bundle location found for extension SAP.vscode-bas-extensibility
2023-07-03 19:38:12.426 [error] No bundle location found for extension SAP.sap-bas-vscode-w5g
2023-07-03 19:38:12.426 [error] No bundle location found for extension sap.process-template-editor-vscode
2023-07-03 19:38:12.462 [error] No bundle location found for extension sap.workflow-editor-vscode
2023-07-03 19:38:12.497 [error] No bundle location found for extension SAPSE.webide-hdi-feature-vscode
2023-07-03 19:38:12.540 [error] No bundle location found for extension vscode.git
2023-07-03 19:38:12.866 [error] No bundle location found for extension mtxr.sqltools-driver-sqlite
2023-07-03 19:38:12.952 [error] No bundle location found for extension SAPSE.hana-project-explorer
2023-07-03 19:38:13.682 [error] No bundle location found for extension SAP.adp-ve-bas-ext
2023-07-03 19:38:13.682 [error] No bundle location found for extension SAPSE.vscode-mta-tools
2023-07-03 19:38:13.997 [error] No bundle location found for extension SAPSE.cicd-extension
2023-07-03 19:38:14.040 [error] No bundle location found for extension SAP.hana-eim-sdi
2023-07-03 19:38:14.044 [error] No bundle location found for extension sap.workflow-form-editor-vscode
2023-07-03 19:38:14.474 [error] No bundle location found for extension vscode.merge-conflict
2023-07-03 19:38:14.525 [error] No bundle location found for extension vscode.debug-auto-launch
2023-07-03 19:38:14.531 [error] No bundle location found for extension SAPSE.hana-database-explorer
2023-07-03 19:38:14.842 [error] No bundle location found for extension SAPSE.vscode-wing-cap-run
2023-07-03 20:34:05.915 [error] Error: ENOENT: no such file or directory, stat '/home/user/projects/HC_OFFICE_SUPLLIES/srv/cds-service.cs'
2023-07-03 20:35:18.894 [error] Error: ENOENT: no such file or directory, stat '/home/user/projects/HC_OFFICE_SUPLLIES/srv/cds-service.cds'
2023-07-03 20:38:47.134 [error] No bundle location found for extension vscode.simple-browser
2023-07-03 20:39:31.214 [error] No bundle location found for extension vscode.typescript-language-features
2023-07-03 20:39:31.270 [error] No bundle location found for extension vscode.json-language-features
2023-07-03 20:39:31.270 [error] No bundle location found for extension vscode.configuration-editing
2023-07-03 20:47:38.252 [error] No bundle location found for extension vscode.extension-editing
2023-07-03 20:58:52.170 [error] Error: ENOENT: no such file or directory, stat '/home/user/projects/HC_OFFICE_SUPLLIES/gen'
2023-07-03 20:59:04.057 [error] Error: ENOENT: no such file or directory, stat '/home/user/projects/HC_OFFICE_SUPLLIES/gen'
2023-07-03 20:59:12.825 [error] Error: ENOENT: no such file or directory, stat '/home/user/projects/HC_OFFICE_SUPLLIES/gen'
2023-07-03 21:06:55.434 [error] Error: ENOENT: no such file or directory, stat '/home/user/projects/HC_OFFICE_SUPLLIES/gen'
