19:38:09 [INFO] - Running activation sequence for Fiori tools - Application Modeler
19:38:09 [INFO] - Configurations: 'sap.ux.applicationModeler.showJsonSchemas': false; isTheia(): false; isAppStudio(): true
19:38:09 [INFO] - AppFolders: setAppFoldersContext() is processing, leaving
19:38:09 [INFO] - Register Fiori tools file system for configurations...
19:38:09 [INFO] - ...Fiori tools file system registered in 0.701ms
19:38:09 [INFO] - Register views for configurations...
19:38:09 [INFO] - ...views for configurations registered in 0.757ms
19:38:09 [INFO] - Register commands...
19:38:09 [INFO] - ...commands registered in 4.533ms
19:38:09 [INFO] - Register serializers...
19:38:09 [INFO] - ...serializers registered in 0.410ms
19:38:09 [INFO] - Activating sync module...
19:38:09 [INFO] - Virtual file system ftfs initialized in 0.125ms
19:38:09 [INFO] - Searching for projects in these workspace folders: 
[ '/home/user/projects/HC_OFFICE_SUPLLIES' ]
19:38:09 [INFO] - SAP UX projects found and added in 476.856ms
19:38:09 [INFO] - Start watching **/package.json
19:38:09 [INFO] - package.json watched in 0.760ms
19:38:09 [INFO] - Start watching for workspace folder changes
19:38:09 [INFO] - Workspace folders watched in 0.470ms
19:38:09 [INFO] - Configs watched in 0.121ms
19:38:09 [INFO] - ...sync module activated in 480.281ms
19:38:09 [INFO] - Activating launch config integration
19:38:09 [INFO] - Handler for Fiori launch configuration registered
19:38:09 [INFO] - ...launch config integration activated in 0.832ms
19:38:09 [INFO] - Activating migration module...
19:38:09 [INFO] - SAP Fiori tools - Application Modeler
'Migration start watching for workspace folder changes'
19:38:09 [INFO] - Workspace folders watched in 0.475ms
19:38:09 [INFO] - SAP Fiori tools - Application Modeler
'Migration start watching **/package.json'
19:38:09 [INFO] - package.json watched in 0.456ms
19:38:09 [INFO] - SAP Fiori tools - Application Modeler
'Migration start watching **/pom.xml'
19:38:09 [INFO] - pom.xml watched in 0.546ms
19:38:09 [INFO] - SAP Fiori tools - Application Modeler
'Migration start watching **/neo-app.json'
19:38:09 [INFO] - neo-app.json watched in 0.436ms
19:38:09 [INFO] - SAP Fiori tools - Application Modeler
'Migration start watching **/manifest.json'
19:38:09 [INFO] - manifest.json watched in 0.680ms
19:38:10 [INFO] - ...migration module activated in 1131.857ms
19:38:10 [INFO] - activation sequence for Fiori tools - Application Modeler done in 1682.305ms
