[1688413089540] INFO  (ext): SQLTools is starting
[1688413089543] INFO  (ext): initializing language client...
[1688413089580] INFO  (ext): Registering client for languages [{"scheme":"sqltools"},{"language":"sql","scheme":"untitled"},{"language":"sql","scheme":"file"},{"language":"sql","scheme":"sqltools"}]
    ns: "lc"
[1688413089586] INFO  (ext): loading plugins...
[1688413089586] INFO  (ext): registering Formatter Plugin.
    plugin: {
      "name": "Formatter Plugin"
    }
[1688413089586] INFO  (ext): registering Connection Manager Plugin.
    plugin: {
      "name": "Connection Manager Plugin"
    }
[1688413089587] INFO  (ext): registering CodeLens Plugin.
    plugin: {
      "name": "CodeLens Plugin",
      "registeredLanguages": []
    }
[1688413089588] INFO  (ext): registering Dependency Manager Plugin.
    plugin: {
      "name": "Dependency Manager Plugin",
      "installingDrivers": []
    }
[1688413089589] INFO  (ext): Connection explorer changed. Will be updated.
    ns: "conn-man:explorer"
[1688413089590] INFO  (ext): registering History Manager Plugin.
    plugin: {
      "name": "History Manager Plugin"
    }
[1688413089590] INFO  (ext): registering Bookmarks Manager Plugin.
    plugin: {
      "name": "Bookmarks Manager Plugin"
    }
[1688413089592] INFO  (ext): SQLTools activation completed. 51.724947 ms
[1688413089592] INFO  (ext): Formatter Plugin registered!
[1688413089592] INFO  (ext): CodeLens Plugin registered!
[1688413089592] INFO  (ext): Dependency Manager Plugin registered!
[1688413089592] INFO  (ext): Connection Manager Plugin registered!
[1688413089592] INFO  (ext): History Manager Plugin registered!
[1688413089592] INFO  (ext): Bookmarks Manager Plugin registered!
[1688413089777] INFO  (ls): SQLTools Server started!
===============================
Using node runtime?: yes
ExecPath: /opt/nodejs/node-v16.19.1-linux-x64/bin/node v16.19.1
===============================
[1688413089782] INFO  (ls): User defined env vars
===============================
{"PATH":"/usr/local/sbin:/usr/local/bin:/usr/sbin:/usr/bin:/sbin:/bin:/home/user/.node_modules_global/bin"}
===============================:
[1688413089929] INFO  (ext): LanguageClient ready
    ns: "lc"
[1688413089927] INFO  (ls): Initialized with node version:v16.19.1
[1688413090706] INFO  (ext): EXECUTING COMMAND => sqltools.refreshTree
[1688413090706] INFO  (ext): Connection explorer changed. Will be updated.
    ns: "conn-man:explorer"
[1688413092015] INFO  (ext): Connection explorer changed. Will be updated.
    ns: "conn-man:explorer"
[1688413092870] INFO  (ext): registering SQLite Plugin (driver).
    plugin: {
      "extensionId": "mtxr.sqltools-driver-sqlite",
      "name": "SQLite Plugin",
      "type": "driver"
    }
[1688413092871] INFO  (ls): REQUEST RECEIVED => ls/RegisterPlugin
[1688413092871] INFO  (ls): request to register plugin: "/extbin/local/openvscode-server/extensions/sqltools-driver-sqlite-0.4.0/out/ls/plugin.js"
[1688413092914] INFO  (ls): Driver sqlite registered!
    place: "driver-map"
    ns: "ls-context"
[1688413092952] INFO  (ext): SQLite Plugin (driver) registered!
[1688413093952] INFO  (ext): EXECUTING COMMAND => sqltools.refreshTree
[1688413093952] INFO  (ext): Connection explorer changed. Will be updated.
    ns: "conn-man:explorer"
[1688413802472] INFO  (ext): Connection explorer changed. Will be updated.
    ns: "conn-man:explorer"
[1688414356799] INFO  (ext): Connection explorer changed. Will be updated.
    ns: "conn-man:explorer"
[1688414417950] INFO  (ext): Connection explorer changed. Will be updated.
    ns: "conn-man:explorer"
[1688415262728] INFO  (ext): Connection explorer changed. Will be updated.
    ns: "conn-man:explorer"
[1688415348945] INFO  (ext): Connection explorer changed. Will be updated.
    ns: "conn-man:explorer"
[1688415460678] INFO  (ext): Connection explorer changed. Will be updated.
    ns: "conn-man:explorer"
[1688415462434] INFO  (ext): Connection explorer changed. Will be updated.
    ns: "conn-man:explorer"
[1688415503589] INFO  (ext): Connection explorer changed. Will be updated.
    ns: "conn-man:explorer"
[1688415584736] INFO  (ext): Connection explorer changed. Will be updated.
    ns: "conn-man:explorer"
[1688416131220] INFO  (ext): Connection explorer changed. Will be updated.
    ns: "conn-man:explorer"
[1688416132386] INFO  (ext): Connection explorer changed. Will be updated.
    ns: "conn-man:explorer"
[1688416134944] INFO  (ext): Connection explorer changed. Will be updated.
    ns: "conn-man:explorer"
[1688416136469] INFO  (ext): Connection explorer changed. Will be updated.
    ns: "conn-man:explorer"
[1688416303215] INFO  (ext): Connection explorer changed. Will be updated.
    ns: "conn-man:explorer"
[1688416417383] INFO  (ext): Connection explorer changed. Will be updated.
    ns: "conn-man:explorer"
[1688416422582] INFO  (ext): Connection explorer changed. Will be updated.
    ns: "conn-man:explorer"
[1688416438508] INFO  (ext): Connection explorer changed. Will be updated.
    ns: "conn-man:explorer"
[1688416445207] INFO  (ext): Connection explorer changed. Will be updated.
    ns: "conn-man:explorer"
[1688416464303] INFO  (ext): Connection explorer changed. Will be updated.
    ns: "conn-man:explorer"
[1688416567629] INFO  (ext): Connection explorer changed. Will be updated.
    ns: "conn-man:explorer"
[1688416750097] INFO  (ext): Connection explorer changed. Will be updated.
    ns: "conn-man:explorer"
[1688416769307] INFO  (ext): Connection explorer changed. Will be updated.
    ns: "conn-man:explorer"
[1688416879149] INFO  (ext): Connection explorer changed. Will be updated.
    ns: "conn-man:explorer"
[1688417256246] INFO  (ext): Connection explorer changed. Will be updated.
    ns: "conn-man:explorer"
[1688417256558] INFO  (ext): Connection explorer changed. Will be updated.
    ns: "conn-man:explorer"
[1688417256973] INFO  (ext): Connection explorer changed. Will be updated.
    ns: "conn-man:explorer"
[1688417257227] INFO  (ext): Connection explorer changed. Will be updated.
    ns: "conn-man:explorer"
[1688417257272] INFO  (ext): Connection explorer changed. Will be updated.
    ns: "conn-man:explorer"
[1688417257433] INFO  (ext): Connection explorer changed. Will be updated.
    ns: "conn-man:explorer"
[1688417257433] INFO  (ext): Connection explorer changed. Will be updated.
    ns: "conn-man:explorer"
[1688417257456] INFO  (ext): Connection explorer changed. Will be updated.
    ns: "conn-man:explorer"
[1688417257458] INFO  (ext): Connection explorer changed. Will be updated.
    ns: "conn-man:explorer"
[1688417258072] INFO  (ext): Connection explorer changed. Will be updated.
    ns: "conn-man:explorer"
[1688417436740] INFO  (ext): Connection explorer changed. Will be updated.
    ns: "conn-man:explorer"
[1688417437152] INFO  (ext): Connection explorer changed. Will be updated.
    ns: "conn-man:explorer"
[1688417437542] INFO  (ext): Connection explorer changed. Will be updated.
    ns: "conn-man:explorer"
[1688417438036] INFO  (ext): Connection explorer changed. Will be updated.
    ns: "conn-man:explorer"
[1688417438373] INFO  (ext): Connection explorer changed. Will be updated.
    ns: "conn-man:explorer"
[1688417438373] INFO  (ext): Connection explorer changed. Will be updated.
    ns: "conn-man:explorer"
[1688417438373] INFO  (ext): Connection explorer changed. Will be updated.
    ns: "conn-man:explorer"
[1688417438394] INFO  (ext): Connection explorer changed. Will be updated.
    ns: "conn-man:explorer"
[1688417439229] INFO  (ext): Connection explorer changed. Will be updated.
    ns: "conn-man:explorer"
[1688417616940] INFO  (ext): Connection explorer changed. Will be updated.
    ns: "conn-man:explorer"
[1688417617437] INFO  (ext): Connection explorer changed. Will be updated.
    ns: "conn-man:explorer"
[1688417617818] INFO  (ext): Connection explorer changed. Will be updated.
    ns: "conn-man:explorer"
[1688417618747] INFO  (ext): Connection explorer changed. Will be updated.
    ns: "conn-man:explorer"
[1688417619092] INFO  (ext): Connection explorer changed. Will be updated.
    ns: "conn-man:explorer"
[1688417619092] INFO  (ext): Connection explorer changed. Will be updated.
    ns: "conn-man:explorer"
[1688417619092] INFO  (ext): Connection explorer changed. Will be updated.
    ns: "conn-man:explorer"
[1688417619116] INFO  (ext): Connection explorer changed. Will be updated.
    ns: "conn-man:explorer"
[1688417619969] INFO  (ext): Connection explorer changed. Will be updated.
    ns: "conn-man:explorer"
[1688417797161] INFO  (ext): Connection explorer changed. Will be updated.
    ns: "conn-man:explorer"
[1688417797646] INFO  (ext): Connection explorer changed. Will be updated.
    ns: "conn-man:explorer"
[1688417798088] INFO  (ext): Connection explorer changed. Will be updated.
    ns: "conn-man:explorer"
[1688417799448] INFO  (ext): Connection explorer changed. Will be updated.
    ns: "conn-man:explorer"
[1688417799807] INFO  (ext): Connection explorer changed. Will be updated.
    ns: "conn-man:explorer"
[1688417799807] INFO  (ext): Connection explorer changed. Will be updated.
    ns: "conn-man:explorer"
[1688417799807] INFO  (ext): Connection explorer changed. Will be updated.
    ns: "conn-man:explorer"
[1688417799808] INFO  (ext): Connection explorer changed. Will be updated.
    ns: "conn-man:explorer"
[1688417800715] INFO  (ext): Connection explorer changed. Will be updated.
    ns: "conn-man:explorer"
[1688417977348] INFO  (ext): Connection explorer changed. Will be updated.
    ns: "conn-man:explorer"
[1688417977885] INFO  (ext): Connection explorer changed. Will be updated.
    ns: "conn-man:explorer"
[1688417978363] INFO  (ext): Connection explorer changed. Will be updated.
    ns: "conn-man:explorer"
[1688417980149] INFO  (ext): Connection explorer changed. Will be updated.
    ns: "conn-man:explorer"
[1688417980513] INFO  (ext): Connection explorer changed. Will be updated.
    ns: "conn-man:explorer"
[1688417980514] INFO  (ext): Connection explorer changed. Will be updated.
    ns: "conn-man:explorer"
[1688417980514] INFO  (ext): Connection explorer changed. Will be updated.
    ns: "conn-man:explorer"
[1688417980515] INFO  (ext): Connection explorer changed. Will be updated.
    ns: "conn-man:explorer"
[1688417981859] INFO  (ext): Connection explorer changed. Will be updated.
    ns: "conn-man:explorer"
[1688418267758] INFO  (ext): Connection explorer changed. Will be updated.
    ns: "conn-man:explorer"
[1688418322275] INFO  (ext): Connection explorer changed. Will be updated.
    ns: "conn-man:explorer"
[1688418322551] INFO  (ext): Connection explorer changed. Will be updated.
    ns: "conn-man:explorer"
[1688418322684] INFO  (ext): Connection explorer changed. Will be updated.
    ns: "conn-man:explorer"
[1688418322827] INFO  (ext): Connection explorer changed. Will be updated.
    ns: "conn-man:explorer"
[1688418322828] INFO  (ext): Connection explorer changed. Will be updated.
    ns: "conn-man:explorer"
[1688418322828] INFO  (ext): Connection explorer changed. Will be updated.
    ns: "conn-man:explorer"
[1688418322848] INFO  (ext): Connection explorer changed. Will be updated.
    ns: "conn-man:explorer"
[1688418323307] INFO  (ext): Connection explorer changed. Will be updated.
    ns: "conn-man:explorer"
[1688418388172] INFO  (ext): Connection explorer changed. Will be updated.
    ns: "conn-man:explorer"
[1688418448359] INFO  (ext): Connection explorer changed. Will be updated.
    ns: "conn-man:explorer"
[1688418503291] INFO  (ext): Connection explorer changed. Will be updated.
    ns: "conn-man:explorer"
[1688418503548] INFO  (ext): Connection explorer changed. Will be updated.
    ns: "conn-man:explorer"
[1688418503643] INFO  (ext): Connection explorer changed. Will be updated.
    ns: "conn-man:explorer"
[1688418503643] INFO  (ext): Connection explorer changed. Will be updated.
    ns: "conn-man:explorer"
[1688418503672] INFO  (ext): Connection explorer changed. Will be updated.
    ns: "conn-man:explorer"
[1688418503673] INFO  (ext): Connection explorer changed. Will be updated.
    ns: "conn-man:explorer"
[1688418504503] INFO  (ext): Connection explorer changed. Will be updated.
    ns: "conn-man:explorer"
[1688418568367] INFO  (ext): Connection explorer changed. Will be updated.
    ns: "conn-man:explorer"
[1688418628639] INFO  (ext): Connection explorer changed. Will be updated.
    ns: "conn-man:explorer"
