AppFolders: starting processing setAppFoldersContext()
AppFolders:
	projectRoots: 0
	subWebappRoots: 0
	manifestAppDescRoots: 0
AppFolders: Function setContext() done in 16.821ms
AppFolders: Directory 'file:///home/user/projects/HC_OFFICE_SUPLLIES/db/src/data' changed, updating app folders in context. 
AppFolders:
	projectRoots: 0
	subWebappRoots: 0
	manifestAppDescRoots: 0
AppFolders: Function setContext() done in 4.663ms
AppFolders: Directory 'file:///home/user/projects/HC_OFFICE_SUPLLIES/node_modules/yaml' changed, updating app folders in context. 
AppFolders:
	projectRoots: 0
	subWebappRoots: 0
	manifestAppDescRoots: 0
AppFolders: Function setContext() done in 5.208ms
AppFolders: Directory 'file:///home/user/projects/HC_OFFICE_SUPLLIES/node_modules/.bin' changed, updating app folders in context. 
AppFolders:
	projectRoots: 0
	subWebappRoots: 0
	manifestAppDescRoots: 0
AppFolders: Function setContext() done in 2.998ms
AppFolders: Directory 'file:///home/user/projects/HC_OFFICE_SUPLLIES/gen' changed, updating app folders in context. 
AppFolders:
	projectRoots: 0
	subWebappRoots: 0
	manifestAppDescRoots: 0
AppFolders: Function setContext() done in 4.652ms
AppFolders: Directory 'file:///home/user/projects/HC_OFFICE_SUPLLIES/gen/db/src/gen' changed, updating app folders in context. 
AppFolders:
	projectRoots: 0
	subWebappRoots: 0
	manifestAppDescRoots: 0
AppFolders: Function setContext() done in 3.939ms
AppFolders: Directory 'file:///home/user/projects/HC_OFFICE_SUPLLIES/gen' changed, updating app folders in context. 
AppFolders:
	projectRoots: 0
	subWebappRoots: 0
	manifestAppDescRoots: 0
AppFolders: Function setContext() done in 6.108ms
AppFolders: Directory 'file:///home/user/projects/HC_OFFICE_SUPLLIES/gen' changed, updating app folders in context. 
AppFolders:
	projectRoots: 0
	subWebappRoots: 0
	manifestAppDescRoots: 0
AppFolders: Function setContext() done in 4.184ms
AppFolders: Directory 'file:///home/user/projects/HC_OFFICE_SUPLLIES/gen' changed, updating app folders in context. 
AppFolders:
	projectRoots: 0
	subWebappRoots: 0
	manifestAppDescRoots: 0
AppFolders: Function setContext() done in 3.825ms
AppFolders: Directory 'file:///home/user/projects/HC_OFFICE_SUPLLIES/gen/db' changed, updating app folders in context. 
AppFolders:
	projectRoots: 0
	subWebappRoots: 0
	manifestAppDescRoots: 0
AppFolders: Function setContext() done in 5.531ms
