19:03:07 [INFO] - Running activation sequence for Fiori tools - Application Modeler
19:03:07 [INFO] - Configurations: 'sap.ux.applicationModeler.showJsonSchemas': false; isTheia(): false; isAppStudio(): true
19:03:07 [INFO] - AppFolders: setAppFoldersContext() already done, leaving
19:03:07 [INFO] - Register Fiori tools file system for configurations...
19:03:07 [INFO] - ...Fiori tools file system registered in 0.966ms
19:03:07 [INFO] - Register views for configurations...
19:03:07 [INFO] - ...views for configurations registered in 1.727ms
19:03:07 [INFO] - Register commands...
19:03:07 [INFO] - ...commands registered in 5.078ms
19:03:07 [INFO] - Register serializers...
19:03:07 [INFO] - ...serializers registered in 0.476ms
19:03:07 [INFO] - Activating sync module...
19:03:07 [INFO] - Virtual file system ftfs initialized in 0.153ms
19:03:07 [INFO] - Searching for projects in these workspace folders: 
[ '/home/user/projects/proj1' ]
19:03:08 [INFO] - SAP UX projects found and added in 158.447ms
19:03:08 [INFO] - Start watching **/package.json
19:03:08 [INFO] - package.json watched in 0.768ms
19:03:08 [INFO] - Start watching for workspace folder changes
19:03:08 [INFO] - Workspace folders watched in 0.513ms
19:03:08 [INFO] - Configs watched in 4.251ms
19:03:08 [INFO] - ...sync module activated in 166.527ms
19:03:08 [INFO] - Activating launch config integration
19:03:08 [INFO] - Handler for Fiori launch configuration registered
19:03:08 [INFO] - ...launch config integration activated in 0.889ms
19:03:08 [INFO] - Activating migration module...
19:03:08 [INFO] - SAP Fiori tools - Application Modeler
'Migration start watching for workspace folder changes'
19:03:08 [INFO] - Workspace folders watched in 0.632ms
19:03:08 [INFO] - SAP Fiori tools - Application Modeler
'Migration start watching **/package.json'
19:03:08 [INFO] - package.json watched in 0.578ms
19:03:08 [INFO] - SAP Fiori tools - Application Modeler
'Migration start watching **/pom.xml'
19:03:08 [INFO] - pom.xml watched in 5.245ms
19:03:08 [INFO] - SAP Fiori tools - Application Modeler
'Migration start watching **/neo-app.json'
19:03:08 [INFO] - neo-app.json watched in 0.537ms
19:03:08 [INFO] - SAP Fiori tools - Application Modeler
'Migration start watching **/manifest.json'
19:03:08 [INFO] - manifest.json watched in 0.530ms
19:03:08 [INFO] - ...migration module activated in 160.169ms
19:03:08 [INFO] - activation sequence for Fiori tools - Application Modeler done in 384.902ms
19:06:36 [INFO] - Searching for projects in these workspace folders: 
[ '/home/user/projects/HC_OFFICE_SUPLLIES' ]
