[1686769383139] INFO  (ext): SQLTools is starting
[1686769383145] INFO  (ext): initializing language client...
[1686769383282] INFO  (ext): Registering client for languages [{"scheme":"sqltools"},{"language":"sql","scheme":"untitled"},{"language":"sql","scheme":"file"},{"language":"sql","scheme":"sqltools"}]
    ns: "lc"
[1686769383290] INFO  (ext): loading plugins...
[1686769383291] INFO  (ext): registering Formatter Plugin.
    plugin: {
      "name": "Formatter Plugin"
    }
[1686769383291] INFO  (ext): registering Connection Manager Plugin.
    plugin: {
      "name": "Connection Manager Plugin"
    }
[1686769383291] INFO  (ext): registering CodeLens Plugin.
    plugin: {
      "name": "CodeLens Plugin",
      "registeredLanguages": []
    }
[1686769383293] INFO  (ext): registering Dependency Manager Plugin.
    plugin: {
      "name": "Dependency Manager Plugin",
      "installingDrivers": []
    }
[1686769383295] INFO  (ext): Connection explorer changed. Will be updated.
    ns: "conn-man:explorer"
[1686769383295] INFO  (ext): registering History Manager Plugin.
    plugin: {
      "name": "History Manager Plugin"
    }
[1686769383296] INFO  (ext): registering Bookmarks Manager Plugin.
    plugin: {
      "name": "Bookmarks Manager Plugin"
    }
[1686769383299] INFO  (ext): SQLTools activation completed. 160.12167 ms
[1686769383330] INFO  (ext): Formatter Plugin registered!
[1686769383330] INFO  (ext): CodeLens Plugin registered!
[1686769383331] INFO  (ext): Dependency Manager Plugin registered!
[1686769383331] INFO  (ext): Connection Manager Plugin registered!
[1686769383331] INFO  (ext): History Manager Plugin registered!
[1686769383331] INFO  (ext): Bookmarks Manager Plugin registered!
[1686769383686] INFO  (ls): SQLTools Server started!
===============================
Using node runtime?: yes
ExecPath: /opt/nodejs/node-v16.11.1-linux-x64/bin/node v16.11.1
===============================
[1686769383691] INFO  (ls): User defined env vars
===============================
{"PATH":"/usr/local/sbin:/usr/local/bin:/usr/sbin:/usr/bin:/sbin:/bin:/home/user/.node_modules_global/bin"}
===============================:
[1686769383702] INFO  (ext): LanguageClient ready
    ns: "lc"
[1686769383699] INFO  (ls): Initialized with node version:v16.11.1
[1686769384385] INFO  (ext): EXECUTING COMMAND => sqltools.refreshTree
[1686769384385] INFO  (ext): Connection explorer changed. Will be updated.
    ns: "conn-man:explorer"
[1686769385878] INFO  (ext): Connection explorer changed. Will be updated.
    ns: "conn-man:explorer"
[1686769388264] INFO  (ext): registering SQLite Plugin (driver).
    plugin: {
      "extensionId": "mtxr.sqltools-driver-sqlite",
      "name": "SQLite Plugin",
      "type": "driver"
    }
[1686769388266] INFO  (ls): REQUEST RECEIVED => ls/RegisterPlugin
[1686769388267] INFO  (ls): request to register plugin: "/extbin/local/openvscode-server/extensions/sqltools-driver-sqlite-0.4.0/out/ls/plugin.js"
[1686769388310] INFO  (ls): Driver sqlite registered!
    place: "driver-map"
    ns: "ls-context"
[1686769388442] INFO  (ext): SQLite Plugin (driver) registered!
[1686769389424] INFO  (ext): Connection explorer changed. Will be updated.
    ns: "conn-man:explorer"
[1686769389426] INFO  (ext): Connection explorer changed. Will be updated.
    ns: "conn-man:explorer"
[1686769389494] INFO  (ext): EXECUTING COMMAND => sqltools.refreshTree
[1686769389494] INFO  (ext): Connection explorer changed. Will be updated.
    ns: "conn-man:explorer"
[1686769594276] INFO  (ext): Connection explorer changed. Will be updated.
    ns: "conn-man:explorer"
