[1688738055080] INFO  (ext): SQLTools is starting
[1688738055085] INFO  (ext): initializing language client...
[1688738055087] INFO  (ext): Registering client for languages [{"scheme":"sqltools"},{"language":"sql","scheme":"untitled"},{"language":"sql","scheme":"file"},{"language":"sql","scheme":"sqltools"}]
    ns: "lc"
[1688738055093] INFO  (ext): loading plugins...
[1688738055093] INFO  (ext): registering Formatter Plugin.
    plugin: {
      "name": "Formatter Plugin"
    }
[1688738055094] INFO  (ext): registering Connection Manager Plugin.
    plugin: {
      "name": "Connection Manager Plugin"
    }
[1688738055094] INFO  (ext): registering CodeLens Plugin.
    plugin: {
      "name": "CodeLens Plugin",
      "registeredLanguages": []
    }
[1688738055095] INFO  (ext): registering Dependency Manager Plugin.
    plugin: {
      "name": "Dependency Manager Plugin",
      "installingDrivers": []
    }
[1688738055097] INFO  (ext): Connection explorer changed. Will be updated.
    ns: "conn-man:explorer"
[1688738055098] INFO  (ext): registering History Manager Plugin.
    plugin: {
      "name": "History Manager Plugin"
    }
[1688738055098] INFO  (ext): registering Bookmarks Manager Plugin.
    plugin: {
      "name": "Bookmarks Manager Plugin"
    }
[1688738055100] INFO  (ext): SQLTools activation completed. 19.804232 ms
[1688738055100] INFO  (ext): Formatter Plugin registered!
[1688738055100] INFO  (ext): CodeLens Plugin registered!
[1688738055100] INFO  (ext): Dependency Manager Plugin registered!
[1688738055100] INFO  (ext): Connection Manager Plugin registered!
[1688738055100] INFO  (ext): History Manager Plugin registered!
[1688738055100] INFO  (ext): Bookmarks Manager Plugin registered!
[1688738055268] INFO  (ls): SQLTools Server started!
===============================
Using node runtime?: yes
ExecPath: /opt/nodejs/node-v16.19.1-linux-x64/bin/node v16.19.1
===============================
[1688738055275] INFO  (ls): User defined env vars
===============================
{"PATH":"/usr/local/sbin:/usr/local/bin:/usr/sbin:/usr/bin:/sbin:/bin:/home/user/.node_modules_global/bin"}
===============================:
[1688738055316] INFO  (ext): LanguageClient ready
    ns: "lc"
[1688738055313] INFO  (ls): Initialized with node version:v16.19.1
[1688738056101] INFO  (ext): EXECUTING COMMAND => sqltools.refreshTree
[1688738056101] INFO  (ext): Connection explorer changed. Will be updated.
    ns: "conn-man:explorer"
[1688738057109] INFO  (ext): Connection explorer changed. Will be updated.
    ns: "conn-man:explorer"
[1688738059498] INFO  (ext): registering SQLite Plugin (driver).
    plugin: {
      "extensionId": "mtxr.sqltools-driver-sqlite",
      "name": "SQLite Plugin",
      "type": "driver"
    }
[1688738059499] INFO  (ls): REQUEST RECEIVED => ls/RegisterPlugin
[1688738059500] INFO  (ls): request to register plugin: "/extbin/local/openvscode-server/extensions/sqltools-driver-sqlite-0.4.0/out/ls/plugin.js"
[1688738059535] INFO  (ls): Driver sqlite registered!
    place: "driver-map"
    ns: "ls-context"
[1688738059642] INFO  (ext): SQLite Plugin (driver) registered!
[1688738060732] INFO  (ext): EXECUTING COMMAND => sqltools.refreshTree
[1688738060732] INFO  (ext): Connection explorer changed. Will be updated.
    ns: "conn-man:explorer"
[1688738100878] INFO  (ext): Connection explorer changed. Will be updated.
    ns: "conn-man:explorer"
[1688738110390] INFO  (ext): Connection explorer changed. Will be updated.
    ns: "conn-man:explorer"
[1688738113822] INFO  (ext): Connection explorer changed. Will be updated.
    ns: "conn-man:explorer"
[1688738115474] INFO  (ext): Connection explorer changed. Will be updated.
    ns: "conn-man:explorer"
[1688738130472] INFO  (ext): Connection explorer changed. Will be updated.
    ns: "conn-man:explorer"
[1688738806515] INFO  (ext): Connection explorer changed. Will be updated.
    ns: "conn-man:explorer"
[1688738946227] INFO  (ext): Connection explorer changed. Will be updated.
    ns: "conn-man:explorer"
[1688739317825] INFO  (ext): Connection explorer changed. Will be updated.
    ns: "conn-man:explorer"
[1688739971944] INFO  (ext): Connection explorer changed. Will be updated.
    ns: "conn-man:explorer"
