[1689709021604] INFO  (ext): SQLTools is starting
[1689709021608] INFO  (ext): initializing language client...
[1689709021612] INFO  (ext): Registering client for languages [{"scheme":"sqltools"},{"language":"sql","scheme":"untitled"},{"language":"sql","scheme":"file"},{"language":"sql","scheme":"sqltools"}]
    ns: "lc"
[1689709021617] INFO  (ext): loading plugins...
[1689709021618] INFO  (ext): registering Formatter Plugin.
    plugin: {
      "name": "Formatter Plugin"
    }
[1689709021618] INFO  (ext): registering Connection Manager Plugin.
    plugin: {
      "name": "Connection Manager Plugin"
    }
[1689709021618] INFO  (ext): registering CodeLens Plugin.
    plugin: {
      "name": "CodeLens Plugin",
      "registeredLanguages": []
    }
[1689709021619] INFO  (ext): registering Dependency Manager Plugin.
    plugin: {
      "name": "Dependency Manager Plugin",
      "installingDrivers": []
    }
[1689709021620] INFO  (ext): Connection explorer changed. Will be updated.
    ns: "conn-man:explorer"
[1689709021621] INFO  (ext): registering History Manager Plugin.
    plugin: {
      "name": "History Manager Plugin"
    }
[1689709021621] INFO  (ext): registering Bookmarks Manager Plugin.
    plugin: {
      "name": "Bookmarks Manager Plugin"
    }
[1689709021624] INFO  (ext): SQLTools activation completed. 19.825574 ms
[1689709021624] INFO  (ext): Formatter Plugin registered!
[1689709021624] INFO  (ext): CodeLens Plugin registered!
[1689709021624] INFO  (ext): Dependency Manager Plugin registered!
[1689709021624] INFO  (ext): Connection Manager Plugin registered!
[1689709021624] INFO  (ext): History Manager Plugin registered!
[1689709021624] INFO  (ext): Bookmarks Manager Plugin registered!
[1689709021816] INFO  (ls): SQLTools Server started!
===============================
Using node runtime?: yes
ExecPath: /opt/nodejs/node-v16.19.1-linux-x64/bin/node v16.19.1
===============================
[1689709021820] INFO  (ls): User defined env vars
===============================
{"PATH":"/usr/local/sbin:/usr/local/bin:/usr/sbin:/usr/bin:/sbin:/bin:/home/user/.node_modules_global/bin"}
===============================:
[1689709021911] INFO  (ext): LanguageClient ready
    ns: "lc"
[1689709021908] INFO  (ls): Initialized with node version:v16.19.1
[1689709022794] INFO  (ext): EXECUTING COMMAND => sqltools.refreshTree
[1689709022795] INFO  (ext): Connection explorer changed. Will be updated.
    ns: "conn-man:explorer"
[1689709023623] INFO  (ext): Connection explorer changed. Will be updated.
    ns: "conn-man:explorer"
[1689709024240] INFO  (ext): registering SQLite Plugin (driver).
    plugin: {
      "extensionId": "mtxr.sqltools-driver-sqlite",
      "name": "SQLite Plugin",
      "type": "driver"
    }
[1689709024241] INFO  (ls): REQUEST RECEIVED => ls/RegisterPlugin
[1689709024241] INFO  (ls): request to register plugin: "/extbin/local/openvscode-server/extensions/sqltools-driver-sqlite-0.4.0/out/ls/plugin.js"
[1689709024271] INFO  (ls): Driver sqlite registered!
    place: "driver-map"
    ns: "ls-context"
[1689709024292] INFO  (ext): SQLite Plugin (driver) registered!
[1689709025320] INFO  (ext): EXECUTING COMMAND => sqltools.refreshTree
[1689709025320] INFO  (ext): Connection explorer changed. Will be updated.
    ns: "conn-man:explorer"
[1689709131159] INFO  (ext): Connection explorer changed. Will be updated.
    ns: "conn-man:explorer"
